#
# There is insufficient memory for the Java Runtime Environment to continue.
# Native memory allocation (malloc) failed to allocate 92798976 bytes for committing reserved memory.
# Possible reasons:
#   The system is out of physical RAM or swap space
#   In 32 bit mode, the process size limit was hit
# Possible solutions:
#   Reduce memory load on the system
#   Increase physical memory or swap space
#   Check if swap backing store is full
#   Use 64 bit Java on a 64 bit OS
#   Decrease Java heap size (-Xmx/-Xms)
#   Decrease number of Java threads
#   Decrease Java thread stack sizes (-Xss)
#   Set larger code cache with -XX:ReservedCodeCacheSize=
# This output file may be truncated or incomplete.
#
#  Out of Memory Error (os_linux.cpp:2756), pid=14153, tid=139885939185408
#
# JRE version: Java(TM) SE Runtime Environment (7.0_80-b15) (build 1.7.0_80-b15)
# Java VM: Java HotSpot(TM) 64-Bit Server VM (24.80-b11 mixed mode linux-amd64 compressed oops)
# Failed to write core dump. Core dumps have been disabled. To enable core dumping, try "ulimit -c unlimited" before starting Java again
#

---------------  T H R E A D  ---------------

Current thread (0x00007f39c0131800):  VMThread [stack: 0x00007f39bba6d000,0x00007f39bbb6e000] [id=14159]

Stack: [0x00007f39bba6d000,0x00007f39bbb6e000],  sp=0x00007f39bbb6c120,  free space=1020k
Native frames: (J=compiled Java code, j=interpreted, Vv=VM code, C=native code)
V  [libjvm.so+0x9a320a]  VMError::report_and_die()+0x2ea
V  [libjvm.so+0x498d3b]  report_vm_out_of_memory(char const*, int, unsigned long, char const*)+0x9b
V  [libjvm.so+0x82191e]  os::Linux::commit_memory_impl(char*, unsigned long, bool)+0xfe
V  [libjvm.so+0x821e69]  os::pd_commit_memory(char*, unsigned long, unsigned long, bool)+0x29
V  [libjvm.so+0x81bb6a]  os::commit_memory(char*, unsigned long, unsigned long, bool)+0x2a
V  [libjvm.so+0x88d623]  PSVirtualSpace::expand_by(unsigned long)+0x53
V  [libjvm.so+0x87ca80]  PSOldGen::expand(unsigned long)+0x170
V  [libjvm.so+0x87cc8b]  PSOldGen::resize(unsigned long)+0x1cb
V  [libjvm.so+0x885951]  PSParallelCompact::invoke_no_policy(bool)+0x9b1
V  [libjvm.so+0x88b8cd]  PSScavenge::invoke()+0x1ad
V  [libjvm.so+0x843f40]  ParallelScavengeHeap::failed_mem_allocate(unsigned long)+0x70
V  [libjvm.so+0x9a4a97]  VM_ParallelGCFailedAllocation::doit()+0x97
V  [libjvm.so+0x9abf35]  VM_Operation::evaluate()+0x55
V  [libjvm.so+0x9aa2fa]  VMThread::evaluate_operation(VM_Operation*)+0xba
V  [libjvm.so+0x9aa67e]  VMThread::loop()+0x1ce
V  [libjvm.so+0x9aaaf0]  VMThread::run()+0x70
V  [libjvm.so+0x8238c8]  java_start(Thread*)+0x108

VM_Operation (0x00007f39ba56d000): ParallelGCFailedAllocation, mode: safepoint, requested by thread 0x00007f39c022c800


---------------  P R O C E S S  ---------------

Java Threads: ( => current thread )
  0x00007f39c022d800 JavaThread "pool-2-thread-1" [_thread_blocked, id=14168, stack(0x00007f39ba36d000,0x00007f39ba46e000)]
  0x00007f39c022c800 JavaThread "pool-1-thread-1" [_thread_blocked, id=14167, stack(0x00007f39ba46e000,0x00007f39ba56f000)]
  0x00007f39c0167800 JavaThread "Service Thread" daemon [_thread_blocked, id=14165, stack(0x00007f39baa98000,0x00007f39bab99000)]
  0x00007f39c0165800 JavaThread "C2 CompilerThread1" daemon [_thread_blocked, id=14164, stack(0x00007f39bab99000,0x00007f39bac9a000)]
  0x00007f39c0162800 JavaThread "C2 CompilerThread0" daemon [_thread_blocked, id=14163, stack(0x00007f39bac9a000,0x00007f39bad9b000)]
  0x00007f39c0160000 JavaThread "Signal Dispatcher" daemon [_thread_blocked, id=14162, stack(0x00007f39bad9b000,0x00007f39bae9c000)]
  0x00007f39c0138000 JavaThread "Finalizer" daemon [_thread_blocked, id=14161, stack(0x00007f39bb86b000,0x00007f39bb96c000)]
  0x00007f39c0136000 JavaThread "Reference Handler" daemon [_thread_blocked, id=14160, stack(0x00007f39bb96c000,0x00007f39bba6d000)]
  0x00007f39c000a800 JavaThread "main" [_thread_blocked, id=14154, stack(0x00007f39c845d000,0x00007f39c855e000)]

Other Threads:
=>0x00007f39c0131800 VMThread [stack: 0x00007f39bba6d000,0x00007f39bbb6e000] [id=14159]
  0x00007f39c0172800 WatcherThread [stack: 0x00007f39ba997000,0x00007f39baa98000] [id=14166]

VM state:at safepoint (normal execution)

VM Mutex/Monitor currently owned by a thread:  ([mutex/lock_event])
[0x00007f39c0006950] ExpandHeap_lock - owner thread: 0x00007f39c0131800
[0x00007f39c0006fd0] Threads_lock - owner thread: 0x00007f39c0131800
[0x00007f39c00074d0] Heap_lock - owner thread: 0x00007f39c022c800

Heap
 PSYoungGen      total 121344K, used 0K [0x00000000f5500000, 0x0000000100000000, 0x0000000100000000)
  eden space 73728K, 0% used [0x00000000f5500000,0x00000000f5500000,0x00000000f9d00000)
  from space 47616K, 0% used [0x00000000f9d00000,0x00000000f9d00000,0x00000000fcb80000)
  to   space 46592K, 0% used [0x00000000fd280000,0x00000000fd280000,0x0000000100000000)
 ParOldGen       total 224768K, used 222635K [0x00000000e0000000, 0x00000000edb80000, 0x00000000f5500000)
  object space 224768K, 99% used [0x00000000e0000000,0x00000000ed96ac48,0x00000000edb80000)
 PSPermGen       total 21504K, used 6084K [0x00000000dae00000, 0x00000000dc300000, 0x00000000e0000000)
  object space 21504K, 28% used [0x00000000dae00000,0x00000000db3f13a0,0x00000000dc300000)

Card table byte_map: [0x00007f39c561d000,0x00007f39c5747000] byte_map_base: 0x00007f39c4f46000

Polling page: 0x00007f39c8577000

Code Cache  [0x00007f39bd000000, 0x00007f39bd3e0000, 0x00007f39c0000000)
 total_blobs=1276 nmethods=1046 adapters=183 free_code_cache=45376Kb largest_free_block=46303360

Compilation events (10 events):
Event: 11,540 Thread 0x00007f39c0165800 1110             java.util.ArrayList$SubList::rangeCheck (26 bytes)
Event: 11,540 Thread 0x00007f39c0165800 nmethod 1110 0x00007f39bd39fe50 code [0x00007f39bd39ffa0, 0x00007f39bd3a0038]
Event: 11,540 Thread 0x00007f39c0165800 1111             com.android.dx.ssa.SCCP::simulateBranch (666 bytes)
Event: 11,556 Thread 0x00007f39c0165800 nmethod 1111 0x00007f39bd38a150 code [0x00007f39bd38a3e0, 0x00007f39bd38af20]
Event: 11,557 Thread 0x00007f39c0165800 1112             java.util.ArrayList$SubList::get (23 bytes)
Event: 11,559 Thread 0x00007f39c0165800 nmethod 1112 0x00007f39bd13b8d0 code [0x00007f39bd13ba20, 0x00007f39bd13bb38]
Event: 11,575 Thread 0x00007f39c0165800 1113             sun.util.calendar.CalendarDate::isNormalized (5 bytes)
Event: 11,576 Thread 0x00007f39c0165800 nmethod 1113 0x00007f39bd31cb90 code [0x00007f39bd31ccc0, 0x00007f39bd31cd18]
Event: 11,595 Thread 0x00007f39c0165800 1114             java.util.zip.Inflater::ensureOpen (47 bytes)
Event: 11,596 Thread 0x00007f39c0165800 nmethod 1114 0x00007f39bd0ed950 code [0x00007f39bd0edaa0, 0x00007f39bd0edb38]

GC Heap History (10 events):
Event: 10,733 GC heap after
Heap after GC invocations=22 (full 3):
 PSYoungGen      total 118272K, used 21546K [0x00000000f5500000, 0x0000000100000000, 0x0000000100000000)
  eden space 61440K, 0% used [0x00000000f5500000,0x00000000f5500000,0x00000000f9100000)
  from space 56832K, 37% used [0x00000000f9100000,0x00000000fa60ab70,0x00000000fc880000)
  to   space 53760K, 0% used [0x00000000fcb80000,0x00000000fcb80000,0x0000000100000000)
 ParOldGen       total 224768K, used 163370K [0x00000000e0000000, 0x00000000edb80000, 0x00000000f5500000)
  object space 224768K, 72% used [0x00000000e0000000,0x00000000e9f8a928,0x00000000edb80000)
 PSPermGen       total 21504K, used 6072K [0x00000000dae00000, 0x00000000dc300000, 0x00000000e0000000)
  object space 21504K, 28% used [0x00000000dae00000,0x00000000db3ee000,0x00000000dc300000)
}
Event: 10,890 GC heap before
{Heap before GC invocations=23 (full 3):
 PSYoungGen      total 118272K, used 82986K [0x00000000f5500000, 0x0000000100000000, 0x0000000100000000)
  eden space 61440K, 100% used [0x00000000f5500000,0x00000000f9100000,0x00000000f9100000)
  from space 56832K, 37% used [0x00000000f9100000,0x00000000fa60ab70,0x00000000fc880000)
  to   space 53760K, 0% used [0x00000000fcb80000,0x00000000fcb80000,0x0000000100000000)
 ParOldGen       total 224768K, used 163370K [0x00000000e0000000, 0x00000000edb80000, 0x00000000f5500000)
  object space 224768K, 72% used [0x00000000e0000000,0x00000000e9f8a928,0x00000000edb80000)
 PSPermGen       total 21504K, used 6072K [0x00000000dae00000, 0x00000000dc300000, 0x00000000e0000000)
  object space 21504K, 28% used [0x00000000dae00000,0x00000000db3ee2c8,0x00000000dc300000)
Event: 10,933 GC heap after
Heap after GC invocations=23 (full 3):
 PSYoungGen      total 111104K, used 18457K [0x00000000f5500000, 0x00000000ff900000, 0x0000000100000000)
  eden space 64512K, 0% used [0x00000000f5500000,0x00000000f5500000,0x00000000f9400000)
  from space 46592K, 39% used [0x00000000fcb80000,0x00000000fdd86690,0x00000000ff900000)
  to   space 51712K, 0% used [0x00000000f9400000,0x00000000f9400000,0x00000000fc680000)
 ParOldGen       total 224768K, used 175211K [0x00000000e0000000, 0x00000000edb80000, 0x00000000f5500000)
  object space 224768K, 77% used [0x00000000e0000000,0x00000000eab1afe8,0x00000000edb80000)
 PSPermGen       total 21504K, used 6072K [0x00000000dae00000, 0x00000000dc300000, 0x00000000e0000000)
  object space 21504K, 28% used [0x00000000dae00000,0x00000000db3ee2c8,0x00000000dc300000)
}
Event: 11,073 GC heap before
{Heap before GC invocations=24 (full 3):
 PSYoungGen      total 111104K, used 82969K [0x00000000f5500000, 0x00000000ff900000, 0x0000000100000000)
  eden space 64512K, 100% used [0x00000000f5500000,0x00000000f9400000,0x00000000f9400000)
  from space 46592K, 39% used [0x00000000fcb80000,0x00000000fdd86690,0x00000000ff900000)
  to   space 51712K, 0% used [0x00000000f9400000,0x00000000f9400000,0x00000000fc680000)
 ParOldGen       total 224768K, used 175211K [0x00000000e0000000, 0x00000000edb80000, 0x00000000f5500000)
  object space 224768K, 77% used [0x00000000e0000000,0x00000000eab1afe8,0x00000000edb80000)
 PSPermGen       total 21504K, used 6075K [0x00000000dae00000, 0x00000000dc300000, 0x00000000e0000000)
  object space 21504K, 28% used [0x00000000dae00000,0x00000000db3eee88,0x00000000dc300000)
Event: 11,107 GC heap after
Heap after GC invocations=24 (full 3):
 PSYoungGen      total 116224K, used 19228K [0x00000000f5500000, 0x0000000100000000, 0x0000000100000000)
  eden space 64512K, 0% used [0x00000000f5500000,0x00000000f5500000,0x00000000f9400000)
  from space 51712K, 37% used [0x00000000f9400000,0x00000000fa6c7340,0x00000000fc680000)
  to   space 49664K, 0% used [0x00000000fcf80000,0x00000000fcf80000,0x0000000100000000)
 ParOldGen       total 224768K, used 184553K [0x00000000e0000000, 0x00000000edb80000, 0x00000000f5500000)
  object space 224768K, 82% used [0x00000000e0000000,0x00000000eb43a598,0x00000000edb80000)
 PSPermGen       total 21504K, used 6075K [0x00000000dae00000, 0x00000000dc300000, 0x00000000e0000000)
  object space 21504K, 28% used [0x00000000dae00000,0x00000000db3eee88,0x00000000dc300000)
}
Event: 11,255 GC heap before
{Heap before GC invocations=25 (full 3):
 PSYoungGen      total 116224K, used 83740K [0x00000000f5500000, 0x0000000100000000, 0x0000000100000000)
  eden space 64512K, 100% used [0x00000000f5500000,0x00000000f9400000,0x00000000f9400000)
  from space 51712K, 37% used [0x00000000f9400000,0x00000000fa6c7340,0x00000000fc680000)
  to   space 49664K, 0% used [0x00000000fcf80000,0x00000000fcf80000,0x0000000100000000)
 ParOldGen       total 224768K, used 184553K [0x00000000e0000000, 0x00000000edb80000, 0x00000000f5500000)
  object space 224768K, 82% used [0x00000000e0000000,0x00000000eb43a598,0x00000000edb80000)
 PSPermGen       total 21504K, used 6079K [0x00000000dae00000, 0x00000000dc300000, 0x00000000e0000000)
  object space 21504K, 28% used [0x00000000dae00000,0x00000000db3efd20,0x00000000dc300000)
Event: 11,491 GC heap after
Heap after GC invocations=25 (full 3):
 PSYoungGen      total 117248K, used 19662K [0x00000000f5500000, 0x00000000ffa00000, 0x0000000100000000)
  eden space 73728K, 0% used [0x00000000f5500000,0x00000000f5500000,0x00000000f9d00000)
  from space 43520K, 45% used [0x00000000fcf80000,0x00000000fe2b3a40,0x00000000ffa00000)
  to   space 47616K, 0% used [0x00000000f9d00000,0x00000000f9d00000,0x00000000fcb80000)
 ParOldGen       total 224768K, used 193343K [0x00000000e0000000, 0x00000000edb80000, 0x00000000f5500000)
  object space 224768K, 86% used [0x00000000e0000000,0x00000000ebccfea8,0x00000000edb80000)
 PSPermGen       total 21504K, used 6079K [0x00000000dae00000, 0x00000000dc300000, 0x00000000e0000000)
  object space 21504K, 28% used [0x00000000dae00000,0x00000000db3efd20,0x00000000dc300000)
}
Event: 11,658 GC heap before
{Heap before GC invocations=26 (full 3):
 PSYoungGen      total 117248K, used 93390K [0x00000000f5500000, 0x00000000ffa00000, 0x0000000100000000)
  eden space 73728K, 100% used [0x00000000f5500000,0x00000000f9d00000,0x00000000f9d00000)
  from space 43520K, 45% used [0x00000000fcf80000,0x00000000fe2b3a40,0x00000000ffa00000)
  to   space 47616K, 0% used [0x00000000f9d00000,0x00000000f9d00000,0x00000000fcb80000)
 ParOldGen       total 224768K, used 193343K [0x00000000e0000000, 0x00000000edb80000, 0x00000000f5500000)
  object space 224768K, 86% used [0x00000000e0000000,0x00000000ebccfea8,0x00000000edb80000)
 PSPermGen       total 21504K, used 6085K [0x00000000dae00000, 0x00000000dc300000, 0x00000000e0000000)
  object space 21504K, 28% used [0x00000000dae00000,0x00000000db3f1480,0x00000000dc300000)
Event: 12,072 GC heap after
Heap after GC invocations=26 (full 3):
 PSYoungGen      total 121344K, used 11174K [0x00000000f5500000, 0x0000000100000000, 0x0000000100000000)
  eden space 73728K, 0% used [0x00000000f5500000,0x00000000f5500000,0x00000000f9d00000)
  from space 47616K, 23% used [0x00000000f9d00000,0x00000000fa7e9968,0x00000000fcb80000)
  to   space 46592K, 0% used [0x00000000fd280000,0x00000000fd280000,0x0000000100000000)
 ParOldGen       total 224768K, used 212372K [0x00000000e0000000, 0x00000000edb80000, 0x00000000f5500000)
  object space 224768K, 94% used [0x00000000e0000000,0x00000000ecf65138,0x00000000edb80000)
 PSPermGen       total 21504K, used 6085K [0x00000000dae00000, 0x00000000dc300000, 0x00000000e0000000)
  object space 21504K, 28% used [0x00000000dae00000,0x00000000db3f1480,0x00000000dc300000)
}
Event: 12,072 GC heap before
{Heap before GC invocations=27 (full 4):
 PSYoungGen      total 121344K, used 11174K [0x00000000f5500000, 0x0000000100000000, 0x0000000100000000)
  eden space 73728K, 0% used [0x00000000f5500000,0x00000000f5500000,0x00000000f9d00000)
  from space 47616K, 23% used [0x00000000f9d00000,0x00000000fa7e9968,0x00000000fcb80000)
  to   space 46592K, 0% used [0x00000000fd280000,0x00000000fd280000,0x0000000100000000)
 ParOldGen       total 224768K, used 212372K [0x00000000e0000000, 0x00000000edb80000, 0x00000000f5500000)
  object space 224768K, 94% used [0x00000000e0000000,0x00000000ecf65138,0x00000000edb80000)
 PSPermGen       total 21504K, used 6085K [0x00000000dae00000, 0x00000000dc300000, 0x00000000e0000000)
  object space 21504K, 28% used [0x00000000dae00000,0x00000000db3f1480,0x00000000dc300000)

Deoptimization events (10 events):
Event: 10,567 Thread 0x00007f39c000a800 Uncommon trap: reason=null_check action=make_not_entrant pc=0x00007f39bd3a34f4 method=com.android.dx.cf.direct.StdAttributeFactory.enclosingMethod(Lcom/android/dx/cf/direct/DirectClassFile;IILcom/android/dx/cf/iface/ParseObserver;)Lcom/android/dx/cf/iface
Event: 10,575 Thread 0x00007f39c000a800 Uncommon trap: reason=unstable_if action=reinterpret pc=0x00007f39bd332758 method=com.android.dx.cf.code.Ropper.processBlock(Lcom/android/dx/cf/code/ByteBlock;Lcom/android/dx/cf/code/Frame;[I)V @ 651
Event: 10,738 Thread 0x00007f39c000a800 Uncommon trap: reason=bimorphic action=maybe_recompile pc=0x00007f39bd39248c method=com.android.dx.cf.code.BytecodeArray.parseInstruction(ILcom/android/dx/cf/code/BytecodeArray$Visitor;)I @ 1417
Event: 10,738 Thread 0x00007f39c000a800 Uncommon trap: reason=bimorphic action=maybe_recompile pc=0x00007f39bd39248c method=com.android.dx.cf.code.BytecodeArray.parseInstruction(ILcom/android/dx/cf/code/BytecodeArray$Visitor;)I @ 1417
Event: 10,789 Thread 0x00007f39c000a800 Uncommon trap: reason=unstable_if action=reinterpret pc=0x00007f39bd278cbc method=com.android.dx.cf.code.Simulator$SimVisitor.visitLocal(IIIILcom/android/dx/rop/type/Type;I)V @ 222
Event: 11,056 Thread 0x00007f39c000a800 Uncommon trap: reason=class_check action=maybe_recompile pc=0x00007f39bd2b1958 method=com.android.dx.ssa.SCCP.simulateBranch(Lcom/android/dx/ssa/SsaInsn;)V @ 145
Event: 11,221 Thread 0x00007f39c022c800 Uncommon trap: reason=bimorphic action=maybe_recompile pc=0x00007f39bd3b5260 method=com.android.dx.cf.code.BytecodeArray.parseInstruction(ILcom/android/dx/cf/code/BytecodeArray$Visitor;)I @ 1597
Event: 11,221 Thread 0x00007f39c022c800 Uncommon trap: reason=bimorphic action=maybe_recompile pc=0x00007f39bd3b5260 method=com.android.dx.cf.code.BytecodeArray.parseInstruction(ILcom/android/dx/cf/code/BytecodeArray$Visitor;)I @ 1597
Event: 11,496 Thread 0x00007f39c000a800 Uncommon trap: reason=class_check action=maybe_recompile pc=0x00007f39bd2b1958 method=com.android.dx.ssa.SCCP.simulateBranch(Lcom/android/dx/ssa/SsaInsn;)V @ 145
Event: 11,496 Thread 0x00007f39c000a800 Uncommon trap: reason=class_check action=maybe_recompile pc=0x00007f39bd2b1958 method=com.android.dx.ssa.SCCP.simulateBranch(Lcom/android/dx/ssa/SsaInsn;)V @ 145

Internal exceptions (10 events):
Event: 3,829 Thread 0x00007f39c000a800 Threw 0x00000000f639ed38 at /HUDSON/workspace/7u-2-build-linux-amd64/jdk7u80/2329/hotspot/src/share/vm/prims/jvm.cpp:1319
Event: 3,901 Thread 0x00007f39c022c800 Implicit null exception at 0x00007f39bd17c230 to 0x00007f39bd17d63d
Event: 3,901 Thread 0x00007f39c022c800 Implicit null exception at 0x00007f39bd15172b to 0x00007f39bd151995
Event: 3,957 Thread 0x00007f39c022c800 Implicit null exception at 0x00007f39bd0e687c to 0x00007f39bd0e6991
Event: 5,195 Thread 0x00007f39c000a800 Implicit null exception at 0x00007f39bd2b1c15 to 0x00007f39bd2b319d
Event: 6,179 Thread 0x00007f39c000a800 Implicit null exception at 0x00007f39bd3014a9 to 0x00007f39bd303e35
Event: 8,350 Thread 0x00007f39c000a800 Threw 0x00000000f81534b0 at /HUDSON/workspace/7u-2-build-linux-amd64/jdk7u80/2329/hotspot/src/share/vm/prims/jvm.cpp:1319
Event: 8,582 Thread 0x00007f39c000a800 Threw 0x00000000f769b260 at /HUDSON/workspace/7u-2-build-linux-amd64/jdk7u80/2329/hotspot/src/share/vm/prims/jvm.cpp:1319
Event: 10,567 Thread 0x00007f39c000a800 Implicit null exception at 0x00007f39bd3a2b2b to 0x00007f39bd3a34e9
Event: 10,789 Thread 0x00007f39c000a800 Implicit null exception at 0x00007f39bd2780b5 to 0x00007f39bd278c99

Events (10 events):
Event: 11,249 Executing VM operation: ParallelGCFailedAllocation
Event: 11,491 Executing VM operation: ParallelGCFailedAllocation done
Event: 11,496 Thread 0x00007f39c000a800 Uncommon trap: trap_request=0xffffffde fr.pc=0x00007f39bd2b1958
Event: 11,496 Thread 0x00007f39c000a800 DEOPT PACKING pc=0x00007f39bd2b1958 sp=0x00007f39c855ba70
Event: 11,496 Thread 0x00007f39c000a800 DEOPT UNPACKING pc=0x00007f39bd039445 sp=0x00007f39c855b9f8 mode 2
Event: 11,496 Thread 0x00007f39c000a800 Uncommon trap: trap_request=0xffffffde fr.pc=0x00007f39bd2b1958
Event: 11,496 Thread 0x00007f39c000a800 DEOPT PACKING pc=0x00007f39bd2b1958 sp=0x00007f39c855ba70
Event: 11,496 Thread 0x00007f39c000a800 DEOPT UNPACKING pc=0x00007f39bd039445 sp=0x00007f39c855b9f8 mode 2
Event: 11,540 Thread 0x00007f39c0165800 flushing nmethod 0x00007f39bd2e9450
Event: 11,657 Executing VM operation: ParallelGCFailedAllocation


Dynamic libraries:
00400000-00401000 r-xp 00000000 08:01 186172                             /usr/lib/jvm/java-7-oracle/bin/java
00600000-00601000 rw-p 00000000 08:01 186172                             /usr/lib/jvm/java-7-oracle/bin/java
0226a000-0228b000 rw-p 00000000 00:00 0                                  [heap]
dae00000-dc300000 rw-p 00000000 00:00 0 
dc300000-e0000000 rw-p 00000000 00:00 0 
e0000000-edb80000 rw-p 00000000 00:00 0 
f3400000-f5500000 rw-p 00000000 00:00 0 
f5500000-100000000 rw-p 00000000 00:00 0 
7f3974000000-7f3974021000 rw-p 00000000 00:00 0 
7f3974021000-7f3978000000 ---p 00000000 00:00 0 
7f397c000000-7f397c021000 rw-p 00000000 00:00 0 
7f397c021000-7f3980000000 ---p 00000000 00:00 0 
7f3980000000-7f3980050000 rw-p 00000000 00:00 0 
7f3980050000-7f3984000000 ---p 00000000 00:00 0 
7f3984000000-7f39858fc000 rw-p 00000000 00:00 0 
7f39858fc000-7f3988000000 ---p 00000000 00:00 0 
7f3988000000-7f3988021000 rw-p 00000000 00:00 0 
7f3988021000-7f398c000000 ---p 00000000 00:00 0 
7f398c000000-7f398c021000 rw-p 00000000 00:00 0 
7f398c021000-7f3990000000 ---p 00000000 00:00 0 
7f3990000000-7f3991c7b000 rw-p 00000000 00:00 0 
7f3991c7b000-7f3994000000 ---p 00000000 00:00 0 
7f3994000000-7f3994021000 rw-p 00000000 00:00 0 
7f3994021000-7f3998000000 ---p 00000000 00:00 0 
7f3998000000-7f3998021000 rw-p 00000000 00:00 0 
7f3998021000-7f399c000000 ---p 00000000 00:00 0 
7f399c000000-7f399c026000 rw-p 00000000 00:00 0 
7f399c026000-7f39a0000000 ---p 00000000 00:00 0 
7f39a0000000-7f39a0252000 rw-p 00000000 00:00 0 
7f39a0252000-7f39a4000000 ---p 00000000 00:00 0 
7f39a4000000-7f39a4021000 rw-p 00000000 00:00 0 
7f39a4021000-7f39a8000000 ---p 00000000 00:00 0 
7f39ac000000-7f39ac021000 rw-p 00000000 00:00 0 
7f39ac021000-7f39b0000000 ---p 00000000 00:00 0 
7f39b4000000-7f39b4027000 rw-p 00000000 00:00 0 
7f39b4027000-7f39b8000000 ---p 00000000 00:00 0 
7f39ba36d000-7f39ba370000 ---p 00000000 00:00 0 
7f39ba370000-7f39ba46e000 rw-p 00000000 00:00 0                          [stack:14168]
7f39ba46e000-7f39ba471000 ---p 00000000 00:00 0 
7f39ba471000-7f39ba56f000 rw-p 00000000 00:00 0                          [stack:14167]
7f39ba56f000-7f39ba586000 r-xp 00000000 08:01 319951                     /usr/lib/jvm/java-7-oracle/jre/lib/amd64/libnet.so
7f39ba586000-7f39ba785000 ---p 00017000 08:01 319951                     /usr/lib/jvm/java-7-oracle/jre/lib/amd64/libnet.so
7f39ba785000-7f39ba786000 rw-p 00016000 08:01 319951                     /usr/lib/jvm/java-7-oracle/jre/lib/amd64/libnet.so
7f39ba786000-7f39ba796000 r-xp 00000000 08:01 319955                     /usr/lib/jvm/java-7-oracle/jre/lib/amd64/libnio.so
7f39ba796000-7f39ba996000 ---p 00010000 08:01 319955                     /usr/lib/jvm/java-7-oracle/jre/lib/amd64/libnio.so
7f39ba996000-7f39ba997000 rw-p 00010000 08:01 319955                     /usr/lib/jvm/java-7-oracle/jre/lib/amd64/libnio.so
7f39ba997000-7f39ba998000 ---p 00000000 00:00 0 
7f39ba998000-7f39baa98000 rw-p 00000000 00:00 0                          [stack:14166]
7f39baa98000-7f39baa9b000 ---p 00000000 00:00 0 
7f39baa9b000-7f39bab99000 rw-p 00000000 00:00 0                          [stack:14165]
7f39bab99000-7f39bab9c000 ---p 00000000 00:00 0 
7f39bab9c000-7f39bac9a000 rw-p 00000000 00:00 0                          [stack:14164]
7f39bac9a000-7f39bac9d000 ---p 00000000 00:00 0 
7f39bac9d000-7f39bad9b000 rw-p 00000000 00:00 0                          [stack:14163]
7f39bad9b000-7f39bad9e000 ---p 00000000 00:00 0 
7f39bad9e000-7f39bae9c000 rw-p 00000000 00:00 0                          [stack:14162]
7f39bae9c000-7f39bb86b000 r--p 00000000 08:01 137197                     /usr/lib/locale/locale-archive
7f39bb86b000-7f39bb86e000 ---p 00000000 00:00 0 
7f39bb86e000-7f39bb96c000 rw-p 00000000 00:00 0                          [stack:14161]
7f39bb96c000-7f39bb96f000 ---p 00000000 00:00 0 
7f39bb96f000-7f39bba6d000 rw-p 00000000 00:00 0                          [stack:14160]
7f39bba6d000-7f39bba6e000 ---p 00000000 00:00 0 
7f39bba6e000-7f39bd000000 rw-p 00000000 00:00 0                          [stack:14159]
7f39bd000000-7f39bd3e0000 rwxp 00000000 00:00 0 
7f39bd3e0000-7f39c0313000 rw-p 00000000 00:00 0 
7f39c0313000-7f39c4000000 ---p 00000000 00:00 0 
7f39c4033000-7f39c4d8b000 rw-p 00000000 00:00 0 
7f39c4d8b000-7f39c4f4b000 r--s 039fb000 08:01 186254                     /usr/lib/jvm/java-7-oracle/jre/lib/rt.jar
7f39c4f4b000-7f39c5145000 rw-p 00000000 00:00 0 
7f39c5145000-7f39c5146000 ---p 00000000 00:00 0 
7f39c5146000-7f39c5246000 rw-p 00000000 00:00 0                          [stack:14158]
7f39c5246000-7f39c5247000 ---p 00000000 00:00 0 
7f39c5247000-7f39c5347000 rw-p 00000000 00:00 0                          [stack:14157]
7f39c5347000-7f39c5348000 ---p 00000000 00:00 0 
7f39c5348000-7f39c5448000 rw-p 00000000 00:00 0                          [stack:14156]
7f39c5448000-7f39c5449000 ---p 00000000 00:00 0 
7f39c5449000-7f39c5554000 rw-p 00000000 00:00 0                          [stack:14155]
7f39c5554000-7f39c5572000 rw-p 00000000 00:00 0 
7f39c5572000-7f39c55e0000 rw-p 00000000 00:00 0 
7f39c55e0000-7f39c561d000 rw-p 00000000 00:00 0 
7f39c561d000-7f39c5628000 rw-p 00000000 00:00 0 
7f39c5628000-7f39c5646000 rw-p 00000000 00:00 0 
7f39c5646000-7f39c56b4000 rw-p 00000000 00:00 0 
7f39c56b4000-7f39c56f0000 rw-p 00000000 00:00 0 
7f39c56f0000-7f39c5746000 rw-p 00000000 00:00 0 
7f39c5746000-7f39c5747000 rw-p 00000000 00:00 0 
7f39c5747000-7f39c575e000 r-xp 00000000 08:01 319925                     /usr/lib/jvm/java-7-oracle/jre/lib/amd64/libzip.so
7f39c575e000-7f39c595e000 ---p 00017000 08:01 319925                     /usr/lib/jvm/java-7-oracle/jre/lib/amd64/libzip.so
7f39c595e000-7f39c595f000 rw-p 00017000 08:01 319925                     /usr/lib/jvm/java-7-oracle/jre/lib/amd64/libzip.so
7f39c595f000-7f39c596a000 r-xp 00000000 08:01 29309                      /lib/x86_64-linux-gnu/libnss_files-2.19.so
7f39c596a000-7f39c5b69000 ---p 0000b000 08:01 29309                      /lib/x86_64-linux-gnu/libnss_files-2.19.so
7f39c5b69000-7f39c5b6a000 r--p 0000a000 08:01 29309                      /lib/x86_64-linux-gnu/libnss_files-2.19.so
7f39c5b6a000-7f39c5b6b000 rw-p 0000b000 08:01 29309                      /lib/x86_64-linux-gnu/libnss_files-2.19.so
7f39c5b6b000-7f39c5b76000 r-xp 00000000 08:01 30168                      /lib/x86_64-linux-gnu/libnss_nis-2.19.so
7f39c5b76000-7f39c5d75000 ---p 0000b000 08:01 30168                      /lib/x86_64-linux-gnu/libnss_nis-2.19.so
7f39c5d75000-7f39c5d76000 r--p 0000a000 08:01 30168                      /lib/x86_64-linux-gnu/libnss_nis-2.19.so
7f39c5d76000-7f39c5d77000 rw-p 0000b000 08:01 30168                      /lib/x86_64-linux-gnu/libnss_nis-2.19.so
7f39c5d77000-7f39c5d8e000 r-xp 00000000 08:01 29402                      /lib/x86_64-linux-gnu/libnsl-2.19.so
7f39c5d8e000-7f39c5f8d000 ---p 00017000 08:01 29402                      /lib/x86_64-linux-gnu/libnsl-2.19.so
7f39c5f8d000-7f39c5f8e000 r--p 00016000 08:01 29402                      /lib/x86_64-linux-gnu/libnsl-2.19.so
7f39c5f8e000-7f39c5f8f000 rw-p 00017000 08:01 29402                      /lib/x86_64-linux-gnu/libnsl-2.19.so
7f39c5f8f000-7f39c5f91000 rw-p 00000000 00:00 0 
7f39c5f91000-7f39c5f9a000 r-xp 00000000 08:01 29401                      /lib/x86_64-linux-gnu/libnss_compat-2.19.so
7f39c5f9a000-7f39c6199000 ---p 00009000 08:01 29401                      /lib/x86_64-linux-gnu/libnss_compat-2.19.so
7f39c6199000-7f39c619a000 r--p 00008000 08:01 29401                      /lib/x86_64-linux-gnu/libnss_compat-2.19.so
7f39c619a000-7f39c619b000 rw-p 00009000 08:01 29401                      /lib/x86_64-linux-gnu/libnss_compat-2.19.so
7f39c619b000-7f39c61c4000 r-xp 00000000 08:01 319976                     /usr/lib/jvm/java-7-oracle/jre/lib/amd64/libjava.so
7f39c61c4000-7f39c63c4000 ---p 00029000 08:01 319976                     /usr/lib/jvm/java-7-oracle/jre/lib/amd64/libjava.so
7f39c63c4000-7f39c63c6000 rw-p 00029000 08:01 319976                     /usr/lib/jvm/java-7-oracle/jre/lib/amd64/libjava.so
7f39c63c6000-7f39c63d3000 r-xp 00000000 08:01 319980                     /usr/lib/jvm/java-7-oracle/jre/lib/amd64/libverify.so
7f39c63d3000-7f39c65d2000 ---p 0000d000 08:01 319980                     /usr/lib/jvm/java-7-oracle/jre/lib/amd64/libverify.so
7f39c65d2000-7f39c65d4000 rw-p 0000c000 08:01 319980                     /usr/lib/jvm/java-7-oracle/jre/lib/amd64/libverify.so
7f39c65d4000-7f39c65db000 r-xp 00000000 08:01 29705                      /lib/x86_64-linux-gnu/librt-2.19.so
7f39c65db000-7f39c67da000 ---p 00007000 08:01 29705                      /lib/x86_64-linux-gnu/librt-2.19.so
7f39c67da000-7f39c67db000 r--p 00006000 08:01 29705                      /lib/x86_64-linux-gnu/librt-2.19.so
7f39c67db000-7f39c67dc000 rw-p 00007000 08:01 29705                      /lib/x86_64-linux-gnu/librt-2.19.so
7f39c67dc000-7f39c68e1000 r-xp 00000000 08:01 29308                      /lib/x86_64-linux-gnu/libm-2.19.so
7f39c68e1000-7f39c6ae0000 ---p 00105000 08:01 29308                      /lib/x86_64-linux-gnu/libm-2.19.so
7f39c6ae0000-7f39c6ae1000 r--p 00104000 08:01 29308                      /lib/x86_64-linux-gnu/libm-2.19.so
7f39c6ae1000-7f39c6ae2000 rw-p 00105000 08:01 29308                      /lib/x86_64-linux-gnu/libm-2.19.so
7f39c6ae2000-7f39c7658000 r-xp 00000000 08:01 319929                     /usr/lib/jvm/java-7-oracle/jre/lib/amd64/server/libjvm.so
7f39c7658000-7f39c7857000 ---p 00b76000 08:01 319929                     /usr/lib/jvm/java-7-oracle/jre/lib/amd64/server/libjvm.so
7f39c7857000-7f39c791b000 rw-p 00b75000 08:01 319929                     /usr/lib/jvm/java-7-oracle/jre/lib/amd64/server/libjvm.so
7f39c791b000-7f39c795c000 rw-p 00000000 00:00 0 
7f39c795c000-7f39c7b17000 r-xp 00000000 08:01 29701                      /lib/x86_64-linux-gnu/libc-2.19.so
7f39c7b17000-7f39c7d16000 ---p 001bb000 08:01 29701                      /lib/x86_64-linux-gnu/libc-2.19.so
7f39c7d16000-7f39c7d1a000 r--p 001ba000 08:01 29701                      /lib/x86_64-linux-gnu/libc-2.19.so
7f39c7d1a000-7f39c7d1c000 rw-p 001be000 08:01 29701                      /lib/x86_64-linux-gnu/libc-2.19.so
7f39c7d1c000-7f39c7d21000 rw-p 00000000 00:00 0 
7f39c7d21000-7f39c7d24000 r-xp 00000000 08:01 29381                      /lib/x86_64-linux-gnu/libdl-2.19.so
7f39c7d24000-7f39c7f23000 ---p 00003000 08:01 29381                      /lib/x86_64-linux-gnu/libdl-2.19.so
7f39c7f23000-7f39c7f24000 r--p 00002000 08:01 29381                      /lib/x86_64-linux-gnu/libdl-2.19.so
7f39c7f24000-7f39c7f25000 rw-p 00003000 08:01 29381                      /lib/x86_64-linux-gnu/libdl-2.19.so
7f39c7f25000-7f39c7f3a000 r-xp 00000000 08:01 186125                     /usr/lib/jvm/java-7-oracle/lib/amd64/jli/libjli.so
7f39c7f3a000-7f39c8139000 ---p 00015000 08:01 186125                     /usr/lib/jvm/java-7-oracle/lib/amd64/jli/libjli.so
7f39c8139000-7f39c813a000 rw-p 00014000 08:01 186125                     /usr/lib/jvm/java-7-oracle/lib/amd64/jli/libjli.so
7f39c813a000-7f39c8153000 r-xp 00000000 08:01 29702                      /lib/x86_64-linux-gnu/libpthread-2.19.so
7f39c8153000-7f39c8352000 ---p 00019000 08:01 29702                      /lib/x86_64-linux-gnu/libpthread-2.19.so
7f39c8352000-7f39c8353000 r--p 00018000 08:01 29702                      /lib/x86_64-linux-gnu/libpthread-2.19.so
7f39c8353000-7f39c8354000 rw-p 00019000 08:01 29702                      /lib/x86_64-linux-gnu/libpthread-2.19.so
7f39c8354000-7f39c8358000 rw-p 00000000 00:00 0 
7f39c8358000-7f39c837b000 r-xp 00000000 08:01 29456                      /lib/x86_64-linux-gnu/ld-2.19.so
7f39c8387000-7f39c8388000 rw-p 00000000 00:00 0 
7f39c8388000-7f39c838e000 r--s 00079000 08:01 111913                     /home/matteo/.titanium/mobilesdk/linux/5.0.2.GA/android/titanium.jar
7f39c838e000-7f39c839d000 r--s 000df000 08:01 791036                     /home/matteo/android-sdk-linux/build-tools/23.0.2/lib/dx.jar
7f39c839d000-7f39c83ad000 rw-p 00000000 00:00 0 
7f39c83ad000-7f39c845d000 rw-p 00000000 00:00 0 
7f39c845d000-7f39c8460000 ---p 00000000 00:00 0 
7f39c8460000-7f39c856e000 rw-p 00000000 00:00 0                          [stack:14154]
7f39c856e000-7f39c8576000 rw-s 00000000 08:01 157554                     /tmp/hsperfdata_matteo/14153
7f39c8576000-7f39c8577000 rw-p 00000000 00:00 0 
7f39c8577000-7f39c8578000 ---p 00000000 00:00 0 
7f39c8578000-7f39c857a000 rw-p 00000000 00:00 0 
7f39c857a000-7f39c857b000 r--p 00022000 08:01 29456                      /lib/x86_64-linux-gnu/ld-2.19.so
7f39c857b000-7f39c857c000 rw-p 00023000 08:01 29456                      /lib/x86_64-linux-gnu/ld-2.19.so
7f39c857c000-7f39c857d000 rw-p 00000000 00:00 0 
7ffea2f55000-7ffea2f78000 rw-p 00000000 00:00 0                          [stack]
7ffea2fd0000-7ffea2fd2000 r-xp 00000000 00:00 0                          [vdso]
ffffffffff600000-ffffffffff601000 r-xp 00000000 00:00 0                  [vsyscall]

VM Arguments:
jvm_args: -Xmx512M -XX:-UseGCOverheadLimit -Djava.ext.dirs=/home/matteo/android-sdk-linux/platform-tools 
java_command: /home/matteo/android-sdk-linux/build-tools/23.0.2/lib/dx.jar --dex --output=/home/matteo/dev/bookmarkpack-client-appcelerator/build/android/bin/classes.dex /home/matteo/dev/bookmarkpack-client-appcelerator/build/android/bin/classes /home/matteo/.titanium/mobilesdk/linux/5.0.2.GA/android/lib/titanium-verify.jar /home/matteo/.titanium/mobilesdk/linux/5.0.2.GA/android/kroll-v8.jar /home/matteo/.titanium/mobilesdk/linux/5.0.2.GA/android/modules/titanium-analytics.jar /home/matteo/.titanium/mobilesdk/linux/5.0.2.GA/android/aps-analytics.jar /home/matteo/.titanium/mobilesdk/linux/5.0.2.GA/android/modules/titanium-android.jar /home/matteo/.titanium/mobilesdk/linux/5.0.2.GA/android/jaxen-1.1.1.jar /home/matteo/.titanium/mobilesdk/linux/5.0.2.GA/android/ti-commons-codec-1.3.jar /home/matteo/.titanium/mobilesdk/linux/5.0.2.GA/android/kroll-common.jar /home/matteo/.titanium/mobilesdk/linux/5.0.2.GA/android/titanium.jar /home/matteo/.titanium/mobilesdk/linux/5.0.2.GA/android/modules/titanium-app.jar /home/matteo/.titanium/mobilesdk/linux/5.0.2.GA/android/modules/titanium-ui.jar /home/matteo/.titanium/mobilesdk/linux/5.0.2.GA/android/nineoldandroids-appc-2.4.0.jar /home/matteo/.titanium/mobilesdk/linux/5.0.2.GA/android/modules/titanium-filesystem.jar /home/matteo/.titanium/mobilesdk/linux/5.0.2.GA/android/modules/titanium-media.jar /home/matteo/.titanium/mobilesdk/linux/5.0.2.GA/android/modules/titanium-appcompat.jar /home/matteo/.titanium/mobilesdk/linux/5.0.2.GA/android/android-support-v4.jar /home/matteo/.titanium/mobilesdk/linux/5.0.2.GA/android/android-support-v7-appcompat.jar /home/matteo/.titanium/mobilesdk/linux/5.0.2.GA/android/modules/titanium-locale.jar /home/matteo/.titanium/mobilesdk/linux/5.0.2.GA/android/modules/titanium-network.jar /home/matteo/.titanium/mobilesdk/linux/5.0.2.GA/android/modules/titanium-xml.jar /home/matteo/.titanium/mobilesdk/linux/5.0.2.GA/android/modules/titanium-platform.jar /home/matteo/.titanium/mobilesdk/linux/5.0.2.GA/andr
Launcher Type: SUN_STANDARD

Environment Variables:
JAVA_HOME=/usr/lib/jvm/java-7-oracle
PATH=/usr/local/heroku/bin:/usr/local/sbin:/usr/local/bin:/usr/sbin:/usr/bin:/sbin:/bin:/usr/games:/usr/local/games:/usr/lib/jvm/java-7-oracle/bin:/usr/lib/jvm/java-7-oracle/db/bin:/usr/lib/jvm/java-7-oracle/jre/bin
SHELL=/usr/bin/fish
DISPLAY=:0.0

Signal Handlers:
SIGSEGV: [libjvm.so+0x9a3b20], sa_mask[0]=0x7ffbfeff, sa_flags=0x10000004
SIGBUS: [libjvm.so+0x9a3b20], sa_mask[0]=0x7ffbfeff, sa_flags=0x10000004
SIGFPE: [libjvm.so+0x81e740], sa_mask[0]=0x7ffbfeff, sa_flags=0x10000004
SIGPIPE: [libjvm.so+0x81e740], sa_mask[0]=0x7ffbfeff, sa_flags=0x10000004
SIGXFSZ: [libjvm.so+0x81e740], sa_mask[0]=0x7ffbfeff, sa_flags=0x10000004
SIGILL: [libjvm.so+0x81e740], sa_mask[0]=0x7ffbfeff, sa_flags=0x10000004
SIGUSR1: SIG_DFL, sa_mask[0]=0x00000000, sa_flags=0x00000000
SIGUSR2: [libjvm.so+0x81ffb0], sa_mask[0]=0x00000000, sa_flags=0x10000004
SIGHUP: [libjvm.so+0x8210d0], sa_mask[0]=0x7ffbfeff, sa_flags=0x10000004
SIGINT: [libjvm.so+0x8210d0], sa_mask[0]=0x7ffbfeff, sa_flags=0x10000004
SIGTERM: [libjvm.so+0x8210d0], sa_mask[0]=0x7ffbfeff, sa_flags=0x10000004
SIGQUIT: [libjvm.so+0x8210d0], sa_mask[0]=0x7ffbfeff, sa_flags=0x10000004


---------------  S Y S T E M  ---------------

OS:jessie/sid

uname:Linux 3.13.0-68-generic #111-Ubuntu SMP Fri Nov 6 18:17:06 UTC 2015 x86_64
libc:glibc 2.19 NPTL 2.19 
rlimit: STACK 8192k, CORE 0k, NPROC 31456, NOFILE 4096, AS infinity
load average:1,20 0,59 0,49

/proc/meminfo:
MemTotal:        4047988 kB
MemFree:           98196 kB
Buffers:             468 kB
Cached:           139596 kB
SwapCached:            0 kB
Active:          3628040 kB
Inactive:         132212 kB
Active(anon):    3622568 kB
Inactive(anon):   127016 kB
Active(file):       5472 kB
Inactive(file):     5196 kB
Unevictable:          32 kB
Mlocked:              32 kB
SwapTotal:             0 kB
SwapFree:              0 kB
Dirty:               336 kB
Writeback:             0 kB
AnonPages:       3620852 kB
Mapped:           133536 kB
Shmem:            128816 kB
Slab:              56800 kB
SReclaimable:      21672 kB
SUnreclaim:        35128 kB
KernelStack:        5392 kB
PageTables:        76232 kB
NFS_Unstable:          0 kB
Bounce:                0 kB
WritebackTmp:          0 kB
CommitLimit:     2023992 kB
Committed_AS:   13158632 kB
VmallocTotal:   34359738367 kB
VmallocUsed:       56552 kB
VmallocChunk:   34359651200 kB
HardwareCorrupted:     0 kB
AnonHugePages:    882688 kB
HugePages_Total:       0
HugePages_Free:        0
HugePages_Rsvd:        0
HugePages_Surp:        0
Hugepagesize:       2048 kB
DirectMap4k:       51136 kB
DirectMap2M:     4143104 kB


CPU:total 4 (4 cores per cpu, 1 threads per core) family 6 model 58 stepping 9, cmov, cx8, fxsr, mmx, sse, sse2, sse3, ssse3, sse4.1, sse4.2, popcnt, avx, aes, tsc, tscinvbit, tscinv

/proc/cpuinfo:
processor	: 0
vendor_id	: GenuineIntel
cpu family	: 6
model		: 58
model name	: Intel(R) Core(TM) i7-3632QM CPU @ 2.20GHz
stepping	: 9
microcode	: 0x19
cpu MHz		: 2195.018
cache size	: 6144 KB
physical id	: 0
siblings	: 4
core id		: 0
cpu cores	: 4
apicid		: 0
initial apicid	: 0
fpu		: yes
fpu_exception	: yes
cpuid level	: 13
wp		: yes
flags		: fpu vme de pse tsc msr pae mce cx8 apic sep mtrr pge mca cmov pat pse36 clflush mmx fxsr sse sse2 ht syscall nx rdtscp lm constant_tsc rep_good nopl xtopology nonstop_tsc pni pclmulqdq ssse3 cx16 sse4_1 sse4_2 popcnt aes xsave avx rdrand hypervisor lahf_lm
bogomips	: 4390.03
clflush size	: 64
cache_alignment	: 64
address sizes	: 36 bits physical, 48 bits virtual
power management:

processor	: 1
vendor_id	: GenuineIntel
cpu family	: 6
model		: 58
model name	: Intel(R) Core(TM) i7-3632QM CPU @ 2.20GHz
stepping	: 9
microcode	: 0x19
cpu MHz		: 2195.018
cache size	: 6144 KB
physical id	: 0
siblings	: 4
core id		: 1
cpu cores	: 4
apicid		: 1
initial apicid	: 1
fpu		: yes
fpu_exception	: yes
cpuid level	: 13
wp		: yes
flags		: fpu vme de pse tsc msr pae mce cx8 apic sep mtrr pge mca cmov pat pse36 clflush mmx fxsr sse sse2 ht syscall nx rdtscp lm constant_tsc rep_good nopl xtopology nonstop_tsc pni pclmulqdq ssse3 cx16 sse4_1 sse4_2 popcnt aes xsave avx rdrand hypervisor lahf_lm
bogomips	: 4390.03
clflush size	: 64
cache_alignment	: 64
address sizes	: 36 bits physical, 48 bits virtual
power management:

processor	: 2
vendor_id	: GenuineIntel
cpu family	: 6
model		: 58
model name	: Intel(R) Core(TM) i7-3632QM CPU @ 2.20GHz
stepping	: 9
microcode	: 0x19
cpu MHz		: 2195.018
cache size	: 6144 KB
physical id	: 0
siblings	: 4
core id		: 2
cpu cores	: 4
apicid		: 2
initial apicid	: 2
fpu		: yes
fpu_exception	: yes
cpuid level	: 13
wp		: yes
flags		: fpu vme de pse tsc msr pae mce cx8 apic sep mtrr pge mca cmov pat pse36 clflush mmx fxsr sse sse2 ht syscall nx rdtscp lm constant_tsc rep_good nopl xtopology nonstop_tsc pni pclmulqdq ssse3 cx16 sse4_1 sse4_2 popcnt aes xsave avx rdrand hypervisor lahf_lm
bogomips	: 4390.03
clflush size	: 64
cache_alignment	: 64
address sizes	: 36 bits physical, 48 bits virtual
power management:

processor	: 3
vendor_id	: GenuineIntel
cpu family	: 6
model		: 58
model name	: Intel(R) Core(TM) i7-3632QM CPU @ 2.20GHz
stepping	: 9
microcode	: 0x19
cpu MHz		: 2195.018
cache size	: 6144 KB
physical id	: 0
siblings	: 4
core id		: 3
cpu cores	: 4
apicid		: 3
initial apicid	: 3
fpu		: yes
fpu_exception	: yes
cpuid level	: 13
wp		: yes
flags		: fpu vme de pse tsc msr pae mce cx8 apic sep mtrr pge mca cmov pat pse36 clflush mmx fxsr sse sse2 ht syscall nx rdtscp lm constant_tsc rep_good nopl xtopology nonstop_tsc pni pclmulqdq ssse3 cx16 sse4_1 sse4_2 popcnt aes xsave avx rdrand hypervisor lahf_lm
bogomips	: 4390.03
clflush size	: 64
cache_alignment	: 64
address sizes	: 36 bits physical, 48 bits virtual
power management:



Memory: 4k page, physical 4047988k(98344k free), swap 0k(0k free)

vm_info: Java HotSpot(TM) 64-Bit Server VM (24.80-b11) for linux-amd64 JRE (1.7.0_80-b15), built on Apr 10 2015 19:53:14 by "java_re" with gcc 4.3.0 20080428 (Red Hat 4.3.0-8)

time: Mon Nov 16 11:56:40 2015
elapsed time: 13 seconds

