#
# There is insufficient memory for the Java Runtime Environment to continue.
# Native memory allocation (malloc) failed to allocate 74973184 bytes for committing reserved memory.
# Possible reasons:
#   The system is out of physical RAM or swap space
#   In 32 bit mode, the process size limit was hit
# Possible solutions:
#   Reduce memory load on the system
#   Increase physical memory or swap space
#   Check if swap backing store is full
#   Use 64 bit Java on a 64 bit OS
#   Decrease Java heap size (-Xmx/-Xms)
#   Decrease number of Java threads
#   Decrease Java thread stack sizes (-Xss)
#   Set larger code cache with -XX:ReservedCodeCacheSize=
# This output file may be truncated or incomplete.
#
#  Out of Memory Error (os_linux.cpp:2756), pid=1642, tid=140063383959296
#
# JRE version: Java(TM) SE Runtime Environment (7.0_80-b15) (build 1.7.0_80-b15)
# Java VM: Java HotSpot(TM) 64-Bit Server VM (24.80-b11 mixed mode linux-amd64 compressed oops)
# Failed to write core dump. Core dumps have been disabled. To enable core dumping, try "ulimit -c unlimited" before starting Java again
#

---------------  T H R E A D  ---------------

Current thread (0x00007f6310131800):  VMThread [stack: 0x00007f630c2f3000,0x00007f630c3f4000] [id=1648]

Stack: [0x00007f630c2f3000,0x00007f630c3f4000],  sp=0x00007f630c3f20a0,  free space=1020k
Native frames: (J=compiled Java code, j=interpreted, Vv=VM code, C=native code)
V  [libjvm.so+0x9a320a]  VMError::report_and_die()+0x2ea
V  [libjvm.so+0x498d3b]  report_vm_out_of_memory(char const*, int, unsigned long, char const*)+0x9b
V  [libjvm.so+0x82191e]  os::Linux::commit_memory_impl(char*, unsigned long, bool)+0xfe
V  [libjvm.so+0x821e69]  os::pd_commit_memory(char*, unsigned long, unsigned long, bool)+0x29
V  [libjvm.so+0x81bb6a]  os::commit_memory(char*, unsigned long, unsigned long, bool)+0x2a
V  [libjvm.so+0x88d623]  PSVirtualSpace::expand_by(unsigned long)+0x53
V  [libjvm.so+0x87ca80]  PSOldGen::expand(unsigned long)+0x170
V  [libjvm.so+0x87cc8b]  PSOldGen::resize(unsigned long)+0x1cb
V  [libjvm.so+0x885951]  PSParallelCompact::invoke_no_policy(bool)+0x9b1
V  [libjvm.so+0x88b8cd]  PSScavenge::invoke()+0x1ad
V  [libjvm.so+0x843f40]  ParallelScavengeHeap::failed_mem_allocate(unsigned long)+0x70
V  [libjvm.so+0x9a4a97]  VM_ParallelGCFailedAllocation::doit()+0x97
V  [libjvm.so+0x9abf35]  VM_Operation::evaluate()+0x55
V  [libjvm.so+0x9aa2fa]  VMThread::evaluate_operation(VM_Operation*)+0xba
V  [libjvm.so+0x9aa67e]  VMThread::loop()+0x1ce
V  [libjvm.so+0x9aaaf0]  VMThread::run()+0x70
V  [libjvm.so+0x8238c8]  java_start(Thread*)+0x108

VM_Operation (0x00007f6318e1f960): ParallelGCFailedAllocation, mode: safepoint, requested by thread 0x00007f631000a800


---------------  P R O C E S S  ---------------

Java Threads: ( => current thread )
  0x00007f631022e000 JavaThread "pool-2-thread-1" [_thread_blocked, id=1657, stack(0x00007f62eeb02000,0x00007f62eec03000)]
  0x00007f631022c800 JavaThread "pool-1-thread-1" [_thread_blocked, id=1656, stack(0x00007f62eec03000,0x00007f62eed04000)]
  0x00007f6310167800 JavaThread "Service Thread" daemon [_thread_blocked, id=1654, stack(0x00007f62ef22d000,0x00007f62ef32e000)]
  0x00007f6310165800 JavaThread "C2 CompilerThread1" daemon [_thread_blocked, id=1653, stack(0x00007f62ef32e000,0x00007f62ef42f000)]
  0x00007f6310162800 JavaThread "C2 CompilerThread0" daemon [_thread_blocked, id=1652, stack(0x00007f62ef42f000,0x00007f62ef530000)]
  0x00007f6310160000 JavaThread "Signal Dispatcher" daemon [_thread_blocked, id=1651, stack(0x00007f62ef530000,0x00007f62ef631000)]
  0x00007f6310138000 JavaThread "Finalizer" daemon [_thread_blocked, id=1650, stack(0x00007f630c0f1000,0x00007f630c1f2000)]
  0x00007f6310136000 JavaThread "Reference Handler" daemon [_thread_blocked, id=1649, stack(0x00007f630c1f2000,0x00007f630c2f3000)]
  0x00007f631000a800 JavaThread "main" [_thread_blocked, id=1643, stack(0x00007f6318d21000,0x00007f6318e22000)]

Other Threads:
=>0x00007f6310131800 VMThread [stack: 0x00007f630c2f3000,0x00007f630c3f4000] [id=1648]
  0x00007f6310172800 WatcherThread [stack: 0x00007f62ef12c000,0x00007f62ef22d000] [id=1655]

VM state:at safepoint (normal execution)

VM Mutex/Monitor currently owned by a thread:  ([mutex/lock_event])
[0x00007f6310006950] ExpandHeap_lock - owner thread: 0x00007f6310131800
[0x00007f6310006fd0] Threads_lock - owner thread: 0x00007f6310131800
[0x00007f63100074d0] Heap_lock - owner thread: 0x00007f631000a800

Heap
 PSYoungGen      total 114176K, used 25086K [0x00000000f5500000, 0x0000000100000000, 0x0000000100000000)
  eden space 58368K, 0% used [0x00000000f5500000,0x00000000f5500000,0x00000000f8e00000)
  from space 55808K, 44% used [0x00000000fc980000,0x00000000fe1ff920,0x0000000100000000)
  to   space 58368K, 0% used [0x00000000f8e00000,0x00000000f8e00000,0x00000000fc700000)
 ParOldGen       total 138752K, used 138523K [0x00000000e0000000, 0x00000000e8780000, 0x00000000f5500000)
  object space 138752K, 99% used [0x00000000e0000000,0x00000000e8746cb0,0x00000000e8780000)
 PSPermGen       total 21504K, used 6071K [0x00000000dae00000, 0x00000000dc300000, 0x00000000e0000000)
  object space 21504K, 28% used [0x00000000dae00000,0x00000000db3edcd8,0x00000000dc300000)

Card table byte_map: [0x00007f6315ee1000,0x00007f631600b000] byte_map_base: 0x00007f631580a000

Polling page: 0x00007f6318e3b000

Code Cache  [0x00007f630d000000, 0x00007f630d3b0000, 0x00007f6310000000)
 total_blobs=1230 nmethods=1000 adapters=183 free_code_cache=45512Kb largest_free_block=46479808

Compilation events (10 events):
Event: 10,388 Thread 0x00007f6310162800 nmethod 1048 0x00007f630d30ec10 code [0x00007f630d30ed60, 0x00007f630d30ee18]
Event: 10,388 Thread 0x00007f6310162800 1049             com.android.dx.ssa.ConstCollector$2::map (28 bytes)
Event: 10,392 Thread 0x00007f6310162800 nmethod 1049 0x00007f630d2effd0 code [0x00007f630d2f0140, 0x00007f630d2f04e8]
Event: 10,392 Thread 0x00007f6310162800 1050             com.android.dx.rop.code.Rops::pickIf (154 bytes)
Event: 10,396 Thread 0x00007f6310162800 nmethod 1050 0x00007f630d2e9ed0 code [0x00007f630d2ea080, 0x00007f630d2ea4e8]
Event: 10,396 Thread 0x00007f6310162800 1051 %           com.android.dx.cf.code.Merger::mergeLocals @ 35 (122 bytes)
Event: 10,406 Thread 0x00007f6310162800 nmethod 1051% 0x00007f630d30f310 code [0x00007f630d30f540, 0x00007f630d30fe80]
Event: 10,406 Thread 0x00007f6310162800 1052   !         com.android.dx.cf.code.OneLocalsArray::set (106 bytes)
Event: 10,410 Thread 0x00007f6310162800 nmethod 1052 0x00007f630d2e5e90 code [0x00007f630d2e6040, 0x00007f630d2e64d8]
Event: 10,410 Thread 0x00007f6310162800 1053             com.android.dx.cf.direct.StdAttributeFactory::code (613 bytes)

GC Heap History (10 events):
Event: 9,424 GC heap after
Heap after GC invocations=14 (full 2):
 PSYoungGen      total 124928K, used 22413K [0x00000000f5500000, 0x00000000ffd00000, 0x0000000100000000)
  eden space 82944K, 0% used [0x00000000f5500000,0x00000000f5500000,0x00000000fa600000)
  from space 41984K, 53% used [0x00000000fd400000,0x00000000fe9e3738,0x00000000ffd00000)
  to   space 44544K, 0% used [0x00000000fa600000,0x00000000fa600000,0x00000000fd180000)
 ParOldGen       total 138752K, used 98925K [0x00000000e0000000, 0x00000000e8780000, 0x00000000f5500000)
  object space 138752K, 71% used [0x00000000e0000000,0x00000000e609b6d0,0x00000000e8780000)
 PSPermGen       total 21504K, used 6044K [0x00000000dae00000, 0x00000000dc300000, 0x00000000e0000000)
  object space 21504K, 28% used [0x00000000dae00000,0x00000000db3e7028,0x00000000dc300000)
}
Event: 9,722 GC heap before
{Heap before GC invocations=15 (full 2):
 PSYoungGen      total 124928K, used 105357K [0x00000000f5500000, 0x00000000ffd00000, 0x0000000100000000)
  eden space 82944K, 100% used [0x00000000f5500000,0x00000000fa600000,0x00000000fa600000)
  from space 41984K, 53% used [0x00000000fd400000,0x00000000fe9e3738,0x00000000ffd00000)
  to   space 44544K, 0% used [0x00000000fa600000,0x00000000fa600000,0x00000000fd180000)
 ParOldGen       total 138752K, used 98925K [0x00000000e0000000, 0x00000000e8780000, 0x00000000f5500000)
  object space 138752K, 71% used [0x00000000e0000000,0x00000000e609b6d0,0x00000000e8780000)
 PSPermGen       total 21504K, used 6056K [0x00000000dae00000, 0x00000000dc300000, 0x00000000e0000000)
  object space 21504K, 28% used [0x00000000dae00000,0x00000000db3ea060,0x00000000dc300000)
Event: 9,760 GC heap after
Heap after GC invocations=15 (full 2):
 PSYoungGen      total 118784K, used 35561K [0x00000000f5500000, 0x0000000100000000, 0x0000000100000000)
  eden space 82944K, 0% used [0x00000000f5500000,0x00000000f5500000,0x00000000fa600000)
  from space 35840K, 99% used [0x00000000fa600000,0x00000000fc8ba6e8,0x00000000fc900000)
  to   space 48128K, 0% used [0x00000000fd100000,0x00000000fd100000,0x0000000100000000)
 ParOldGen       total 138752K, used 98925K [0x00000000e0000000, 0x00000000e8780000, 0x00000000f5500000)
  object space 138752K, 71% used [0x00000000e0000000,0x00000000e609b6d0,0x00000000e8780000)
 PSPermGen       total 21504K, used 6056K [0x00000000dae00000, 0x00000000dc300000, 0x00000000e0000000)
  object space 21504K, 28% used [0x00000000dae00000,0x00000000db3ea060,0x00000000dc300000)
}
Event: 10,012 GC heap before
{Heap before GC invocations=16 (full 2):
 PSYoungGen      total 118784K, used 118505K [0x00000000f5500000, 0x0000000100000000, 0x0000000100000000)
  eden space 82944K, 100% used [0x00000000f5500000,0x00000000fa600000,0x00000000fa600000)
  from space 35840K, 99% used [0x00000000fa600000,0x00000000fc8ba6e8,0x00000000fc900000)
  to   space 48128K, 0% used [0x00000000fd100000,0x00000000fd100000,0x0000000100000000)
 ParOldGen       total 138752K, used 98925K [0x00000000e0000000, 0x00000000e8780000, 0x00000000f5500000)
  object space 138752K, 71% used [0x00000000e0000000,0x00000000e609b6d0,0x00000000e8780000)
 PSPermGen       total 21504K, used 6063K [0x00000000dae00000, 0x00000000dc300000, 0x00000000e0000000)
  object space 21504K, 28% used [0x00000000dae00000,0x00000000db3ebd18,0x00000000dc300000)
Event: 10,055 GC heap after
Heap after GC invocations=16 (full 2):
 PSYoungGen      total 111616K, used 47853K [0x00000000f5500000, 0x0000000100000000, 0x0000000100000000)
  eden space 63488K, 0% used [0x00000000f5500000,0x00000000f5500000,0x00000000f9300000)
  from space 48128K, 99% used [0x00000000fd100000,0x00000000fffbb480,0x0000000100000000)
  to   space 55808K, 0% used [0x00000000f9300000,0x00000000f9300000,0x00000000fc980000)
 ParOldGen       total 138752K, used 98925K [0x00000000e0000000, 0x00000000e8780000, 0x00000000f5500000)
  object space 138752K, 71% used [0x00000000e0000000,0x00000000e609b6d0,0x00000000e8780000)
 PSPermGen       total 21504K, used 6063K [0x00000000dae00000, 0x00000000dc300000, 0x00000000e0000000)
  object space 21504K, 28% used [0x00000000dae00000,0x00000000db3ebd18,0x00000000dc300000)
}
Event: 10,241 GC heap before
{Heap before GC invocations=17 (full 2):
 PSYoungGen      total 111616K, used 111341K [0x00000000f5500000, 0x0000000100000000, 0x0000000100000000)
  eden space 63488K, 100% used [0x00000000f5500000,0x00000000f9300000,0x00000000f9300000)
  from space 48128K, 99% used [0x00000000fd100000,0x00000000fffbb480,0x0000000100000000)
  to   space 55808K, 0% used [0x00000000f9300000,0x00000000f9300000,0x00000000fc980000)
 ParOldGen       total 138752K, used 98925K [0x00000000e0000000, 0x00000000e8780000, 0x00000000f5500000)
  object space 138752K, 71% used [0x00000000e0000000,0x00000000e609b6d0,0x00000000e8780000)
 PSPermGen       total 21504K, used 6065K [0x00000000dae00000, 0x00000000dc300000, 0x00000000e0000000)
  object space 21504K, 28% used [0x00000000dae00000,0x00000000db3ec758,0x00000000dc300000)
Event: 10,290 GC heap after
Heap after GC invocations=17 (full 2):
 PSYoungGen      total 119296K, used 55683K [0x00000000f5500000, 0x0000000100000000, 0x0000000100000000)
  eden space 63488K, 0% used [0x00000000f5500000,0x00000000f5500000,0x00000000f9300000)
  from space 55808K, 99% used [0x00000000f9300000,0x00000000fc960d20,0x00000000fc980000)
  to   space 55808K, 0% used [0x00000000fc980000,0x00000000fc980000,0x0000000100000000)
 ParOldGen       total 138752K, used 98925K [0x00000000e0000000, 0x00000000e8780000, 0x00000000f5500000)
  object space 138752K, 71% used [0x00000000e0000000,0x00000000e609b6d0,0x00000000e8780000)
 PSPermGen       total 21504K, used 6065K [0x00000000dae00000, 0x00000000dc300000, 0x00000000e0000000)
  object space 21504K, 28% used [0x00000000dae00000,0x00000000db3ec758,0x00000000dc300000)
}
Event: 10,449 GC heap before
{Heap before GC invocations=18 (full 2):
 PSYoungGen      total 119296K, used 119171K [0x00000000f5500000, 0x0000000100000000, 0x0000000100000000)
  eden space 63488K, 100% used [0x00000000f5500000,0x00000000f9300000,0x00000000f9300000)
  from space 55808K, 99% used [0x00000000f9300000,0x00000000fc960d20,0x00000000fc980000)
  to   space 55808K, 0% used [0x00000000fc980000,0x00000000fc980000,0x0000000100000000)
 ParOldGen       total 138752K, used 98925K [0x00000000e0000000, 0x00000000e8780000, 0x00000000f5500000)
  object space 138752K, 71% used [0x00000000e0000000,0x00000000e609b6d0,0x00000000e8780000)
 PSPermGen       total 21504K, used 6071K [0x00000000dae00000, 0x00000000dc300000, 0x00000000e0000000)
  object space 21504K, 28% used [0x00000000dae00000,0x00000000db3ede78,0x00000000dc300000)
Event: 10,508 GC heap after
Heap after GC invocations=18 (full 2):
 PSYoungGen      total 114176K, used 44217K [0x00000000f5500000, 0x0000000100000000, 0x0000000100000000)
  eden space 58368K, 0% used [0x00000000f5500000,0x00000000f5500000,0x00000000f8e00000)
  from space 55808K, 79% used [0x00000000fc980000,0x00000000ff4ae708,0x0000000100000000)
  to   space 58368K, 0% used [0x00000000f8e00000,0x00000000f8e00000,0x00000000fc700000)
 ParOldGen       total 138752K, used 120990K [0x00000000e0000000, 0x00000000e8780000, 0x00000000f5500000)
  object space 138752K, 87% used [0x00000000e0000000,0x00000000e7627b60,0x00000000e8780000)
 PSPermGen       total 21504K, used 6071K [0x00000000dae00000, 0x00000000dc300000, 0x00000000e0000000)
  object space 21504K, 28% used [0x00000000dae00000,0x00000000db3ede78,0x00000000dc300000)
}
Event: 10,508 GC heap before
{Heap before GC invocations=19 (full 3):
 PSYoungGen      total 114176K, used 44217K [0x00000000f5500000, 0x0000000100000000, 0x0000000100000000)
  eden space 58368K, 0% used [0x00000000f5500000,0x00000000f5500000,0x00000000f8e00000)
  from space 55808K, 79% used [0x00000000fc980000,0x00000000ff4ae708,0x0000000100000000)
  to   space 58368K, 0% used [0x00000000f8e00000,0x00000000f8e00000,0x00000000fc700000)
 ParOldGen       total 138752K, used 120990K [0x00000000e0000000, 0x00000000e8780000, 0x00000000f5500000)
  object space 138752K, 87% used [0x00000000e0000000,0x00000000e7627b60,0x00000000e8780000)
 PSPermGen       total 21504K, used 6071K [0x00000000dae00000, 0x00000000dc300000, 0x00000000e0000000)
  object space 21504K, 28% used [0x00000000dae00000,0x00000000db3ede78,0x00000000dc300000)

Deoptimization events (10 events):
Event: 9,662 Thread 0x00007f631022c800 Uncommon trap: reason=unstable_if action=reinterpret pc=0x00007f630d383b98 method=com.android.dx.rop.code.AccessFlags.isNative(I)Z @ 5
Event: 9,662 Thread 0x00007f631022c800 Uncommon trap: reason=unstable_if action=reinterpret pc=0x00007f630d360670 method=com.android.dx.rop.code.AccessFlags.isNative(I)Z @ 5
Event: 9,666 Thread 0x00007f631000a800 Uncommon trap: reason=null_check action=make_not_entrant pc=0x00007f630d14a384 method=com.android.dx.cf.direct.DirectClassFile.getSourceFile()Lcom/android/dx/rop/cst/CstString; @ 15
Event: 9,666 Thread 0x00007f631000a800 Uncommon trap: reason=null_check action=make_not_entrant pc=0x00007f630d0e9d7c method=com.android.dx.cf.code.ConcreteMethod.<init>(Lcom/android/dx/cf/iface/Method;ILcom/android/dx/rop/cst/CstString;ZZ)V @ 82
Event: 9,671 Thread 0x00007f631000a800 Uncommon trap: reason=unstable_if action=reinterpret pc=0x00007f630d3684a4 method=com.android.dx.cf.direct.StdAttributeFactory.parse0(Lcom/android/dx/cf/direct/DirectClassFile;ILjava/lang/String;IILcom/android/dx/cf/iface/ParseObserver;)Lcom/android/dx/cf
Event: 9,832 Thread 0x00007f631000a800 Uncommon trap: reason=unstable_if action=reinterpret pc=0x00007f630d29c780 method=com.android.dx.cf.code.Merger.mergeType(Lcom/android/dx/rop/type/TypeBearer;Lcom/android/dx/rop/type/TypeBearer;)Lcom/android/dx/rop/type/TypeBearer; @ 77
Event: 9,836 Thread 0x00007f631022c800 Uncommon trap: reason=unstable_if action=reinterpret pc=0x00007f630d29f784 method=com.android.dx.cf.code.Merger.mergeType(Lcom/android/dx/rop/type/TypeBearer;Lcom/android/dx/rop/type/TypeBearer;)Lcom/android/dx/rop/type/TypeBearer; @ 77
Event: 9,840 Thread 0x00007f631022c800 Uncommon trap: reason=unstable_if action=reinterpret pc=0x00007f630d1a6f48 method=com.android.dx.ssa.SsaBasicBlock.scheduleMovesFromPhis()V @ 63
Event: 9,905 Thread 0x00007f631000a800 Uncommon trap: reason=bimorphic action=maybe_recompile pc=0x00007f630d39fc58 method=com.android.dx.cf.code.BytecodeArray.parseInstruction(ILcom/android/dx/cf/code/BytecodeArray$Visitor;)I @ 1327
Event: 9,905 Thread 0x00007f631000a800 Uncommon trap: reason=bimorphic action=maybe_recompile pc=0x00007f630d39fc58 method=com.android.dx.cf.code.BytecodeArray.parseInstruction(ILcom/android/dx/cf/code/BytecodeArray$Visitor;)I @ 1327

Internal exceptions (10 events):
Event: 2,878 Thread 0x00007f631022c800 Implicit null exception at 0x00007f630d0ce870 to 0x00007f630d0cff1d
Event: 4,191 Thread 0x00007f631000a800 Threw 0x00000000f827b900 at /HUDSON/workspace/7u-2-build-linux-amd64/jdk7u80/2329/hotspot/src/share/vm/prims/jvm.cpp:1319
Event: 4,280 Thread 0x00007f631022c800 Implicit null exception at 0x00007f630d18fdb4 to 0x00007f630d190b2d
Event: 4,280 Thread 0x00007f631022c800 Implicit null exception at 0x00007f630d16112b to 0x00007f630d161395
Event: 4,296 Thread 0x00007f631000a800 Implicit null exception at 0x00007f630d18b6be to 0x00007f630d18cca9
Event: 4,296 Thread 0x00007f631000a800 Implicit null exception at 0x00007f630d0e4d7c to 0x00007f630d0e4e91
Event: 7,092 Thread 0x00007f631000a800 Implicit null exception at 0x00007f630d11c359 to 0x00007f630d11d8e1
Event: 9,666 Thread 0x00007f631000a800 Implicit null exception at 0x00007f630d14501c to 0x00007f630d14a369
Event: 9,673 Thread 0x00007f631000a800 Threw 0x00000000f98d12b8 at /HUDSON/workspace/7u-2-build-linux-amd64/jdk7u80/2329/hotspot/src/share/vm/prims/jvm.cpp:1319
Event: 9,674 Thread 0x00007f631022c800 Threw 0x00000000f98860c8 at /HUDSON/workspace/7u-2-build-linux-amd64/jdk7u80/2329/hotspot/src/share/vm/prims/jvm.cpp:1319

Events (10 events):
Event: 10,237 Executing VM operation: ParallelGCFailedAllocation
Event: 10,290 Executing VM operation: ParallelGCFailedAllocation done
Event: 10,293 Executing VM operation: RevokeBias
Event: 10,294 Executing VM operation: RevokeBias done
Event: 10,295 Executing VM operation: RevokeBias
Event: 10,297 Executing VM operation: RevokeBias done
Event: 10,297 Thread 0x00007f6310162800 flushing nmethod 0x00007f630d0ce610
Event: 10,306 Thread 0x00007f6310165800 flushing nmethod 0x00007f630d1d8d10
Event: 10,316 Thread 0x00007f6310162800 flushing nmethod 0x00007f630d34fd90
Event: 10,443 Executing VM operation: ParallelGCFailedAllocation


Dynamic libraries:
00400000-00401000 r-xp 00000000 08:01 186172                             /usr/lib/jvm/java-7-oracle/bin/java
00600000-00601000 rw-p 00000000 08:01 186172                             /usr/lib/jvm/java-7-oracle/bin/java
0192e000-0194f000 rw-p 00000000 00:00 0                                  [heap]
dae00000-dc300000 rw-p 00000000 00:00 0 
dc300000-e0000000 rw-p 00000000 00:00 0 
e0000000-e8780000 rw-p 00000000 00:00 0 
ecf00000-f5500000 rw-p 00000000 00:00 0 
f5500000-100000000 rw-p 00000000 00:00 0 
7f62d0000000-7f62d0059000 rw-p 00000000 00:00 0 
7f62d0059000-7f62d4000000 ---p 00000000 00:00 0 
7f62d4000000-7f62d4021000 rw-p 00000000 00:00 0 
7f62d4021000-7f62d8000000 ---p 00000000 00:00 0 
7f62d8000000-7f62d8021000 rw-p 00000000 00:00 0 
7f62d8021000-7f62dc000000 ---p 00000000 00:00 0 
7f62dc000000-7f62dc021000 rw-p 00000000 00:00 0 
7f62dc021000-7f62e0000000 ---p 00000000 00:00 0 
7f62e0000000-7f62e16de000 rw-p 00000000 00:00 0 
7f62e16de000-7f62e4000000 ---p 00000000 00:00 0 
7f62e4000000-7f62e5e70000 rw-p 00000000 00:00 0 
7f62e5e70000-7f62e8000000 ---p 00000000 00:00 0 
7f62e8000000-7f62e8021000 rw-p 00000000 00:00 0 
7f62e8021000-7f62ec000000 ---p 00000000 00:00 0 
7f62eeb02000-7f62eeb05000 ---p 00000000 00:00 0 
7f62eeb05000-7f62eec03000 rw-p 00000000 00:00 0                          [stack:1657]
7f62eec03000-7f62eec06000 ---p 00000000 00:00 0 
7f62eec06000-7f62eed04000 rw-p 00000000 00:00 0                          [stack:1656]
7f62eed04000-7f62eed1b000 r-xp 00000000 08:01 319951                     /usr/lib/jvm/java-7-oracle/jre/lib/amd64/libnet.so
7f62eed1b000-7f62eef1a000 ---p 00017000 08:01 319951                     /usr/lib/jvm/java-7-oracle/jre/lib/amd64/libnet.so
7f62eef1a000-7f62eef1b000 rw-p 00016000 08:01 319951                     /usr/lib/jvm/java-7-oracle/jre/lib/amd64/libnet.so
7f62eef1b000-7f62eef2b000 r-xp 00000000 08:01 319955                     /usr/lib/jvm/java-7-oracle/jre/lib/amd64/libnio.so
7f62eef2b000-7f62ef12b000 ---p 00010000 08:01 319955                     /usr/lib/jvm/java-7-oracle/jre/lib/amd64/libnio.so
7f62ef12b000-7f62ef12c000 rw-p 00010000 08:01 319955                     /usr/lib/jvm/java-7-oracle/jre/lib/amd64/libnio.so
7f62ef12c000-7f62ef12d000 ---p 00000000 00:00 0 
7f62ef12d000-7f62ef22d000 rw-p 00000000 00:00 0                          [stack:1655]
7f62ef22d000-7f62ef230000 ---p 00000000 00:00 0 
7f62ef230000-7f62ef32e000 rw-p 00000000 00:00 0                          [stack:1654]
7f62ef32e000-7f62ef331000 ---p 00000000 00:00 0 
7f62ef331000-7f62ef42f000 rw-p 00000000 00:00 0                          [stack:1653]
7f62ef42f000-7f62ef432000 ---p 00000000 00:00 0 
7f62ef432000-7f62ef530000 rw-p 00000000 00:00 0                          [stack:1652]
7f62ef530000-7f62ef533000 ---p 00000000 00:00 0 
7f62ef533000-7f62ef631000 rw-p 00000000 00:00 0                          [stack:1651]
7f62ef631000-7f62f0000000 r--p 00000000 08:01 137197                     /usr/lib/locale/locale-archive
7f62f0000000-7f62f0021000 rw-p 00000000 00:00 0 
7f62f0021000-7f62f4000000 ---p 00000000 00:00 0 
7f62f4000000-7f62f4021000 rw-p 00000000 00:00 0 
7f62f4021000-7f62f8000000 ---p 00000000 00:00 0 
7f62f8000000-7f62f8021000 rw-p 00000000 00:00 0 
7f62f8021000-7f62fc000000 ---p 00000000 00:00 0 
7f62fc000000-7f62fc257000 rw-p 00000000 00:00 0 
7f62fc257000-7f6300000000 ---p 00000000 00:00 0 
7f6300000000-7f6300021000 rw-p 00000000 00:00 0 
7f6300021000-7f6304000000 ---p 00000000 00:00 0 
7f6304000000-7f6304021000 rw-p 00000000 00:00 0 
7f6304021000-7f6308000000 ---p 00000000 00:00 0 
7f6308000000-7f6308021000 rw-p 00000000 00:00 0 
7f6308021000-7f630c000000 ---p 00000000 00:00 0 
7f630c0f1000-7f630c0f4000 ---p 00000000 00:00 0 
7f630c0f4000-7f630c1f2000 rw-p 00000000 00:00 0                          [stack:1650]
7f630c1f2000-7f630c1f5000 ---p 00000000 00:00 0 
7f630c1f5000-7f630c2f3000 rw-p 00000000 00:00 0                          [stack:1649]
7f630c2f3000-7f630c2f4000 ---p 00000000 00:00 0 
7f630c2f4000-7f630d000000 rw-p 00000000 00:00 0                          [stack:1648]
7f630d000000-7f630d3b0000 rwxp 00000000 00:00 0 
7f630d3b0000-7f63102d9000 rw-p 00000000 00:00 0 
7f63102d9000-7f6314000000 ---p 00000000 00:00 0 
7f6314071000-7f63143bf000 rw-p 00000000 00:00 0 
7f63143bf000-7f631457f000 r--s 039fb000 08:01 186254                     /usr/lib/jvm/java-7-oracle/jre/lib/rt.jar
7f631457f000-7f6315a09000 rw-p 00000000 00:00 0 
7f6315a09000-7f6315a0a000 ---p 00000000 00:00 0 
7f6315a0a000-7f6315b0a000 rw-p 00000000 00:00 0                          [stack:1647]
7f6315b0a000-7f6315b0b000 ---p 00000000 00:00 0 
7f6315b0b000-7f6315c0b000 rw-p 00000000 00:00 0                          [stack:1646]
7f6315c0b000-7f6315c0c000 ---p 00000000 00:00 0 
7f6315c0c000-7f6315d0c000 rw-p 00000000 00:00 0                          [stack:1645]
7f6315d0c000-7f6315d0d000 ---p 00000000 00:00 0 
7f6315d0d000-7f6315e18000 rw-p 00000000 00:00 0                          [stack:1644]
7f6315e18000-7f6315e36000 rw-p 00000000 00:00 0 
7f6315e36000-7f6315e7a000 rw-p 00000000 00:00 0 
7f6315e7a000-7f6315ee1000 rw-p 00000000 00:00 0 
7f6315ee1000-7f6315eec000 rw-p 00000000 00:00 0 
7f6315eec000-7f6315f0a000 rw-p 00000000 00:00 0 
7f6315f0a000-7f6315f4e000 rw-p 00000000 00:00 0 
7f6315f4e000-7f6315fb4000 rw-p 00000000 00:00 0 
7f6315fb4000-7f631600a000 rw-p 00000000 00:00 0 
7f631600a000-7f631600b000 rw-p 00000000 00:00 0 
7f631600b000-7f6316022000 r-xp 00000000 08:01 319925                     /usr/lib/jvm/java-7-oracle/jre/lib/amd64/libzip.so
7f6316022000-7f6316222000 ---p 00017000 08:01 319925                     /usr/lib/jvm/java-7-oracle/jre/lib/amd64/libzip.so
7f6316222000-7f6316223000 rw-p 00017000 08:01 319925                     /usr/lib/jvm/java-7-oracle/jre/lib/amd64/libzip.so
7f6316223000-7f631622e000 r-xp 00000000 08:01 29309                      /lib/x86_64-linux-gnu/libnss_files-2.19.so
7f631622e000-7f631642d000 ---p 0000b000 08:01 29309                      /lib/x86_64-linux-gnu/libnss_files-2.19.so
7f631642d000-7f631642e000 r--p 0000a000 08:01 29309                      /lib/x86_64-linux-gnu/libnss_files-2.19.so
7f631642e000-7f631642f000 rw-p 0000b000 08:01 29309                      /lib/x86_64-linux-gnu/libnss_files-2.19.so
7f631642f000-7f631643a000 r-xp 00000000 08:01 30168                      /lib/x86_64-linux-gnu/libnss_nis-2.19.so
7f631643a000-7f6316639000 ---p 0000b000 08:01 30168                      /lib/x86_64-linux-gnu/libnss_nis-2.19.so
7f6316639000-7f631663a000 r--p 0000a000 08:01 30168                      /lib/x86_64-linux-gnu/libnss_nis-2.19.so
7f631663a000-7f631663b000 rw-p 0000b000 08:01 30168                      /lib/x86_64-linux-gnu/libnss_nis-2.19.so
7f631663b000-7f6316652000 r-xp 00000000 08:01 29402                      /lib/x86_64-linux-gnu/libnsl-2.19.so
7f6316652000-7f6316851000 ---p 00017000 08:01 29402                      /lib/x86_64-linux-gnu/libnsl-2.19.so
7f6316851000-7f6316852000 r--p 00016000 08:01 29402                      /lib/x86_64-linux-gnu/libnsl-2.19.so
7f6316852000-7f6316853000 rw-p 00017000 08:01 29402                      /lib/x86_64-linux-gnu/libnsl-2.19.so
7f6316853000-7f6316855000 rw-p 00000000 00:00 0 
7f6316855000-7f631685e000 r-xp 00000000 08:01 29401                      /lib/x86_64-linux-gnu/libnss_compat-2.19.so
7f631685e000-7f6316a5d000 ---p 00009000 08:01 29401                      /lib/x86_64-linux-gnu/libnss_compat-2.19.so
7f6316a5d000-7f6316a5e000 r--p 00008000 08:01 29401                      /lib/x86_64-linux-gnu/libnss_compat-2.19.so
7f6316a5e000-7f6316a5f000 rw-p 00009000 08:01 29401                      /lib/x86_64-linux-gnu/libnss_compat-2.19.so
7f6316a5f000-7f6316a88000 r-xp 00000000 08:01 319976                     /usr/lib/jvm/java-7-oracle/jre/lib/amd64/libjava.so
7f6316a88000-7f6316c88000 ---p 00029000 08:01 319976                     /usr/lib/jvm/java-7-oracle/jre/lib/amd64/libjava.so
7f6316c88000-7f6316c8a000 rw-p 00029000 08:01 319976                     /usr/lib/jvm/java-7-oracle/jre/lib/amd64/libjava.so
7f6316c8a000-7f6316c97000 r-xp 00000000 08:01 319980                     /usr/lib/jvm/java-7-oracle/jre/lib/amd64/libverify.so
7f6316c97000-7f6316e96000 ---p 0000d000 08:01 319980                     /usr/lib/jvm/java-7-oracle/jre/lib/amd64/libverify.so
7f6316e96000-7f6316e98000 rw-p 0000c000 08:01 319980                     /usr/lib/jvm/java-7-oracle/jre/lib/amd64/libverify.so
7f6316e98000-7f6316e9f000 r-xp 00000000 08:01 29705                      /lib/x86_64-linux-gnu/librt-2.19.so
7f6316e9f000-7f631709e000 ---p 00007000 08:01 29705                      /lib/x86_64-linux-gnu/librt-2.19.so
7f631709e000-7f631709f000 r--p 00006000 08:01 29705                      /lib/x86_64-linux-gnu/librt-2.19.so
7f631709f000-7f63170a0000 rw-p 00007000 08:01 29705                      /lib/x86_64-linux-gnu/librt-2.19.so
7f63170a0000-7f63171a5000 r-xp 00000000 08:01 29308                      /lib/x86_64-linux-gnu/libm-2.19.so
7f63171a5000-7f63173a4000 ---p 00105000 08:01 29308                      /lib/x86_64-linux-gnu/libm-2.19.so
7f63173a4000-7f63173a5000 r--p 00104000 08:01 29308                      /lib/x86_64-linux-gnu/libm-2.19.so
7f63173a5000-7f63173a6000 rw-p 00105000 08:01 29308                      /lib/x86_64-linux-gnu/libm-2.19.so
7f63173a6000-7f6317f1c000 r-xp 00000000 08:01 319929                     /usr/lib/jvm/java-7-oracle/jre/lib/amd64/server/libjvm.so
7f6317f1c000-7f631811b000 ---p 00b76000 08:01 319929                     /usr/lib/jvm/java-7-oracle/jre/lib/amd64/server/libjvm.so
7f631811b000-7f63181df000 rw-p 00b75000 08:01 319929                     /usr/lib/jvm/java-7-oracle/jre/lib/amd64/server/libjvm.so
7f63181df000-7f6318220000 rw-p 00000000 00:00 0 
7f6318220000-7f63183db000 r-xp 00000000 08:01 29701                      /lib/x86_64-linux-gnu/libc-2.19.so
7f63183db000-7f63185da000 ---p 001bb000 08:01 29701                      /lib/x86_64-linux-gnu/libc-2.19.so
7f63185da000-7f63185de000 r--p 001ba000 08:01 29701                      /lib/x86_64-linux-gnu/libc-2.19.so
7f63185de000-7f63185e0000 rw-p 001be000 08:01 29701                      /lib/x86_64-linux-gnu/libc-2.19.so
7f63185e0000-7f63185e5000 rw-p 00000000 00:00 0 
7f63185e5000-7f63185e8000 r-xp 00000000 08:01 29381                      /lib/x86_64-linux-gnu/libdl-2.19.so
7f63185e8000-7f63187e7000 ---p 00003000 08:01 29381                      /lib/x86_64-linux-gnu/libdl-2.19.so
7f63187e7000-7f63187e8000 r--p 00002000 08:01 29381                      /lib/x86_64-linux-gnu/libdl-2.19.so
7f63187e8000-7f63187e9000 rw-p 00003000 08:01 29381                      /lib/x86_64-linux-gnu/libdl-2.19.so
7f63187e9000-7f63187fe000 r-xp 00000000 08:01 186125                     /usr/lib/jvm/java-7-oracle/lib/amd64/jli/libjli.so
7f63187fe000-7f63189fd000 ---p 00015000 08:01 186125                     /usr/lib/jvm/java-7-oracle/lib/amd64/jli/libjli.so
7f63189fd000-7f63189fe000 rw-p 00014000 08:01 186125                     /usr/lib/jvm/java-7-oracle/lib/amd64/jli/libjli.so
7f63189fe000-7f6318a17000 r-xp 00000000 08:01 29702                      /lib/x86_64-linux-gnu/libpthread-2.19.so
7f6318a17000-7f6318c16000 ---p 00019000 08:01 29702                      /lib/x86_64-linux-gnu/libpthread-2.19.so
7f6318c16000-7f6318c17000 r--p 00018000 08:01 29702                      /lib/x86_64-linux-gnu/libpthread-2.19.so
7f6318c17000-7f6318c18000 rw-p 00019000 08:01 29702                      /lib/x86_64-linux-gnu/libpthread-2.19.so
7f6318c18000-7f6318c1c000 rw-p 00000000 00:00 0 
7f6318c1c000-7f6318c3f000 r-xp 00000000 08:01 29456                      /lib/x86_64-linux-gnu/ld-2.19.so
7f6318c4b000-7f6318c4c000 rw-p 00000000 00:00 0 
7f6318c4c000-7f6318c52000 r--s 00062000 08:01 112269                     /home/matteo/.titanium/mobilesdk/linux/5.0.2.GA/android/modules/titanium-ui.jar
7f6318c52000-7f6318c61000 r--s 000df000 08:01 791036                     /home/matteo/android-sdk-linux/build-tools/23.0.2/lib/dx.jar
7f6318c61000-7f6318c70000 rw-p 00000000 00:00 0 
7f6318c70000-7f6318d21000 rw-p 00000000 00:00 0 
7f6318d21000-7f6318d24000 ---p 00000000 00:00 0 
7f6318d24000-7f6318e32000 rw-p 00000000 00:00 0                          [stack:1643]
7f6318e32000-7f6318e3a000 rw-s 00000000 08:01 115917                     /tmp/hsperfdata_matteo/1642
7f6318e3a000-7f6318e3b000 rw-p 00000000 00:00 0 
7f6318e3b000-7f6318e3c000 ---p 00000000 00:00 0 
7f6318e3c000-7f6318e3e000 rw-p 00000000 00:00 0 
7f6318e3e000-7f6318e3f000 r--p 00022000 08:01 29456                      /lib/x86_64-linux-gnu/ld-2.19.so
7f6318e3f000-7f6318e40000 rw-p 00023000 08:01 29456                      /lib/x86_64-linux-gnu/ld-2.19.so
7f6318e40000-7f6318e41000 rw-p 00000000 00:00 0 
7ffe9efe6000-7ffe9f009000 rw-p 00000000 00:00 0                          [stack]
7ffe9f0b6000-7ffe9f0b8000 r-xp 00000000 00:00 0                          [vdso]
ffffffffff600000-ffffffffff601000 r-xp 00000000 00:00 0                  [vsyscall]

VM Arguments:
jvm_args: -Xmx512M -XX:-UseGCOverheadLimit -Djava.ext.dirs=/home/matteo/android-sdk-linux/platform-tools 
java_command: /home/matteo/android-sdk-linux/build-tools/23.0.2/lib/dx.jar --dex --output=/home/matteo/dev/bookmarkpack-client-appcelerator/build/android/bin/classes.dex /home/matteo/dev/bookmarkpack-client-appcelerator/build/android/bin/classes /home/matteo/.titanium/mobilesdk/linux/5.0.2.GA/android/lib/titanium-verify.jar /home/matteo/.titanium/mobilesdk/linux/5.0.2.GA/android/kroll-v8.jar /home/matteo/.titanium/mobilesdk/linux/5.0.2.GA/android/modules/titanium-analytics.jar /home/matteo/.titanium/mobilesdk/linux/5.0.2.GA/android/aps-analytics.jar /home/matteo/.titanium/mobilesdk/linux/5.0.2.GA/android/modules/titanium-android.jar /home/matteo/.titanium/mobilesdk/linux/5.0.2.GA/android/jaxen-1.1.1.jar /home/matteo/.titanium/mobilesdk/linux/5.0.2.GA/android/ti-commons-codec-1.3.jar /home/matteo/.titanium/mobilesdk/linux/5.0.2.GA/android/kroll-common.jar /home/matteo/.titanium/mobilesdk/linux/5.0.2.GA/android/titanium.jar /home/matteo/.titanium/mobilesdk/linux/5.0.2.GA/android/modules/titanium-app.jar /home/matteo/.titanium/mobilesdk/linux/5.0.2.GA/android/modules/titanium-ui.jar /home/matteo/.titanium/mobilesdk/linux/5.0.2.GA/android/nineoldandroids-appc-2.4.0.jar /home/matteo/.titanium/mobilesdk/linux/5.0.2.GA/android/modules/titanium-filesystem.jar /home/matteo/.titanium/mobilesdk/linux/5.0.2.GA/android/modules/titanium-media.jar /home/matteo/.titanium/mobilesdk/linux/5.0.2.GA/android/modules/titanium-appcompat.jar /home/matteo/.titanium/mobilesdk/linux/5.0.2.GA/android/android-support-v4.jar /home/matteo/.titanium/mobilesdk/linux/5.0.2.GA/android/android-support-v7-appcompat.jar /home/matteo/.titanium/mobilesdk/linux/5.0.2.GA/android/modules/titanium-locale.jar /home/matteo/.titanium/mobilesdk/linux/5.0.2.GA/android/modules/titanium-network.jar /home/matteo/.titanium/mobilesdk/linux/5.0.2.GA/android/modules/titanium-xml.jar /home/matteo/.titanium/mobilesdk/linux/5.0.2.GA/android/modules/titanium-platform.jar /home/matteo/.titanium/mobilesdk/linux/5.0.2.GA/andr
Launcher Type: SUN_STANDARD

Environment Variables:
JAVA_HOME=/usr/lib/jvm/java-7-oracle
PATH=/usr/local/heroku/bin:/usr/local/sbin:/usr/local/bin:/usr/sbin:/usr/bin:/sbin:/bin:/usr/games:/usr/local/games:/usr/lib/jvm/java-7-oracle/bin:/usr/lib/jvm/java-7-oracle/db/bin:/usr/lib/jvm/java-7-oracle/jre/bin
SHELL=/usr/bin/fish
DISPLAY=:0.0

Signal Handlers:
SIGSEGV: [libjvm.so+0x9a3b20], sa_mask[0]=0x7ffbfeff, sa_flags=0x10000004
SIGBUS: [libjvm.so+0x9a3b20], sa_mask[0]=0x7ffbfeff, sa_flags=0x10000004
SIGFPE: [libjvm.so+0x81e740], sa_mask[0]=0x7ffbfeff, sa_flags=0x10000004
SIGPIPE: [libjvm.so+0x81e740], sa_mask[0]=0x7ffbfeff, sa_flags=0x10000004
SIGXFSZ: [libjvm.so+0x81e740], sa_mask[0]=0x7ffbfeff, sa_flags=0x10000004
SIGILL: [libjvm.so+0x81e740], sa_mask[0]=0x7ffbfeff, sa_flags=0x10000004
SIGUSR1: SIG_DFL, sa_mask[0]=0x00000000, sa_flags=0x00000000
SIGUSR2: [libjvm.so+0x81ffb0], sa_mask[0]=0x00000000, sa_flags=0x10000004
SIGHUP: [libjvm.so+0x8210d0], sa_mask[0]=0x7ffbfeff, sa_flags=0x10000004
SIGINT: [libjvm.so+0x8210d0], sa_mask[0]=0x7ffbfeff, sa_flags=0x10000004
SIGTERM: [libjvm.so+0x8210d0], sa_mask[0]=0x7ffbfeff, sa_flags=0x10000004
SIGQUIT: [libjvm.so+0x8210d0], sa_mask[0]=0x7ffbfeff, sa_flags=0x10000004


---------------  S Y S T E M  ---------------

OS:jessie/sid

uname:Linux 3.13.0-68-generic #111-Ubuntu SMP Fri Nov 6 18:17:06 UTC 2015 x86_64
libc:glibc 2.19 NPTL 2.19 
rlimit: STACK 8192k, CORE 0k, NPROC 31456, NOFILE 4096, AS infinity
load average:1,81 0,91 0,61

/proc/meminfo:
MemTotal:        4047988 kB
MemFree:           93596 kB
Buffers:            2088 kB
Cached:           151372 kB
SwapCached:            0 kB
Active:          3617956 kB
Inactive:         130248 kB
Active(anon):    3597004 kB
Inactive(anon):   110556 kB
Active(file):      20952 kB
Inactive(file):    19692 kB
Unevictable:          32 kB
Mlocked:              32 kB
SwapTotal:             0 kB
SwapFree:              0 kB
Dirty:               240 kB
Writeback:             0 kB
AnonPages:       3595384 kB
Mapped:           138664 kB
Shmem:            112356 kB
Slab:              78884 kB
SReclaimable:      43360 kB
SUnreclaim:        35524 kB
KernelStack:        5688 kB
PageTables:        71296 kB
NFS_Unstable:          0 kB
Bounce:                0 kB
WritebackTmp:          0 kB
CommitLimit:     2023992 kB
Committed_AS:   10461248 kB
VmallocTotal:   34359738367 kB
VmallocUsed:       56460 kB
VmallocChunk:   34359676696 kB
HardwareCorrupted:     0 kB
AnonHugePages:   1234944 kB
HugePages_Total:       0
HugePages_Free:        0
HugePages_Rsvd:        0
HugePages_Surp:        0
Hugepagesize:       2048 kB
DirectMap4k:       53184 kB
DirectMap2M:     4141056 kB


CPU:total 4 (4 cores per cpu, 1 threads per core) family 6 model 58 stepping 9, cmov, cx8, fxsr, mmx, sse, sse2, sse3, ssse3, sse4.1, sse4.2, popcnt, avx, aes, tsc, tscinvbit, tscinv

/proc/cpuinfo:
processor	: 0
vendor_id	: GenuineIntel
cpu family	: 6
model		: 58
model name	: Intel(R) Core(TM) i7-3632QM CPU @ 2.20GHz
stepping	: 9
microcode	: 0x19
cpu MHz		: 2195.022
cache size	: 6144 KB
physical id	: 0
siblings	: 4
core id		: 0
cpu cores	: 4
apicid		: 0
initial apicid	: 0
fpu		: yes
fpu_exception	: yes
cpuid level	: 13
wp		: yes
flags		: fpu vme de pse tsc msr pae mce cx8 apic sep mtrr pge mca cmov pat pse36 clflush mmx fxsr sse sse2 ht syscall nx rdtscp lm constant_tsc rep_good nopl xtopology nonstop_tsc pni pclmulqdq ssse3 cx16 sse4_1 sse4_2 popcnt aes xsave avx rdrand hypervisor lahf_lm
bogomips	: 4390.04
clflush size	: 64
cache_alignment	: 64
address sizes	: 36 bits physical, 48 bits virtual
power management:

processor	: 1
vendor_id	: GenuineIntel
cpu family	: 6
model		: 58
model name	: Intel(R) Core(TM) i7-3632QM CPU @ 2.20GHz
stepping	: 9
microcode	: 0x19
cpu MHz		: 2195.022
cache size	: 6144 KB
physical id	: 0
siblings	: 4
core id		: 1
cpu cores	: 4
apicid		: 1
initial apicid	: 1
fpu		: yes
fpu_exception	: yes
cpuid level	: 13
wp		: yes
flags		: fpu vme de pse tsc msr pae mce cx8 apic sep mtrr pge mca cmov pat pse36 clflush mmx fxsr sse sse2 ht syscall nx rdtscp lm constant_tsc rep_good nopl xtopology nonstop_tsc pni pclmulqdq ssse3 cx16 sse4_1 sse4_2 popcnt aes xsave avx rdrand hypervisor lahf_lm
bogomips	: 4390.04
clflush size	: 64
cache_alignment	: 64
address sizes	: 36 bits physical, 48 bits virtual
power management:

processor	: 2
vendor_id	: GenuineIntel
cpu family	: 6
model		: 58
model name	: Intel(R) Core(TM) i7-3632QM CPU @ 2.20GHz
stepping	: 9
microcode	: 0x19
cpu MHz		: 2195.022
cache size	: 6144 KB
physical id	: 0
siblings	: 4
core id		: 2
cpu cores	: 4
apicid		: 2
initial apicid	: 2
fpu		: yes
fpu_exception	: yes
cpuid level	: 13
wp		: yes
flags		: fpu vme de pse tsc msr pae mce cx8 apic sep mtrr pge mca cmov pat pse36 clflush mmx fxsr sse sse2 ht syscall nx rdtscp lm constant_tsc rep_good nopl xtopology nonstop_tsc pni pclmulqdq ssse3 cx16 sse4_1 sse4_2 popcnt aes xsave avx rdrand hypervisor lahf_lm
bogomips	: 4390.04
clflush size	: 64
cache_alignment	: 64
address sizes	: 36 bits physical, 48 bits virtual
power management:

processor	: 3
vendor_id	: GenuineIntel
cpu family	: 6
model		: 58
model name	: Intel(R) Core(TM) i7-3632QM CPU @ 2.20GHz
stepping	: 9
microcode	: 0x19
cpu MHz		: 2195.022
cache size	: 6144 KB
physical id	: 0
siblings	: 4
core id		: 3
cpu cores	: 4
apicid		: 3
initial apicid	: 3
fpu		: yes
fpu_exception	: yes
cpuid level	: 13
wp		: yes
flags		: fpu vme de pse tsc msr pae mce cx8 apic sep mtrr pge mca cmov pat pse36 clflush mmx fxsr sse sse2 ht syscall nx rdtscp lm constant_tsc rep_good nopl xtopology nonstop_tsc pni pclmulqdq ssse3 cx16 sse4_1 sse4_2 popcnt aes xsave avx rdrand hypervisor lahf_lm
bogomips	: 4390.04
clflush size	: 64
cache_alignment	: 64
address sizes	: 36 bits physical, 48 bits virtual
power management:



Memory: 4k page, physical 4047988k(94188k free), swap 0k(0k free)

vm_info: Java HotSpot(TM) 64-Bit Server VM (24.80-b11) for linux-amd64 JRE (1.7.0_80-b15), built on Apr 10 2015 19:53:14 by "java_re" with gcc 4.3.0 20080428 (Red Hat 4.3.0-8)

time: Fri Nov 13 16:04:37 2015
elapsed time: 11 seconds

