#
# There is insufficient memory for the Java Runtime Environment to continue.
# Native memory allocation (malloc) failed to allocate 82837504 bytes for committing reserved memory.
# Possible reasons:
#   The system is out of physical RAM or swap space
#   In 32 bit mode, the process size limit was hit
# Possible solutions:
#   Reduce memory load on the system
#   Increase physical memory or swap space
#   Check if swap backing store is full
#   Use 64 bit Java on a 64 bit OS
#   Decrease Java heap size (-Xmx/-Xms)
#   Decrease number of Java threads
#   Decrease Java thread stack sizes (-Xss)
#   Set larger code cache with -XX:ReservedCodeCacheSize=
# This output file may be truncated or incomplete.
#
#  Out of Memory Error (os_linux.cpp:2756), pid=32746, tid=139804413957888
#
# JRE version: Java(TM) SE Runtime Environment (7.0_80-b15) (build 1.7.0_80-b15)
# Java VM: Java HotSpot(TM) 64-Bit Server VM (24.80-b11 mixed mode linux-amd64 compressed oops)
# Failed to write core dump. Core dumps have been disabled. To enable core dumping, try "ulimit -c unlimited" before starting Java again
#

---------------  T H R E A D  ---------------

Current thread (0x00007f26bc131800):  VMThread [stack: 0x00007f26c05e9000,0x00007f26c06ea000] [id=32752]

Stack: [0x00007f26c05e9000,0x00007f26c06ea000],  sp=0x00007f26c06e8040,  free space=1020k
Native frames: (J=compiled Java code, j=interpreted, Vv=VM code, C=native code)
V  [libjvm.so+0x9a320a]  VMError::report_and_die()+0x2ea
V  [libjvm.so+0x498d3b]  report_vm_out_of_memory(char const*, int, unsigned long, char const*)+0x9b
V  [libjvm.so+0x82191e]  os::Linux::commit_memory_impl(char*, unsigned long, bool)+0xfe
V  [libjvm.so+0x821e69]  os::pd_commit_memory(char*, unsigned long, unsigned long, bool)+0x29
V  [libjvm.so+0x81bb6a]  os::commit_memory(char*, unsigned long, unsigned long, bool)+0x2a
V  [libjvm.so+0x88d623]  PSVirtualSpace::expand_by(unsigned long)+0x53
V  [libjvm.so+0x88e9f8]  PSYoungGen::resize_generation(unsigned long, unsigned long)+0xf8
V  [libjvm.so+0x88db62]  PSYoungGen::resize(unsigned long, unsigned long)+0x22
V  [libjvm.so+0x88af1d]  PSScavenge::invoke_no_policy()+0xf3d
V  [libjvm.so+0x88b761]  PSScavenge::invoke()+0x41
V  [libjvm.so+0x843f40]  ParallelScavengeHeap::failed_mem_allocate(unsigned long)+0x70
V  [libjvm.so+0x9a4a97]  VM_ParallelGCFailedAllocation::doit()+0x97
V  [libjvm.so+0x9abf35]  VM_Operation::evaluate()+0x55
V  [libjvm.so+0x9aa2fa]  VMThread::evaluate_operation(VM_Operation*)+0xba
V  [libjvm.so+0x9aa67e]  VMThread::loop()+0x1ce
V  [libjvm.so+0x9aaaf0]  VMThread::run()+0x70
V  [libjvm.so+0x8238c8]  java_start(Thread*)+0x108

VM_Operation (0x00007f26b5d74d50): ParallelGCFailedAllocation, mode: safepoint, requested by thread 0x00007f26bc234000


---------------  P R O C E S S  ---------------

Java Threads: ( => current thread )
  0x00007f26bc235800 JavaThread "pool-2-thread-1" [_thread_blocked, id=32761, stack(0x00007f26b5b75000,0x00007f26b5c76000)]
  0x00007f26bc234000 JavaThread "pool-1-thread-1" [_thread_blocked, id=32760, stack(0x00007f26b5c76000,0x00007f26b5d77000)]
  0x00007f26bc15f800 JavaThread "Service Thread" daemon [_thread_blocked, id=32758, stack(0x00007f26b62a0000,0x00007f26b63a1000)]
  0x00007f26bc15d800 JavaThread "C2 CompilerThread1" daemon [_thread_blocked, id=32757, stack(0x00007f26c00e4000,0x00007f26c01e5000)]
  0x00007f26bc15a800 JavaThread "C2 CompilerThread0" daemon [_thread_blocked, id=32756, stack(0x00007f26c01e5000,0x00007f26c02e6000)]
  0x00007f26bc158000 JavaThread "Signal Dispatcher" daemon [_thread_blocked, id=32755, stack(0x00007f26c02e6000,0x00007f26c03e7000)]
  0x00007f26bc138000 JavaThread "Finalizer" daemon [_thread_blocked, id=32754, stack(0x00007f26c03e7000,0x00007f26c04e8000)]
  0x00007f26bc136000 JavaThread "Reference Handler" daemon [_thread_blocked, id=32753, stack(0x00007f26c04e8000,0x00007f26c05e9000)]
  0x00007f26bc00a800 JavaThread "main" [_thread_blocked, id=32747, stack(0x00007f26c4fc1000,0x00007f26c50c2000)]

Other Threads:
=>0x00007f26bc131800 VMThread [stack: 0x00007f26c05e9000,0x00007f26c06ea000] [id=32752]
  0x00007f26bc16a800 WatcherThread [stack: 0x00007f26b619f000,0x00007f26b62a0000] [id=32759]

VM state:at safepoint (normal execution)

VM Mutex/Monitor currently owned by a thread:  ([mutex/lock_event])
[0x00007f26bc006fd0] Threads_lock - owner thread: 0x00007f26bc131800
[0x00007f26bc0074d0] Heap_lock - owner thread: 0x00007f26bc234000

Heap
 PSYoungGen      total 209408K, used 26506K [0x00000000eaa80000, 0x00000000fa400000, 0x0000000100000000)
  eden space 174592K, 0% used [0x00000000eaa80000,0x00000000eaa80000,0x00000000f5500000)
  from space 34816K, 76% used [0x00000000f6000000,0x00000000f79e2bb0,0x00000000f8200000)
  to   space 28160K, 0% used [0x00000000f8880000,0x00000000f8880000,0x00000000fa400000)
 ParOldGen       total 74240K, used 72500K [0x00000000c0000000, 0x00000000c4880000, 0x00000000eaa80000)
  object space 74240K, 97% used [0x00000000c0000000,0x00000000c46cd1b0,0x00000000c4880000)
 PSPermGen       total 21504K, used 6032K [0x00000000bae00000, 0x00000000bc300000, 0x00000000c0000000)
  object space 21504K, 28% used [0x00000000bae00000,0x00000000bb3e4190,0x00000000bc300000)

Card table byte_map: [0x00007f26c2081000,0x00007f26c22ab000] byte_map_base: 0x00007f26c1aaa000

Polling page: 0x00007f26c50db000

Code Cache  [0x00007f26b9000000, 0x00007f26b9360000, 0x00007f26bc000000)
 total_blobs=1082 nmethods=852 adapters=183 free_code_cache=45962Kb largest_free_block=46837376

Compilation events (10 events):
Event: 8,448 Thread 0x00007f26bc15d800 nmethod 880 0x00007f26b9185b50 code [0x00007f26b9185de0, 0x00007f26b9186cd0]
Event: 8,453 Thread 0x00007f26bc15a800 nmethod 882 0x00007f26b90fcc50 code [0x00007f26b90fcde0, 0x00007f26b90fd418]
Event: 8,456 Thread 0x00007f26bc15d800  883   !         com.android.dx.dex.cf.CfTranslator::processMethods (583 bytes)
Event: 8,470 Thread 0x00007f26bc15a800  884             com.android.dx.ssa.SCCP::replaceConstants (209 bytes)
Event: 8,495 Thread 0x00007f26bc15a800 nmethod 884 0x00007f26b9181250 code [0x00007f26b9181520, 0x00007f26b9182280]
Event: 8,502 Thread 0x00007f26bc15a800  885 %           com.android.dx.dex.code.RopTranslator::pickOrder @ 33 (400 bytes)
Event: 8,546 Thread 0x00007f26bc15a800 nmethod 885% 0x00007f26b9144490 code [0x00007f26b9144760, 0x00007f26b9146420]
Event: 8,546 Thread 0x00007f26bc15a800  886             com.android.dx.rop.code.RopMethod::<init> (53 bytes)
Event: 8,547 Thread 0x00007f26bc15a800 nmethod 886 0x00007f26b90fc990 code [0x00007f26b90fcae0, 0x00007f26b90fcb98]
Event: 8,547 Thread 0x00007f26bc15a800  887             com.android.dx.dex.file.ValueEncoder::addContents (75 bytes)

GC Heap History (10 events):
Event: 4,490 GC heap after
Heap after GC invocations=7 (full 0):
 PSYoungGen      total 74752K, used 10727K [0x00000000eaa80000, 0x00000000f4780000, 0x0000000100000000)
  eden space 64000K, 0% used [0x00000000eaa80000,0x00000000eaa80000,0x00000000ee900000)
  from space 10752K, 99% used [0x00000000ee900000,0x00000000ef379e90,0x00000000ef380000)
  to   space 16384K, 0% used [0x00000000f3780000,0x00000000f3780000,0x00000000f4780000)
 ParOldGen       total 41984K, used 18453K [0x00000000c0000000, 0x00000000c2900000, 0x00000000eaa80000)
  object space 41984K, 43% used [0x00000000c0000000,0x00000000c1205570,0x00000000c2900000)
 PSPermGen       total 21504K, used 5924K [0x00000000bae00000, 0x00000000bc300000, 0x00000000c0000000)
  object space 21504K, 27% used [0x00000000bae00000,0x00000000bb3c9068,0x00000000bc300000)
}
Event: 5,305 GC heap before
{Heap before GC invocations=8 (full 0):
 PSYoungGen      total 74752K, used 74727K [0x00000000eaa80000, 0x00000000f4780000, 0x0000000100000000)
  eden space 64000K, 100% used [0x00000000eaa80000,0x00000000ee900000,0x00000000ee900000)
  from space 10752K, 99% used [0x00000000ee900000,0x00000000ef379e90,0x00000000ef380000)
  to   space 16384K, 0% used [0x00000000f3780000,0x00000000f3780000,0x00000000f4780000)
 ParOldGen       total 41984K, used 18453K [0x00000000c0000000, 0x00000000c2900000, 0x00000000eaa80000)
  object space 41984K, 43% used [0x00000000c0000000,0x00000000c1205570,0x00000000c2900000)
 PSPermGen       total 21504K, used 5946K [0x00000000bae00000, 0x00000000bc300000, 0x00000000c0000000)
  object space 21504K, 27% used [0x00000000bae00000,0x00000000bb3ce880,0x00000000bc300000)
Event: 5,560 GC heap after
Heap after GC invocations=8 (full 0):
 PSYoungGen      total 139264K, used 16381K [0x00000000eaa80000, 0x00000000f5180000, 0x0000000100000000)
  eden space 122880K, 0% used [0x00000000eaa80000,0x00000000eaa80000,0x00000000f2280000)
  from space 16384K, 99% used [0x00000000f3780000,0x00000000f477f690,0x00000000f4780000)
  to   space 21504K, 0% used [0x00000000f2280000,0x00000000f2280000,0x00000000f3780000)
 ParOldGen       total 41984K, used 23381K [0x00000000c0000000, 0x00000000c2900000, 0x00000000eaa80000)
  object space 41984K, 55% used [0x00000000c0000000,0x00000000c16d5558,0x00000000c2900000)
 PSPermGen       total 21504K, used 5946K [0x00000000bae00000, 0x00000000bc300000, 0x00000000c0000000)
  object space 21504K, 27% used [0x00000000bae00000,0x00000000bb3ce880,0x00000000bc300000)
}
Event: 7,052 GC heap before
{Heap before GC invocations=9 (full 0):
 PSYoungGen      total 139264K, used 139261K [0x00000000eaa80000, 0x00000000f5180000, 0x0000000100000000)
  eden space 122880K, 100% used [0x00000000eaa80000,0x00000000f2280000,0x00000000f2280000)
  from space 16384K, 99% used [0x00000000f3780000,0x00000000f477f690,0x00000000f4780000)
  to   space 21504K, 0% used [0x00000000f2280000,0x00000000f2280000,0x00000000f3780000)
 ParOldGen       total 41984K, used 23381K [0x00000000c0000000, 0x00000000c2900000, 0x00000000eaa80000)
  object space 41984K, 55% used [0x00000000c0000000,0x00000000c16d5558,0x00000000c2900000)
 PSPermGen       total 21504K, used 6016K [0x00000000bae00000, 0x00000000bc300000, 0x00000000c0000000)
  object space 21504K, 27% used [0x00000000bae00000,0x00000000bb3e0238,0x00000000bc300000)
Event: 7,272 GC heap after
Heap after GC invocations=9 (full 0):
 PSYoungGen      total 144384K, used 21492K [0x00000000eaa80000, 0x00000000fa680000, 0x0000000100000000)
  eden space 122880K, 0% used [0x00000000eaa80000,0x00000000eaa80000,0x00000000f2280000)
  from space 21504K, 99% used [0x00000000f2280000,0x00000000f377d1a8,0x00000000f3780000)
  to   space 30720K, 0% used [0x00000000f8880000,0x00000000f8880000,0x00000000fa680000)
 ParOldGen       total 41984K, used 36683K [0x00000000c0000000, 0x00000000c2900000, 0x00000000eaa80000)
  object space 41984K, 87% used [0x00000000c0000000,0x00000000c23d2db0,0x00000000c2900000)
 PSPermGen       total 21504K, used 6016K [0x00000000bae00000, 0x00000000bc300000, 0x00000000c0000000)
  object space 21504K, 27% used [0x00000000bae00000,0x00000000bb3e0238,0x00000000bc300000)
}
Event: 7,273 GC heap before
{Heap before GC invocations=10 (full 1):
 PSYoungGen      total 144384K, used 21492K [0x00000000eaa80000, 0x00000000fa680000, 0x0000000100000000)
  eden space 122880K, 0% used [0x00000000eaa80000,0x00000000eaa80000,0x00000000f2280000)
  from space 21504K, 99% used [0x00000000f2280000,0x00000000f377d1a8,0x00000000f3780000)
  to   space 30720K, 0% used [0x00000000f8880000,0x00000000f8880000,0x00000000fa680000)
 ParOldGen       total 41984K, used 36683K [0x00000000c0000000, 0x00000000c2900000, 0x00000000eaa80000)
  object space 41984K, 87% used [0x00000000c0000000,0x00000000c23d2db0,0x00000000c2900000)
 PSPermGen       total 21504K, used 6016K [0x00000000bae00000, 0x00000000bc300000, 0x00000000c0000000)
  object space 21504K, 27% used [0x00000000bae00000,0x00000000bb3e0238,0x00000000bc300000)
Event: 7,694 GC heap after
Heap after GC invocations=10 (full 1):
 PSYoungGen      total 144384K, used 12755K [0x00000000eaa80000, 0x00000000fa680000, 0x0000000100000000)
  eden space 122880K, 0% used [0x00000000eaa80000,0x00000000eaa80000,0x00000000f2280000)
  from space 21504K, 59% used [0x00000000f2280000,0x00000000f2ef4ec8,0x00000000f3780000)
  to   space 30720K, 0% used [0x00000000f8880000,0x00000000f8880000,0x00000000fa680000)
 ParOldGen       total 74240K, used 41642K [0x00000000c0000000, 0x00000000c4880000, 0x00000000eaa80000)
  object space 74240K, 56% used [0x00000000c0000000,0x00000000c28aaaf0,0x00000000c4880000)
 PSPermGen       total 21504K, used 6011K [0x00000000bae00000, 0x00000000bc300000, 0x00000000c0000000)
  object space 21504K, 27% used [0x00000000bae00000,0x00000000bb3deea8,0x00000000bc300000)
}
Event: 8,027 GC heap before
{Heap before GC invocations=11 (full 1):
 PSYoungGen      total 144384K, used 135635K [0x00000000eaa80000, 0x00000000fa680000, 0x0000000100000000)
  eden space 122880K, 100% used [0x00000000eaa80000,0x00000000f2280000,0x00000000f2280000)
  from space 21504K, 59% used [0x00000000f2280000,0x00000000f2ef4ec8,0x00000000f3780000)
  to   space 30720K, 0% used [0x00000000f8880000,0x00000000f8880000,0x00000000fa680000)
 ParOldGen       total 74240K, used 41642K [0x00000000c0000000, 0x00000000c4880000, 0x00000000eaa80000)
  object space 74240K, 56% used [0x00000000c0000000,0x00000000c28aaaf0,0x00000000c4880000)
 PSPermGen       total 21504K, used 6027K [0x00000000bae00000, 0x00000000bc300000, 0x00000000c0000000)
  object space 21504K, 28% used [0x00000000bae00000,0x00000000bb3e2f58,0x00000000bc300000)
Event: 8,097 GC heap after
Heap after GC invocations=11 (full 1):
 PSYoungGen      total 202752K, used 27693K [0x00000000eaa80000, 0x00000000fa400000, 0x0000000100000000)
  eden space 174592K, 0% used [0x00000000eaa80000,0x00000000eaa80000,0x00000000f5500000)
  from space 28160K, 98% used [0x00000000f8880000,0x00000000fa38b400,0x00000000fa400000)
  to   space 34816K, 0% used [0x00000000f6000000,0x00000000f6000000,0x00000000f8200000)
 ParOldGen       total 74240K, used 46026K [0x00000000c0000000, 0x00000000c4880000, 0x00000000eaa80000)
  object space 74240K, 61% used [0x00000000c0000000,0x00000000c2cf2af0,0x00000000c4880000)
 PSPermGen       total 21504K, used 6027K [0x00000000bae00000, 0x00000000bc300000, 0x00000000c0000000)
  object space 21504K, 28% used [0x00000000bae00000,0x00000000bb3e2f58,0x00000000bc300000)
}
Event: 8,569 GC heap before
{Heap before GC invocations=12 (full 1):
 PSYoungGen      total 202752K, used 202285K [0x00000000eaa80000, 0x00000000fa400000, 0x0000000100000000)
  eden space 174592K, 100% used [0x00000000eaa80000,0x00000000f5500000,0x00000000f5500000)
  from space 28160K, 98% used [0x00000000f8880000,0x00000000fa38b400,0x00000000fa400000)
  to   space 34816K, 0% used [0x00000000f6000000,0x00000000f6000000,0x00000000f8200000)
 ParOldGen       total 74240K, used 46026K [0x00000000c0000000, 0x00000000c4880000, 0x00000000eaa80000)
  object space 74240K, 61% used [0x00000000c0000000,0x00000000c2cf2af0,0x00000000c4880000)
 PSPermGen       total 21504K, used 6032K [0x00000000bae00000, 0x00000000bc300000, 0x00000000c0000000)
  object space 21504K, 28% used [0x00000000bae00000,0x00000000bb3e4190,0x00000000bc300000)

Deoptimization events (10 events):
Event: 8,159 Thread 0x00007f26bc00a800 Uncommon trap: reason=class_check action=maybe_recompile pc=0x00007f26b9346730 method=com.android.dx.cf.code.BytecodeArray.parseInstruction(ILcom/android/dx/cf/code/BytecodeArray$Visitor;)I @ 2077
Event: 8,160 Thread 0x00007f26bc00a800 Uncommon trap: reason=unstable_if action=reinterpret pc=0x00007f26b92f27d0 method=com.android.dx.ssa.back.FirstFitLocalCombiningAllocator.handleCheckCastResults()V @ 302
Event: 8,177 Thread 0x00007f26bc00a800 Uncommon trap: reason=bimorphic action=maybe_recompile pc=0x00007f26b9344b8c method=com.android.dx.cf.code.BytecodeArray.parseInstruction(ILcom/android/dx/cf/code/BytecodeArray$Visitor;)I @ 2484
Event: 8,177 Thread 0x00007f26bc00a800 Uncommon trap: reason=bimorphic action=maybe_recompile pc=0x00007f26b9344b8c method=com.android.dx.cf.code.BytecodeArray.parseInstruction(ILcom/android/dx/cf/code/BytecodeArray$Visitor;)I @ 2484
Event: 8,213 Thread 0x00007f26bc00a800 Uncommon trap: reason=bimorphic action=maybe_recompile pc=0x00007f26b9300584 method=com.android.dx.cf.code.OneLocalsArray.set(ILcom/android/dx/rop/type/TypeBearer;)V @ 40
Event: 8,452 Thread 0x00007f26bc00a800 Uncommon trap: reason=unstable_if action=reinterpret pc=0x00007f26b92dba24 method=com.android.dx.rop.code.BasicBlockList.preferredSuccessorOf(Lcom/android/dx/rop/code/BasicBlock;)Lcom/android/dx/rop/code/BasicBlock; @ 58
Event: 8,452 Thread 0x00007f26bc00a800 Uncommon trap: reason=unstable_if action=reinterpret pc=0x00007f26b92025c4 method=com.android.dx.rop.code.BasicBlockList.preferredSuccessorOf(Lcom/android/dx/rop/code/BasicBlock;)Lcom/android/dx/rop/code/BasicBlock; @ 58
Event: 8,461 Thread 0x00007f26bc00a800 Uncommon trap: reason=bimorphic action=maybe_recompile pc=0x00007f26b917927c method=com.android.dx.ssa.LiteralOpUpgrader.tryReplacingWithConstant(Lcom/android/dx/ssa/NormalSsaInsn;)Z @ 62
Event: 8,466 Thread 0x00007f26bc234000 Uncommon trap: reason=class_check action=maybe_recompile pc=0x00007f26b90e5718 method=com.android.dx.ssa.SCCP.replaceConstants()V @ 182
Event: 8,469 Thread 0x00007f26bc234000 Uncommon trap: reason=class_check action=maybe_recompile pc=0x00007f26b90e5718 method=com.android.dx.ssa.SCCP.replaceConstants()V @ 182

Internal exceptions (10 events):
Event: 2,192 Thread 0x00007f26bc00a800 Threw 0x00000000eb286300 at /HUDSON/workspace/7u-2-build-linux-amd64/jdk7u80/2329/hotspot/src/share/vm/prims/jvm.cpp:1319
Event: 2,202 Thread 0x00007f26bc00a800 Threw 0x00000000eb390170 at /HUDSON/workspace/7u-2-build-linux-amd64/jdk7u80/2329/hotspot/src/share/vm/prims/jvm.cpp:1319
Event: 2,232 Thread 0x00007f26bc00a800 Implicit null exception at 0x00007f26b90cd6a8 to 0x00007f26b90ced59
Event: 4,702 Thread 0x00007f26bc00a800 Implicit null exception at 0x00007f26b923abcc to 0x00007f26b923d771
Event: 4,732 Thread 0x00007f26bc00a800 Threw 0x00000000eb971648 at /HUDSON/workspace/7u-2-build-linux-amd64/jdk7u80/2329/hotspot/src/share/vm/prims/jvm.cpp:1319
Event: 4,840 Thread 0x00007f26bc234000 Implicit null exception at 0x00007f26b91848f4 to 0x00007f26b918566d
Event: 4,840 Thread 0x00007f26bc234000 Implicit null exception at 0x00007f26b913606b to 0x00007f26b91362d5
Event: 4,896 Thread 0x00007f26bc234000 Implicit null exception at 0x00007f26b91801fc to 0x00007f26b91817e9
Event: 4,897 Thread 0x00007f26bc234000 Implicit null exception at 0x00007f26b90e6f3c to 0x00007f26b90e7051
Event: 6,083 Thread 0x00007f26bc00a800 Implicit null exception at 0x00007f26b92e5979 to 0x00007f26b92e8059

Events (10 events):
Event: 8,461 Thread 0x00007f26bc00a800 Uncommon trap: trap_request=0xffffffc6 fr.pc=0x00007f26b917927c
Event: 8,461 Thread 0x00007f26bc00a800 DEOPT PACKING pc=0x00007f26b917927c sp=0x00007f26c50bf8f0
Event: 8,461 Thread 0x00007f26bc00a800 DEOPT UNPACKING pc=0x00007f26b9039445 sp=0x00007f26c50bf7d8 mode 2
Event: 8,466 Thread 0x00007f26bc234000 Uncommon trap: trap_request=0xffffffde fr.pc=0x00007f26b90e5718
Event: 8,466 Thread 0x00007f26bc234000 DEOPT PACKING pc=0x00007f26b90e5718 sp=0x00007f26b5d74f10
Event: 8,466 Thread 0x00007f26bc234000 DEOPT UNPACKING pc=0x00007f26b9039445 sp=0x00007f26b5d74e88 mode 2
Event: 8,469 Thread 0x00007f26bc234000 Uncommon trap: trap_request=0xffffffde fr.pc=0x00007f26b90e5718
Event: 8,469 Thread 0x00007f26bc234000 DEOPT PACKING pc=0x00007f26b90e5718 sp=0x00007f26b5d74e80
Event: 8,469 Thread 0x00007f26bc234000 DEOPT UNPACKING pc=0x00007f26b9039445 sp=0x00007f26b5d74df8 mode 2
Event: 8,565 Executing VM operation: ParallelGCFailedAllocation


Dynamic libraries:
00400000-00401000 r-xp 00000000 08:01 186172                             /usr/lib/jvm/java-7-oracle/bin/java
00600000-00601000 rw-p 00000000 08:01 186172                             /usr/lib/jvm/java-7-oracle/bin/java
01d53000-01d74000 rw-p 00000000 00:00 0                                  [heap]
bae00000-bc300000 rw-p 00000000 00:00 0 
bc300000-c0000000 rw-p 00000000 00:00 0 
c0000000-c4880000 rw-p 00000000 00:00 0 
c4880000-eaa80000 rw-p 00000000 00:00 0 
eaa80000-fa400000 rw-p 00000000 00:00 0 
ff300000-100000000 rw-p 00000000 00:00 0 
7f2678000000-7f2678021000 rw-p 00000000 00:00 0 
7f2678021000-7f267c000000 ---p 00000000 00:00 0 
7f2680000000-7f2680021000 rw-p 00000000 00:00 0 
7f2680021000-7f2684000000 ---p 00000000 00:00 0 
7f2684000000-7f2684036000 rw-p 00000000 00:00 0 
7f2684036000-7f2688000000 ---p 00000000 00:00 0 
7f2688000000-7f2689661000 rw-p 00000000 00:00 0 
7f2689661000-7f268c000000 ---p 00000000 00:00 0 
7f268c000000-7f268c021000 rw-p 00000000 00:00 0 
7f268c021000-7f2690000000 ---p 00000000 00:00 0 
7f2690000000-7f2690021000 rw-p 00000000 00:00 0 
7f2690021000-7f2694000000 ---p 00000000 00:00 0 
7f2694000000-7f2695851000 rw-p 00000000 00:00 0 
7f2695851000-7f2698000000 ---p 00000000 00:00 0 
7f2698000000-7f2698021000 rw-p 00000000 00:00 0 
7f2698021000-7f269c000000 ---p 00000000 00:00 0 
7f269c000000-7f269c021000 rw-p 00000000 00:00 0 
7f269c021000-7f26a0000000 ---p 00000000 00:00 0 
7f26a0000000-7f26a0021000 rw-p 00000000 00:00 0 
7f26a0021000-7f26a4000000 ---p 00000000 00:00 0 
7f26a4000000-7f26a424f000 rw-p 00000000 00:00 0 
7f26a424f000-7f26a8000000 ---p 00000000 00:00 0 
7f26a8000000-7f26a8021000 rw-p 00000000 00:00 0 
7f26a8021000-7f26ac000000 ---p 00000000 00:00 0 
7f26ac000000-7f26ac021000 rw-p 00000000 00:00 0 
7f26ac021000-7f26b0000000 ---p 00000000 00:00 0 
7f26b0000000-7f26b0021000 rw-p 00000000 00:00 0 
7f26b0021000-7f26b4000000 ---p 00000000 00:00 0 
7f26b5b75000-7f26b5b78000 ---p 00000000 00:00 0 
7f26b5b78000-7f26b5c76000 rw-p 00000000 00:00 0                          [stack:32761]
7f26b5c76000-7f26b5c79000 ---p 00000000 00:00 0 
7f26b5c79000-7f26b5d77000 rw-p 00000000 00:00 0                          [stack:32760]
7f26b5d77000-7f26b5d8e000 r-xp 00000000 08:01 319951                     /usr/lib/jvm/java-7-oracle/jre/lib/amd64/libnet.so
7f26b5d8e000-7f26b5f8d000 ---p 00017000 08:01 319951                     /usr/lib/jvm/java-7-oracle/jre/lib/amd64/libnet.so
7f26b5f8d000-7f26b5f8e000 rw-p 00016000 08:01 319951                     /usr/lib/jvm/java-7-oracle/jre/lib/amd64/libnet.so
7f26b5f8e000-7f26b5f9e000 r-xp 00000000 08:01 319955                     /usr/lib/jvm/java-7-oracle/jre/lib/amd64/libnio.so
7f26b5f9e000-7f26b619e000 ---p 00010000 08:01 319955                     /usr/lib/jvm/java-7-oracle/jre/lib/amd64/libnio.so
7f26b619e000-7f26b619f000 rw-p 00010000 08:01 319955                     /usr/lib/jvm/java-7-oracle/jre/lib/amd64/libnio.so
7f26b619f000-7f26b61a0000 ---p 00000000 00:00 0 
7f26b61a0000-7f26b62a0000 rw-p 00000000 00:00 0                          [stack:32759]
7f26b62a0000-7f26b62a3000 ---p 00000000 00:00 0 
7f26b62a3000-7f26b63a1000 rw-p 00000000 00:00 0                          [stack:32758]
7f26b63a1000-7f26b6d70000 r--p 00000000 08:01 137197                     /usr/lib/locale/locale-archive
7f26b6d70000-7f26b9000000 rw-p 00000000 00:00 0 
7f26b9000000-7f26b9360000 rwxp 00000000 00:00 0 
7f26b9360000-7f26bc2e3000 rw-p 00000000 00:00 0 
7f26bc2e3000-7f26c0000000 ---p 00000000 00:00 0 
7f26c00d5000-7f26c00e4000 r--s 000df000 08:01 791036                     /home/matteo/android-sdk-linux/build-tools/23.0.2/lib/dx.jar
7f26c00e4000-7f26c00e7000 ---p 00000000 00:00 0 
7f26c00e7000-7f26c01e5000 rw-p 00000000 00:00 0                          [stack:32757]
7f26c01e5000-7f26c01e8000 ---p 00000000 00:00 0 
7f26c01e8000-7f26c02e6000 rw-p 00000000 00:00 0                          [stack:32756]
7f26c02e6000-7f26c02e9000 ---p 00000000 00:00 0 
7f26c02e9000-7f26c03e7000 rw-p 00000000 00:00 0                          [stack:32755]
7f26c03e7000-7f26c03ea000 ---p 00000000 00:00 0 
7f26c03ea000-7f26c04e8000 rw-p 00000000 00:00 0                          [stack:32754]
7f26c04e8000-7f26c04eb000 ---p 00000000 00:00 0 
7f26c04eb000-7f26c05e9000 rw-p 00000000 00:00 0                          [stack:32753]
7f26c05e9000-7f26c05ea000 ---p 00000000 00:00 0 
7f26c05ea000-7f26c1644000 rw-p 00000000 00:00 0                          [stack:32752]
7f26c1644000-7f26c1804000 r--s 039fb000 08:01 186254                     /usr/lib/jvm/java-7-oracle/jre/lib/rt.jar
7f26c1804000-7f26c1afe000 rw-p 00000000 00:00 0 
7f26c1afe000-7f26c1aff000 ---p 00000000 00:00 0 
7f26c1aff000-7f26c1bff000 rw-p 00000000 00:00 0                          [stack:32751]
7f26c1bff000-7f26c1c00000 ---p 00000000 00:00 0 
7f26c1c00000-7f26c1d00000 rw-p 00000000 00:00 0                          [stack:32750]
7f26c1d00000-7f26c1d01000 ---p 00000000 00:00 0 
7f26c1d01000-7f26c1e01000 rw-p 00000000 00:00 0                          [stack:32749]
7f26c1e01000-7f26c1e02000 ---p 00000000 00:00 0 
7f26c1e02000-7f26c1f0d000 rw-p 00000000 00:00 0                          [stack:32748]
7f26c1f0d000-7f26c1f2b000 rw-p 00000000 00:00 0 
7f26c1f2b000-7f26c1f50000 rw-p 00000000 00:00 0 
7f26c1f50000-7f26c2081000 rw-p 00000000 00:00 0 
7f26c2081000-7f26c208c000 rw-p 00000000 00:00 0 
7f26c208c000-7f26c20aa000 rw-p 00000000 00:00 0 
7f26c20aa000-7f26c20cf000 rw-p 00000000 00:00 0 
7f26c20cf000-7f26c21ff000 rw-p 00000000 00:00 0 
7f26c21ff000-7f26c227c000 rw-p 00000000 00:00 0 
7f26c227c000-7f26c227e000 ---p 00000000 00:00 0 
7f26c227e000-7f26c22aa000 rw-p 00000000 00:00 0 
7f26c22aa000-7f26c22ab000 rw-p 00000000 00:00 0 
7f26c22ab000-7f26c22c2000 r-xp 00000000 08:01 319925                     /usr/lib/jvm/java-7-oracle/jre/lib/amd64/libzip.so
7f26c22c2000-7f26c24c2000 ---p 00017000 08:01 319925                     /usr/lib/jvm/java-7-oracle/jre/lib/amd64/libzip.so
7f26c24c2000-7f26c24c3000 rw-p 00017000 08:01 319925                     /usr/lib/jvm/java-7-oracle/jre/lib/amd64/libzip.so
7f26c24c3000-7f26c24ce000 r-xp 00000000 08:01 29309                      /lib/x86_64-linux-gnu/libnss_files-2.19.so
7f26c24ce000-7f26c26cd000 ---p 0000b000 08:01 29309                      /lib/x86_64-linux-gnu/libnss_files-2.19.so
7f26c26cd000-7f26c26ce000 r--p 0000a000 08:01 29309                      /lib/x86_64-linux-gnu/libnss_files-2.19.so
7f26c26ce000-7f26c26cf000 rw-p 0000b000 08:01 29309                      /lib/x86_64-linux-gnu/libnss_files-2.19.so
7f26c26cf000-7f26c26da000 r-xp 00000000 08:01 30168                      /lib/x86_64-linux-gnu/libnss_nis-2.19.so
7f26c26da000-7f26c28d9000 ---p 0000b000 08:01 30168                      /lib/x86_64-linux-gnu/libnss_nis-2.19.so
7f26c28d9000-7f26c28da000 r--p 0000a000 08:01 30168                      /lib/x86_64-linux-gnu/libnss_nis-2.19.so
7f26c28da000-7f26c28db000 rw-p 0000b000 08:01 30168                      /lib/x86_64-linux-gnu/libnss_nis-2.19.so
7f26c28db000-7f26c28f2000 r-xp 00000000 08:01 29402                      /lib/x86_64-linux-gnu/libnsl-2.19.so
7f26c28f2000-7f26c2af1000 ---p 00017000 08:01 29402                      /lib/x86_64-linux-gnu/libnsl-2.19.so
7f26c2af1000-7f26c2af2000 r--p 00016000 08:01 29402                      /lib/x86_64-linux-gnu/libnsl-2.19.so
7f26c2af2000-7f26c2af3000 rw-p 00017000 08:01 29402                      /lib/x86_64-linux-gnu/libnsl-2.19.so
7f26c2af3000-7f26c2af5000 rw-p 00000000 00:00 0 
7f26c2af5000-7f26c2afe000 r-xp 00000000 08:01 29401                      /lib/x86_64-linux-gnu/libnss_compat-2.19.so
7f26c2afe000-7f26c2cfd000 ---p 00009000 08:01 29401                      /lib/x86_64-linux-gnu/libnss_compat-2.19.so
7f26c2cfd000-7f26c2cfe000 r--p 00008000 08:01 29401                      /lib/x86_64-linux-gnu/libnss_compat-2.19.so
7f26c2cfe000-7f26c2cff000 rw-p 00009000 08:01 29401                      /lib/x86_64-linux-gnu/libnss_compat-2.19.so
7f26c2cff000-7f26c2d28000 r-xp 00000000 08:01 319976                     /usr/lib/jvm/java-7-oracle/jre/lib/amd64/libjava.so
7f26c2d28000-7f26c2f28000 ---p 00029000 08:01 319976                     /usr/lib/jvm/java-7-oracle/jre/lib/amd64/libjava.so
7f26c2f28000-7f26c2f2a000 rw-p 00029000 08:01 319976                     /usr/lib/jvm/java-7-oracle/jre/lib/amd64/libjava.so
7f26c2f2a000-7f26c2f37000 r-xp 00000000 08:01 319980                     /usr/lib/jvm/java-7-oracle/jre/lib/amd64/libverify.so
7f26c2f37000-7f26c3136000 ---p 0000d000 08:01 319980                     /usr/lib/jvm/java-7-oracle/jre/lib/amd64/libverify.so
7f26c3136000-7f26c3138000 rw-p 0000c000 08:01 319980                     /usr/lib/jvm/java-7-oracle/jre/lib/amd64/libverify.so
7f26c3138000-7f26c313f000 r-xp 00000000 08:01 29705                      /lib/x86_64-linux-gnu/librt-2.19.so
7f26c313f000-7f26c333e000 ---p 00007000 08:01 29705                      /lib/x86_64-linux-gnu/librt-2.19.so
7f26c333e000-7f26c333f000 r--p 00006000 08:01 29705                      /lib/x86_64-linux-gnu/librt-2.19.so
7f26c333f000-7f26c3340000 rw-p 00007000 08:01 29705                      /lib/x86_64-linux-gnu/librt-2.19.so
7f26c3340000-7f26c3445000 r-xp 00000000 08:01 29308                      /lib/x86_64-linux-gnu/libm-2.19.so
7f26c3445000-7f26c3644000 ---p 00105000 08:01 29308                      /lib/x86_64-linux-gnu/libm-2.19.so
7f26c3644000-7f26c3645000 r--p 00104000 08:01 29308                      /lib/x86_64-linux-gnu/libm-2.19.so
7f26c3645000-7f26c3646000 rw-p 00105000 08:01 29308                      /lib/x86_64-linux-gnu/libm-2.19.so
7f26c3646000-7f26c41bc000 r-xp 00000000 08:01 319929                     /usr/lib/jvm/java-7-oracle/jre/lib/amd64/server/libjvm.so
7f26c41bc000-7f26c43bb000 ---p 00b76000 08:01 319929                     /usr/lib/jvm/java-7-oracle/jre/lib/amd64/server/libjvm.so
7f26c43bb000-7f26c447f000 rw-p 00b75000 08:01 319929                     /usr/lib/jvm/java-7-oracle/jre/lib/amd64/server/libjvm.so
7f26c447f000-7f26c44c0000 rw-p 00000000 00:00 0 
7f26c44c0000-7f26c467b000 r-xp 00000000 08:01 29701                      /lib/x86_64-linux-gnu/libc-2.19.so
7f26c467b000-7f26c487a000 ---p 001bb000 08:01 29701                      /lib/x86_64-linux-gnu/libc-2.19.so
7f26c487a000-7f26c487e000 r--p 001ba000 08:01 29701                      /lib/x86_64-linux-gnu/libc-2.19.so
7f26c487e000-7f26c4880000 rw-p 001be000 08:01 29701                      /lib/x86_64-linux-gnu/libc-2.19.so
7f26c4880000-7f26c4885000 rw-p 00000000 00:00 0 
7f26c4885000-7f26c4888000 r-xp 00000000 08:01 29381                      /lib/x86_64-linux-gnu/libdl-2.19.so
7f26c4888000-7f26c4a87000 ---p 00003000 08:01 29381                      /lib/x86_64-linux-gnu/libdl-2.19.so
7f26c4a87000-7f26c4a88000 r--p 00002000 08:01 29381                      /lib/x86_64-linux-gnu/libdl-2.19.so
7f26c4a88000-7f26c4a89000 rw-p 00003000 08:01 29381                      /lib/x86_64-linux-gnu/libdl-2.19.so
7f26c4a89000-7f26c4a9e000 r-xp 00000000 08:01 186125                     /usr/lib/jvm/java-7-oracle/lib/amd64/jli/libjli.so
7f26c4a9e000-7f26c4c9d000 ---p 00015000 08:01 186125                     /usr/lib/jvm/java-7-oracle/lib/amd64/jli/libjli.so
7f26c4c9d000-7f26c4c9e000 rw-p 00014000 08:01 186125                     /usr/lib/jvm/java-7-oracle/lib/amd64/jli/libjli.so
7f26c4c9e000-7f26c4cb7000 r-xp 00000000 08:01 29702                      /lib/x86_64-linux-gnu/libpthread-2.19.so
7f26c4cb7000-7f26c4eb6000 ---p 00019000 08:01 29702                      /lib/x86_64-linux-gnu/libpthread-2.19.so
7f26c4eb6000-7f26c4eb7000 r--p 00018000 08:01 29702                      /lib/x86_64-linux-gnu/libpthread-2.19.so
7f26c4eb7000-7f26c4eb8000 rw-p 00019000 08:01 29702                      /lib/x86_64-linux-gnu/libpthread-2.19.so
7f26c4eb8000-7f26c4ebc000 rw-p 00000000 00:00 0 
7f26c4ebc000-7f26c4edf000 r-xp 00000000 08:01 29456                      /lib/x86_64-linux-gnu/ld-2.19.so
7f26c4eeb000-7f26c4f0f000 rw-p 00000000 00:00 0 
7f26c4f0f000-7f26c4fc1000 rw-p 00000000 00:00 0 
7f26c4fc1000-7f26c4fc4000 ---p 00000000 00:00 0 
7f26c4fc4000-7f26c50c6000 rw-p 00000000 00:00 0                          [stack:32747]
7f26c50c8000-7f26c50c9000 rw-p 00000000 00:00 0 
7f26c50c9000-7f26c50d2000 r--s 00083000 08:01 112103                     /home/matteo/.titanium/mobilesdk/linux/5.0.2.GA/android/android-support-v7-appcompat.jar
7f26c50d2000-7f26c50da000 rw-s 00000000 08:01 115901                     /tmp/hsperfdata_matteo/32746
7f26c50da000-7f26c50db000 rw-p 00000000 00:00 0 
7f26c50db000-7f26c50dc000 ---p 00000000 00:00 0 
7f26c50dc000-7f26c50de000 rw-p 00000000 00:00 0 
7f26c50de000-7f26c50df000 r--p 00022000 08:01 29456                      /lib/x86_64-linux-gnu/ld-2.19.so
7f26c50df000-7f26c50e0000 rw-p 00023000 08:01 29456                      /lib/x86_64-linux-gnu/ld-2.19.so
7f26c50e0000-7f26c50e1000 rw-p 00000000 00:00 0 
7fff70644000-7fff70667000 rw-p 00000000 00:00 0                          [stack]
7fff707c9000-7fff707cb000 r-xp 00000000 00:00 0                          [vdso]
ffffffffff600000-ffffffffff601000 r-xp 00000000 00:00 0                  [vsyscall]

VM Arguments:
jvm_args: -Xmx1024M -XX:-UseGCOverheadLimit -Djava.ext.dirs=/home/matteo/android-sdk-linux/platform-tools 
java_command: /home/matteo/android-sdk-linux/build-tools/23.0.2/lib/dx.jar --dex --output=/home/matteo/dev/bookmarkpack-client-appcelerator/build/android/bin/classes.dex /home/matteo/dev/bookmarkpack-client-appcelerator/build/android/bin/classes /home/matteo/.titanium/mobilesdk/linux/5.0.2.GA/android/lib/titanium-verify.jar /home/matteo/.titanium/mobilesdk/linux/5.0.2.GA/android/kroll-v8.jar /home/matteo/.titanium/mobilesdk/linux/5.0.2.GA/android/modules/titanium-analytics.jar /home/matteo/.titanium/mobilesdk/linux/5.0.2.GA/android/aps-analytics.jar /home/matteo/.titanium/mobilesdk/linux/5.0.2.GA/android/modules/titanium-android.jar /home/matteo/.titanium/mobilesdk/linux/5.0.2.GA/android/jaxen-1.1.1.jar /home/matteo/.titanium/mobilesdk/linux/5.0.2.GA/android/ti-commons-codec-1.3.jar /home/matteo/.titanium/mobilesdk/linux/5.0.2.GA/android/kroll-common.jar /home/matteo/.titanium/mobilesdk/linux/5.0.2.GA/android/titanium.jar /home/matteo/.titanium/mobilesdk/linux/5.0.2.GA/android/modules/titanium-app.jar /home/matteo/.titanium/mobilesdk/linux/5.0.2.GA/android/modules/titanium-ui.jar /home/matteo/.titanium/mobilesdk/linux/5.0.2.GA/android/nineoldandroids-appc-2.4.0.jar /home/matteo/.titanium/mobilesdk/linux/5.0.2.GA/android/modules/titanium-filesystem.jar /home/matteo/.titanium/mobilesdk/linux/5.0.2.GA/android/modules/titanium-media.jar /home/matteo/.titanium/mobilesdk/linux/5.0.2.GA/android/modules/titanium-appcompat.jar /home/matteo/.titanium/mobilesdk/linux/5.0.2.GA/android/android-support-v4.jar /home/matteo/.titanium/mobilesdk/linux/5.0.2.GA/android/android-support-v7-appcompat.jar /home/matteo/.titanium/mobilesdk/linux/5.0.2.GA/android/modules/titanium-locale.jar /home/matteo/.titanium/mobilesdk/linux/5.0.2.GA/android/modules/titanium-network.jar /home/matteo/.titanium/mobilesdk/linux/5.0.2.GA/android/modules/titanium-xml.jar /home/matteo/.titanium/mobilesdk/linux/5.0.2.GA/android/modules/titanium-platform.jar /home/matteo/.titanium/mobilesdk/linux/5.0.2.GA/andr
Launcher Type: SUN_STANDARD

Environment Variables:
JAVA_HOME=/usr/lib/jvm/java-7-oracle
PATH=/usr/local/heroku/bin:/usr/local/sbin:/usr/local/bin:/usr/sbin:/usr/bin:/sbin:/bin:/usr/games:/usr/local/games:/usr/lib/jvm/java-7-oracle/bin:/usr/lib/jvm/java-7-oracle/db/bin:/usr/lib/jvm/java-7-oracle/jre/bin
SHELL=/usr/bin/fish
DISPLAY=:0.0

Signal Handlers:
SIGSEGV: [libjvm.so+0x9a3b20], sa_mask[0]=0x7ffbfeff, sa_flags=0x10000004
SIGBUS: [libjvm.so+0x9a3b20], sa_mask[0]=0x7ffbfeff, sa_flags=0x10000004
SIGFPE: [libjvm.so+0x81e740], sa_mask[0]=0x7ffbfeff, sa_flags=0x10000004
SIGPIPE: [libjvm.so+0x81e740], sa_mask[0]=0x7ffbfeff, sa_flags=0x10000004
SIGXFSZ: [libjvm.so+0x81e740], sa_mask[0]=0x7ffbfeff, sa_flags=0x10000004
SIGILL: [libjvm.so+0x81e740], sa_mask[0]=0x7ffbfeff, sa_flags=0x10000004
SIGUSR1: SIG_DFL, sa_mask[0]=0x00000000, sa_flags=0x00000000
SIGUSR2: [libjvm.so+0x81ffb0], sa_mask[0]=0x00000000, sa_flags=0x10000004
SIGHUP: [libjvm.so+0x8210d0], sa_mask[0]=0x7ffbfeff, sa_flags=0x10000004
SIGINT: [libjvm.so+0x8210d0], sa_mask[0]=0x7ffbfeff, sa_flags=0x10000004
SIGTERM: [libjvm.so+0x8210d0], sa_mask[0]=0x7ffbfeff, sa_flags=0x10000004
SIGQUIT: [libjvm.so+0x8210d0], sa_mask[0]=0x7ffbfeff, sa_flags=0x10000004


---------------  S Y S T E M  ---------------

OS:jessie/sid

uname:Linux 3.13.0-68-generic #111-Ubuntu SMP Fri Nov 6 18:17:06 UTC 2015 x86_64
libc:glibc 2.19 NPTL 2.19 
rlimit: STACK 8192k, CORE 0k, NPROC 31456, NOFILE 4096, AS infinity
load average:1,57 0,75 0,53

/proc/meminfo:
MemTotal:        4047988 kB
MemFree:           87040 kB
Buffers:            1412 kB
Cached:           149000 kB
SwapCached:            0 kB
Active:          3634524 kB
Inactive:         124260 kB
Active(anon):    3610776 kB
Inactive(anon):   101128 kB
Active(file):      23748 kB
Inactive(file):    23132 kB
Unevictable:          32 kB
Mlocked:              32 kB
SwapTotal:             0 kB
SwapFree:              0 kB
Dirty:                 0 kB
Writeback:             0 kB
AnonPages:       3609012 kB
Mapped:           133752 kB
Shmem:            102928 kB
Slab:              81748 kB
SReclaimable:      46960 kB
SUnreclaim:        34788 kB
KernelStack:        5792 kB
PageTables:        67988 kB
NFS_Unstable:          0 kB
Bounce:                0 kB
WritebackTmp:          0 kB
CommitLimit:     2023992 kB
Committed_AS:   10339560 kB
VmallocTotal:   34359738367 kB
VmallocUsed:       56460 kB
VmallocChunk:   34359676696 kB
HardwareCorrupted:     0 kB
AnonHugePages:   1136640 kB
HugePages_Total:       0
HugePages_Free:        0
HugePages_Rsvd:        0
HugePages_Surp:        0
Hugepagesize:       2048 kB
DirectMap4k:       53184 kB
DirectMap2M:     4141056 kB


CPU:total 4 (4 cores per cpu, 1 threads per core) family 6 model 58 stepping 9, cmov, cx8, fxsr, mmx, sse, sse2, sse3, ssse3, sse4.1, sse4.2, popcnt, avx, aes, tsc, tscinvbit, tscinv

/proc/cpuinfo:
processor	: 0
vendor_id	: GenuineIntel
cpu family	: 6
model		: 58
model name	: Intel(R) Core(TM) i7-3632QM CPU @ 2.20GHz
stepping	: 9
microcode	: 0x19
cpu MHz		: 2195.022
cache size	: 6144 KB
physical id	: 0
siblings	: 4
core id		: 0
cpu cores	: 4
apicid		: 0
initial apicid	: 0
fpu		: yes
fpu_exception	: yes
cpuid level	: 13
wp		: yes
flags		: fpu vme de pse tsc msr pae mce cx8 apic sep mtrr pge mca cmov pat pse36 clflush mmx fxsr sse sse2 ht syscall nx rdtscp lm constant_tsc rep_good nopl xtopology nonstop_tsc pni pclmulqdq ssse3 cx16 sse4_1 sse4_2 popcnt aes xsave avx rdrand hypervisor lahf_lm
bogomips	: 4390.04
clflush size	: 64
cache_alignment	: 64
address sizes	: 36 bits physical, 48 bits virtual
power management:

processor	: 1
vendor_id	: GenuineIntel
cpu family	: 6
model		: 58
model name	: Intel(R) Core(TM) i7-3632QM CPU @ 2.20GHz
stepping	: 9
microcode	: 0x19
cpu MHz		: 2195.022
cache size	: 6144 KB
physical id	: 0
siblings	: 4
core id		: 1
cpu cores	: 4
apicid		: 1
initial apicid	: 1
fpu		: yes
fpu_exception	: yes
cpuid level	: 13
wp		: yes
flags		: fpu vme de pse tsc msr pae mce cx8 apic sep mtrr pge mca cmov pat pse36 clflush mmx fxsr sse sse2 ht syscall nx rdtscp lm constant_tsc rep_good nopl xtopology nonstop_tsc pni pclmulqdq ssse3 cx16 sse4_1 sse4_2 popcnt aes xsave avx rdrand hypervisor lahf_lm
bogomips	: 4390.04
clflush size	: 64
cache_alignment	: 64
address sizes	: 36 bits physical, 48 bits virtual
power management:

processor	: 2
vendor_id	: GenuineIntel
cpu family	: 6
model		: 58
model name	: Intel(R) Core(TM) i7-3632QM CPU @ 2.20GHz
stepping	: 9
microcode	: 0x19
cpu MHz		: 2195.022
cache size	: 6144 KB
physical id	: 0
siblings	: 4
core id		: 2
cpu cores	: 4
apicid		: 2
initial apicid	: 2
fpu		: yes
fpu_exception	: yes
cpuid level	: 13
wp		: yes
flags		: fpu vme de pse tsc msr pae mce cx8 apic sep mtrr pge mca cmov pat pse36 clflush mmx fxsr sse sse2 ht syscall nx rdtscp lm constant_tsc rep_good nopl xtopology nonstop_tsc pni pclmulqdq ssse3 cx16 sse4_1 sse4_2 popcnt aes xsave avx rdrand hypervisor lahf_lm
bogomips	: 4390.04
clflush size	: 64
cache_alignment	: 64
address sizes	: 36 bits physical, 48 bits virtual
power management:

processor	: 3
vendor_id	: GenuineIntel
cpu family	: 6
model		: 58
model name	: Intel(R) Core(TM) i7-3632QM CPU @ 2.20GHz
stepping	: 9
microcode	: 0x19
cpu MHz		: 2195.022
cache size	: 6144 KB
physical id	: 0
siblings	: 4
core id		: 3
cpu cores	: 4
apicid		: 3
initial apicid	: 3
fpu		: yes
fpu_exception	: yes
cpuid level	: 13
wp		: yes
flags		: fpu vme de pse tsc msr pae mce cx8 apic sep mtrr pge mca cmov pat pse36 clflush mmx fxsr sse sse2 ht syscall nx rdtscp lm constant_tsc rep_good nopl xtopology nonstop_tsc pni pclmulqdq ssse3 cx16 sse4_1 sse4_2 popcnt aes xsave avx rdrand hypervisor lahf_lm
bogomips	: 4390.04
clflush size	: 64
cache_alignment	: 64
address sizes	: 36 bits physical, 48 bits virtual
power management:



Memory: 4k page, physical 4047988k(87040k free), swap 0k(0k free)

vm_info: Java HotSpot(TM) 64-Bit Server VM (24.80-b11) for linux-amd64 JRE (1.7.0_80-b15), built on Apr 10 2015 19:53:14 by "java_re" with gcc 4.3.0 20080428 (Red Hat 4.3.0-8)

time: Fri Nov 13 16:02:21 2015
elapsed time: 9 seconds

