#
# There is insufficient memory for the Java Runtime Environment to continue.
# Native memory allocation (malloc) failed to allocate 69730304 bytes for committing reserved memory.
# Possible reasons:
#   The system is out of physical RAM or swap space
#   In 32 bit mode, the process size limit was hit
# Possible solutions:
#   Reduce memory load on the system
#   Increase physical memory or swap space
#   Check if swap backing store is full
#   Use 64 bit Java on a 64 bit OS
#   Decrease Java heap size (-Xmx/-Xms)
#   Decrease number of Java threads
#   Decrease Java thread stack sizes (-Xss)
#   Set larger code cache with -XX:ReservedCodeCacheSize=
# This output file may be truncated or incomplete.
#
#  Out of Memory Error (os_linux.cpp:2756), pid=14655, tid=140474198443776
#
# JRE version: Java(TM) SE Runtime Environment (7.0_80-b15) (build 1.7.0_80-b15)
# Java VM: Java HotSpot(TM) 64-Bit Server VM (24.80-b11 mixed mode linux-amd64 compressed oops)
# Failed to write core dump. Core dumps have been disabled. To enable core dumping, try "ulimit -c unlimited" before starting Java again
#

---------------  T H R E A D  ---------------

Current thread (0x00007fc2b8131800):  VMThread [stack: 0x00007fc2b2a2c000,0x00007fc2b2b2d000] [id=14661]

Stack: [0x00007fc2b2a2c000,0x00007fc2b2b2d000],  sp=0x00007fc2b2b2b220,  free space=1020k
Native frames: (J=compiled Java code, j=interpreted, Vv=VM code, C=native code)
V  [libjvm.so+0x9a320a]  VMError::report_and_die()+0x2ea
V  [libjvm.so+0x498d3b]  report_vm_out_of_memory(char const*, int, unsigned long, char const*)+0x9b
V  [libjvm.so+0x82191e]  os::Linux::commit_memory_impl(char*, unsigned long, bool)+0xfe
V  [libjvm.so+0x821e69]  os::pd_commit_memory(char*, unsigned long, unsigned long, bool)+0x29
V  [libjvm.so+0x81bb6a]  os::commit_memory(char*, unsigned long, unsigned long, bool)+0x2a
V  [libjvm.so+0x88d623]  PSVirtualSpace::expand_by(unsigned long)+0x53
V  [libjvm.so+0x87ca80]  PSOldGen::expand(unsigned long)+0x170
V  [libjvm.so+0x87cc8b]  PSOldGen::resize(unsigned long)+0x1cb
V  [libjvm.so+0x885951]  PSParallelCompact::invoke_no_policy(bool)+0x9b1
V  [libjvm.so+0x88b8cd]  PSScavenge::invoke()+0x1ad
V  [libjvm.so+0x843f40]  ParallelScavengeHeap::failed_mem_allocate(unsigned long)+0x70
V  [libjvm.so+0x9a4a97]  VM_ParallelGCFailedAllocation::doit()+0x97
V  [libjvm.so+0x9abf35]  VM_Operation::evaluate()+0x55
V  [libjvm.so+0x9aa2fa]  VMThread::evaluate_operation(VM_Operation*)+0xba
V  [libjvm.so+0x9aa67e]  VMThread::loop()+0x1ce
V  [libjvm.so+0x9aaaf0]  VMThread::run()+0x70
V  [libjvm.so+0x8238c8]  java_start(Thread*)+0x108

VM_Operation (0x00007fc2b152c0f0): ParallelGCFailedAllocation, mode: safepoint, requested by thread 0x00007fc2b822c800


---------------  P R O C E S S  ---------------

Java Threads: ( => current thread )
  0x00007fc2b822e000 JavaThread "pool-2-thread-1" [_thread_blocked, id=14670, stack(0x00007fc2b132c000,0x00007fc2b142d000)]
  0x00007fc2b822c800 JavaThread "pool-1-thread-1" [_thread_blocked, id=14669, stack(0x00007fc2b142d000,0x00007fc2b152e000)]
  0x00007fc2b8167800 JavaThread "Service Thread" daemon [_thread_blocked, id=14667, stack(0x00007fc2b1a57000,0x00007fc2b1b58000)]
  0x00007fc2b8165800 JavaThread "C2 CompilerThread1" daemon [_thread_blocked, id=14666, stack(0x00007fc2b1b58000,0x00007fc2b1c59000)]
  0x00007fc2b8162800 JavaThread "C2 CompilerThread0" daemon [_thread_blocked, id=14665, stack(0x00007fc2b1c59000,0x00007fc2b1d5a000)]
  0x00007fc2b8160000 JavaThread "Signal Dispatcher" daemon [_thread_blocked, id=14664, stack(0x00007fc2b1d5a000,0x00007fc2b1e5b000)]
  0x00007fc2b8138000 JavaThread "Finalizer" daemon [_thread_blocked, id=14663, stack(0x00007fc2b282a000,0x00007fc2b292b000)]
  0x00007fc2b8136000 JavaThread "Reference Handler" daemon [_thread_blocked, id=14662, stack(0x00007fc2b292b000,0x00007fc2b2a2c000)]
  0x00007fc2b800a800 JavaThread "main" [_thread_blocked, id=14656, stack(0x00007fc2bf418000,0x00007fc2bf519000)]

Other Threads:
=>0x00007fc2b8131800 VMThread [stack: 0x00007fc2b2a2c000,0x00007fc2b2b2d000] [id=14661]
  0x00007fc2b8172800 WatcherThread [stack: 0x00007fc2b1956000,0x00007fc2b1a57000] [id=14668]

VM state:at safepoint (normal execution)

VM Mutex/Monitor currently owned by a thread:  ([mutex/lock_event])
[0x00007fc2b8006950] ExpandHeap_lock - owner thread: 0x00007fc2b8131800
[0x00007fc2b8006fd0] Threads_lock - owner thread: 0x00007fc2b8131800
[0x00007fc2b80074d0] Heap_lock - owner thread: 0x00007fc2b822c800

Heap
 PSYoungGen      total 134656K, used 0K [0x00000000f5500000, 0x00000000ffb00000, 0x0000000100000000)
  eden space 105472K, 0% used [0x00000000f5500000,0x00000000f5500000,0x00000000fbc00000)
  from space 29184K, 0% used [0x00000000fde80000,0x00000000fde80000,0x00000000ffb00000)
  to   space 32256K, 0% used [0x00000000fbc00000,0x00000000fbc00000,0x00000000fdb80000)
 ParOldGen       total 207360K, used 199844K [0x00000000e0000000, 0x00000000eca80000, 0x00000000f5500000)
  object space 207360K, 96% used [0x00000000e0000000,0x00000000ec329328,0x00000000eca80000)
 PSPermGen       total 21504K, used 6083K [0x00000000dae00000, 0x00000000dc300000, 0x00000000e0000000)
  object space 21504K, 28% used [0x00000000dae00000,0x00000000db3f0d60,0x00000000dc300000)

Card table byte_map: [0x00007fc2bc5d8000,0x00007fc2bc702000] byte_map_base: 0x00007fc2bbf01000

Polling page: 0x00007fc2bf532000

Code Cache  [0x00007fc2b5000000, 0x00007fc2b53e0000, 0x00007fc2b8000000)
 total_blobs=1276 nmethods=1046 adapters=183 free_code_cache=45507Kb largest_free_block=46280640

Compilation events (10 events):
Event: 11,127 Thread 0x00007fc2b8162800 nmethod 1105 0x00007fc2b5366050 code [0x00007fc2b5366600, 0x00007fc2b536aea0]
Event: 11,128 Thread 0x00007fc2b8162800 1107             java.util.zip.ZipFile::access$400 (5 bytes)
Event: 11,128 Thread 0x00007fc2b8162800 nmethod 1107 0x00007fc2b5162950 code [0x00007fc2b5162a80, 0x00007fc2b5162ad8]
Event: 11,128 Thread 0x00007fc2b8162800 1108             com.android.dx.dex.cf.AttributeTranslator::getParameterAnnotations (69 bytes)
Event: 11,134 Thread 0x00007fc2b8162800 nmethod 1108 0x00007fc2b53138d0 code [0x00007fc2b5313aa0, 0x00007fc2b5314148]
Event: 11,134 Thread 0x00007fc2b8162800 1109             java.util.concurrent.ThreadPoolExecutor::workerCountOf (5 bytes)
Event: 11,134 Thread 0x00007fc2b8162800 nmethod 1109 0x00007fc2b508bbd0 code [0x00007fc2b508bd00, 0x00007fc2b508bd38]
Event: 11,134 Thread 0x00007fc2b8162800 1110             com.android.dx.ssa.ConstCollector$2::map (28 bytes)
Event: 11,137 Thread 0x00007fc2b8162800 nmethod 1110 0x00007fc2b51b6c50 code [0x00007fc2b51b6dc0, 0x00007fc2b51b7168]
Event: 11,137 Thread 0x00007fc2b8162800 1111 % !         com.android.dx.dex.cf.CfTranslator::processMethods @ 24 (583 bytes)

GC Heap History (10 events):
Event: 10,129 GC heap after
Heap after GC invocations=17 (full 3):
 PSYoungGen      total 125952K, used 2442K [0x00000000f5500000, 0x00000000ffa00000, 0x0000000100000000)
  eden space 90112K, 0% used [0x00000000f5500000,0x00000000f5500000,0x00000000fad00000)
  from space 35840K, 6% used [0x00000000fd700000,0x00000000fd962820,0x00000000ffa00000)
  to   space 39424K, 0% used [0x00000000fad00000,0x00000000fad00000,0x00000000fd380000)
 ParOldGen       total 207360K, used 142806K [0x00000000e0000000, 0x00000000eca80000, 0x00000000f5500000)
  object space 207360K, 68% used [0x00000000e0000000,0x00000000e8b75a70,0x00000000eca80000)
 PSPermGen       total 21504K, used 6068K [0x00000000dae00000, 0x00000000dc300000, 0x00000000e0000000)
  object space 21504K, 28% used [0x00000000dae00000,0x00000000db3ed0f8,0x00000000dc300000)
}
Event: 10,323 GC heap before
{Heap before GC invocations=18 (full 3):
 PSYoungGen      total 125952K, used 92554K [0x00000000f5500000, 0x00000000ffa00000, 0x0000000100000000)
  eden space 90112K, 100% used [0x00000000f5500000,0x00000000fad00000,0x00000000fad00000)
  from space 35840K, 6% used [0x00000000fd700000,0x00000000fd962820,0x00000000ffa00000)
  to   space 39424K, 0% used [0x00000000fad00000,0x00000000fad00000,0x00000000fd380000)
 ParOldGen       total 207360K, used 142806K [0x00000000e0000000, 0x00000000eca80000, 0x00000000f5500000)
  object space 207360K, 68% used [0x00000000e0000000,0x00000000e8b75a70,0x00000000eca80000)
 PSPermGen       total 21504K, used 6072K [0x00000000dae00000, 0x00000000dc300000, 0x00000000e0000000)
  object space 21504K, 28% used [0x00000000dae00000,0x00000000db3ee350,0x00000000dc300000)
Event: 10,359 GC heap after
Heap after GC invocations=18 (full 3):
 PSYoungGen      total 129536K, used 13131K [0x00000000f5500000, 0x0000000100000000, 0x0000000100000000)
  eden space 90112K, 0% used [0x00000000f5500000,0x00000000f5500000,0x00000000fad00000)
  from space 39424K, 33% used [0x00000000fad00000,0x00000000fb9d2c80,0x00000000fd380000)
  to   space 37888K, 0% used [0x00000000fdb00000,0x00000000fdb00000,0x0000000100000000)
 ParOldGen       total 207360K, used 144774K [0x00000000e0000000, 0x00000000eca80000, 0x00000000f5500000)
  object space 207360K, 69% used [0x00000000e0000000,0x00000000e8d61a70,0x00000000eca80000)
 PSPermGen       total 21504K, used 6072K [0x00000000dae00000, 0x00000000dc300000, 0x00000000e0000000)
  object space 21504K, 28% used [0x00000000dae00000,0x00000000db3ee350,0x00000000dc300000)
}
Event: 10,536 GC heap before
{Heap before GC invocations=19 (full 3):
 PSYoungGen      total 129536K, used 103243K [0x00000000f5500000, 0x0000000100000000, 0x0000000100000000)
  eden space 90112K, 100% used [0x00000000f5500000,0x00000000fad00000,0x00000000fad00000)
  from space 39424K, 33% used [0x00000000fad00000,0x00000000fb9d2c80,0x00000000fd380000)
  to   space 37888K, 0% used [0x00000000fdb00000,0x00000000fdb00000,0x0000000100000000)
 ParOldGen       total 207360K, used 144774K [0x00000000e0000000, 0x00000000eca80000, 0x00000000f5500000)
  object space 207360K, 69% used [0x00000000e0000000,0x00000000e8d61a70,0x00000000eca80000)
 PSPermGen       total 21504K, used 6079K [0x00000000dae00000, 0x00000000dc300000, 0x00000000e0000000)
  object space 21504K, 28% used [0x00000000dae00000,0x00000000db3efe48,0x00000000dc300000)
Event: 10,608 GC heap after
Heap after GC invocations=19 (full 3):
 PSYoungGen      total 130048K, used 14101K [0x00000000f5500000, 0x00000000ffa80000, 0x0000000100000000)
  eden space 97792K, 0% used [0x00000000f5500000,0x00000000f5500000,0x00000000fb480000)
  from space 32256K, 43% used [0x00000000fdb00000,0x00000000fe8c5408,0x00000000ffa80000)
  to   space 35840K, 0% used [0x00000000fb480000,0x00000000fb480000,0x00000000fd780000)
 ParOldGen       total 207360K, used 157402K [0x00000000e0000000, 0x00000000eca80000, 0x00000000f5500000)
  object space 207360K, 75% used [0x00000000e0000000,0x00000000e99b6a10,0x00000000eca80000)
 PSPermGen       total 21504K, used 6079K [0x00000000dae00000, 0x00000000dc300000, 0x00000000e0000000)
  object space 21504K, 28% used [0x00000000dae00000,0x00000000db3efe48,0x00000000dc300000)
}
Event: 10,799 GC heap before
{Heap before GC invocations=20 (full 3):
 PSYoungGen      total 130048K, used 111893K [0x00000000f5500000, 0x00000000ffa80000, 0x0000000100000000)
  eden space 97792K, 100% used [0x00000000f5500000,0x00000000fb480000,0x00000000fb480000)
  from space 32256K, 43% used [0x00000000fdb00000,0x00000000fe8c5408,0x00000000ffa80000)
  to   space 35840K, 0% used [0x00000000fb480000,0x00000000fb480000,0x00000000fd780000)
 ParOldGen       total 207360K, used 157402K [0x00000000e0000000, 0x00000000eca80000, 0x00000000f5500000)
  object space 207360K, 75% used [0x00000000e0000000,0x00000000e99b6a10,0x00000000eca80000)
 PSPermGen       total 21504K, used 6080K [0x00000000dae00000, 0x00000000dc300000, 0x00000000e0000000)
  object space 21504K, 28% used [0x00000000dae00000,0x00000000db3f0210,0x00000000dc300000)
Event: 10,971 GC heap after
Heap after GC invocations=20 (full 3):
 PSYoungGen      total 133632K, used 15729K [0x00000000f5500000, 0x00000000fff80000, 0x0000000100000000)
  eden space 97792K, 0% used [0x00000000f5500000,0x00000000f5500000,0x00000000fb480000)
  from space 35840K, 43% used [0x00000000fb480000,0x00000000fc3dc6c8,0x00000000fd780000)
  to   space 33792K, 0% used [0x00000000fde80000,0x00000000fde80000,0x00000000fff80000)
 ParOldGen       total 207360K, used 171104K [0x00000000e0000000, 0x00000000eca80000, 0x00000000f5500000)
  object space 207360K, 82% used [0x00000000e0000000,0x00000000ea718240,0x00000000eca80000)
 PSPermGen       total 21504K, used 6080K [0x00000000dae00000, 0x00000000dc300000, 0x00000000e0000000)
  object space 21504K, 28% used [0x00000000dae00000,0x00000000db3f0210,0x00000000dc300000)
}
Event: 11,195 GC heap before
{Heap before GC invocations=21 (full 3):
 PSYoungGen      total 133632K, used 113521K [0x00000000f5500000, 0x00000000fff80000, 0x0000000100000000)
  eden space 97792K, 100% used [0x00000000f5500000,0x00000000fb480000,0x00000000fb480000)
  from space 35840K, 43% used [0x00000000fb480000,0x00000000fc3dc6c8,0x00000000fd780000)
  to   space 33792K, 0% used [0x00000000fde80000,0x00000000fde80000,0x00000000fff80000)
 ParOldGen       total 207360K, used 171104K [0x00000000e0000000, 0x00000000eca80000, 0x00000000f5500000)
  object space 207360K, 82% used [0x00000000e0000000,0x00000000ea718240,0x00000000eca80000)
 PSPermGen       total 21504K, used 6083K [0x00000000dae00000, 0x00000000dc300000, 0x00000000e0000000)
  object space 21504K, 28% used [0x00000000dae00000,0x00000000db3f0e80,0x00000000dc300000)
Event: 11,253 GC heap after
Heap after GC invocations=21 (full 3):
 PSYoungGen      total 134656K, used 14973K [0x00000000f5500000, 0x00000000ffb00000, 0x0000000100000000)
  eden space 105472K, 0% used [0x00000000f5500000,0x00000000f5500000,0x00000000fbc00000)
  from space 29184K, 51% used [0x00000000fde80000,0x00000000fed1f778,0x00000000ffb00000)
  to   space 32256K, 0% used [0x00000000fbc00000,0x00000000fbc00000,0x00000000fdb80000)
 ParOldGen       total 207360K, used 186140K [0x00000000e0000000, 0x00000000eca80000, 0x00000000f5500000)
  object space 207360K, 89% used [0x00000000e0000000,0x00000000eb5c7010,0x00000000eca80000)
 PSPermGen       total 21504K, used 6083K [0x00000000dae00000, 0x00000000dc300000, 0x00000000e0000000)
  object space 21504K, 28% used [0x00000000dae00000,0x00000000db3f0e80,0x00000000dc300000)
}
Event: 11,253 GC heap before
{Heap before GC invocations=22 (full 4):
 PSYoungGen      total 134656K, used 14973K [0x00000000f5500000, 0x00000000ffb00000, 0x0000000100000000)
  eden space 105472K, 0% used [0x00000000f5500000,0x00000000f5500000,0x00000000fbc00000)
  from space 29184K, 51% used [0x00000000fde80000,0x00000000fed1f778,0x00000000ffb00000)
  to   space 32256K, 0% used [0x00000000fbc00000,0x00000000fbc00000,0x00000000fdb80000)
 ParOldGen       total 207360K, used 186140K [0x00000000e0000000, 0x00000000eca80000, 0x00000000f5500000)
  object space 207360K, 89% used [0x00000000e0000000,0x00000000eb5c7010,0x00000000eca80000)
 PSPermGen       total 21504K, used 6083K [0x00000000dae00000, 0x00000000dc300000, 0x00000000e0000000)
  object space 21504K, 28% used [0x00000000dae00000,0x00000000db3f0e80,0x00000000dc300000)

Deoptimization events (10 events):
Event: 9,049 Thread 0x00007fc2b800a800 Uncommon trap: reason=unstable_if action=reinterpret pc=0x00007fc2b50f0dc4 method=com.android.dx.cf.code.Merger.mergeType(Lcom/android/dx/rop/type/TypeBearer;Lcom/android/dx/rop/type/TypeBearer;)Lcom/android/dx/rop/type/TypeBearer; @ 77
Event: 9,058 Thread 0x00007fc2b822c800 Uncommon trap: reason=unstable_if action=reinterpret pc=0x00007fc2b5257244 method=com.android.dx.cf.code.Merger.mergeType(Lcom/android/dx/rop/type/TypeBearer;Lcom/android/dx/rop/type/TypeBearer;)Lcom/android/dx/rop/type/TypeBearer; @ 77
Event: 9,062 Thread 0x00007fc2b822c800 Uncommon trap: reason=unstable_if action=reinterpret pc=0x00007fc2b51a6a48 method=com.android.dx.ssa.SsaBasicBlock.scheduleMovesFromPhis()V @ 63
Event: 9,150 Thread 0x00007fc2b822c800 Uncommon trap: reason=bimorphic action=maybe_recompile pc=0x00007fc2b53ac9cc method=com.android.dx.cf.code.BytecodeArray.parseInstruction(ILcom/android/dx/cf/code/BytecodeArray$Visitor;)I @ 1327
Event: 9,150 Thread 0x00007fc2b822c800 Uncommon trap: reason=bimorphic action=maybe_recompile pc=0x00007fc2b53ac9cc method=com.android.dx.cf.code.BytecodeArray.parseInstruction(ILcom/android/dx/cf/code/BytecodeArray$Visitor;)I @ 1327
Event: 10,723 Thread 0x00007fc2b800a800 Uncommon trap: reason=class_check action=maybe_recompile pc=0x00007fc2b537e3d8 method=com.android.dx.ssa.SCCP.simulateBranch(Lcom/android/dx/ssa/SsaInsn;)V @ 145
Event: 10,741 Thread 0x00007fc2b800a800 Uncommon trap: reason=unstable_if action=reinterpret pc=0x00007fc2b5118330 method=com.android.dx.cf.code.Ropper.processBlock(Lcom/android/dx/cf/code/ByteBlock;Lcom/android/dx/cf/code/Frame;[I)V @ 651
Event: 10,786 Thread 0x00007fc2b822c800 Uncommon trap: reason=bimorphic action=maybe_recompile pc=0x00007fc2b53d0a50 method=com.android.dx.cf.code.BytecodeArray.parseInstruction(ILcom/android/dx/cf/code/BytecodeArray$Visitor;)I @ 1417
Event: 10,787 Thread 0x00007fc2b822c800 Uncommon trap: reason=bimorphic action=maybe_recompile pc=0x00007fc2b53d0a50 method=com.android.dx.cf.code.BytecodeArray.parseInstruction(ILcom/android/dx/cf/code/BytecodeArray$Visitor;)I @ 1417
Event: 11,016 Thread 0x00007fc2b822c800 Uncommon trap: reason=unstable_if action=reinterpret pc=0x00007fc2b52886bc method=com.android.dx.cf.code.Simulator$SimVisitor.visitLocal(IIIILcom/android/dx/rop/type/Type;I)V @ 222

Internal exceptions (10 events):
Event: 2,717 Thread 0x00007fc2b800a800 Threw 0x00000000f7ae1ad0 at /HUDSON/workspace/7u-2-build-linux-amd64/jdk7u80/2329/hotspot/src/share/vm/prims/jvm.cpp:1319
Event: 3,510 Thread 0x00007fc2b800a800 Threw 0x00000000f819aa38 at /HUDSON/workspace/7u-2-build-linux-amd64/jdk7u80/2329/hotspot/src/share/vm/prims/jvm.cpp:1319
Event: 3,587 Thread 0x00007fc2b822c800 Implicit null exception at 0x00007fc2b515efb0 to 0x00007fc2b51603b9
Event: 3,587 Thread 0x00007fc2b822c800 Implicit null exception at 0x00007fc2b51332eb to 0x00007fc2b5133555
Event: 3,607 Thread 0x00007fc2b800a800 Implicit null exception at 0x00007fc2b50d323c to 0x00007fc2b50d3351
Event: 4,794 Thread 0x00007fc2b800a800 Implicit null exception at 0x00007fc2b52bbd69 to 0x00007fc2b52bd2ed
Event: 5,734 Thread 0x00007fc2b800a800 Implicit null exception at 0x00007fc2b5336fcd to 0x00007fc2b533998d
Event: 8,160 Thread 0x00007fc2b822c800 Threw 0x00000000f9ea2e68 at /HUDSON/workspace/7u-2-build-linux-amd64/jdk7u80/2329/hotspot/src/share/vm/prims/jvm.cpp:1319
Event: 8,935 Thread 0x00007fc2b800a800 Threw 0x00000000f9cc7bd8 at /HUDSON/workspace/7u-2-build-linux-amd64/jdk7u80/2329/hotspot/src/share/vm/prims/jvm.cpp:1319
Event: 11,016 Thread 0x00007fc2b822c800 Implicit null exception at 0x00007fc2b5287ab5 to 0x00007fc2b5288699

Events (10 events):
Event: 10,787 Thread 0x00007fc2b822c800 DEOPT UNPACKING pc=0x00007fc2b5039445 sp=0x00007fc2b152c000 mode 2
Event: 10,794 Executing VM operation: ParallelGCFailedAllocation
Event: 10,971 Executing VM operation: ParallelGCFailedAllocation done
Event: 10,972 Executing VM operation: RevokeBias
Event: 10,972 Executing VM operation: RevokeBias done
Event: 11,016 Thread 0x00007fc2b822c800 Uncommon trap: trap_request=0xffffff75 fr.pc=0x00007fc2b52886bc
Event: 11,016 Thread 0x00007fc2b822c800 DEOPT PACKING pc=0x00007fc2b52886bc sp=0x00007fc2b152bf40
Event: 11,016 Thread 0x00007fc2b822c800 DEOPT UNPACKING pc=0x00007fc2b5039445 sp=0x00007fc2b152bf28 mode 2
Event: 11,137 Thread 0x00007fc2b8162800 flushing nmethod 0x00007fc2b50f02d0
Event: 11,193 Executing VM operation: ParallelGCFailedAllocation


Dynamic libraries:
00400000-00401000 r-xp 00000000 08:01 186172                             /usr/lib/jvm/java-7-oracle/bin/java
00600000-00601000 rw-p 00000000 08:01 186172                             /usr/lib/jvm/java-7-oracle/bin/java
00d60000-00d81000 rw-p 00000000 00:00 0                                  [heap]
dae00000-dc300000 rw-p 00000000 00:00 0 
dc300000-e0000000 rw-p 00000000 00:00 0 
e0000000-eca80000 rw-p 00000000 00:00 0 
f0d00000-f5500000 rw-p 00000000 00:00 0 
f5500000-ffb00000 rw-p 00000000 00:00 0 
ffb00000-100000000 ---p 00000000 00:00 0 
7fc26c000000-7fc26c021000 rw-p 00000000 00:00 0 
7fc26c021000-7fc270000000 ---p 00000000 00:00 0 
7fc274000000-7fc274021000 rw-p 00000000 00:00 0 
7fc274021000-7fc278000000 ---p 00000000 00:00 0 
7fc278000000-7fc27804e000 rw-p 00000000 00:00 0 
7fc27804e000-7fc27c000000 ---p 00000000 00:00 0 
7fc27c000000-7fc27d8ef000 rw-p 00000000 00:00 0 
7fc27d8ef000-7fc280000000 ---p 00000000 00:00 0 
7fc280000000-7fc280021000 rw-p 00000000 00:00 0 
7fc280021000-7fc284000000 ---p 00000000 00:00 0 
7fc284000000-7fc284021000 rw-p 00000000 00:00 0 
7fc284021000-7fc288000000 ---p 00000000 00:00 0 
7fc288000000-7fc289cac000 rw-p 00000000 00:00 0 
7fc289cac000-7fc28c000000 ---p 00000000 00:00 0 
7fc28c000000-7fc28c021000 rw-p 00000000 00:00 0 
7fc28c021000-7fc290000000 ---p 00000000 00:00 0 
7fc290000000-7fc290021000 rw-p 00000000 00:00 0 
7fc290021000-7fc294000000 ---p 00000000 00:00 0 
7fc294000000-7fc294021000 rw-p 00000000 00:00 0 
7fc294021000-7fc298000000 ---p 00000000 00:00 0 
7fc298000000-7fc29824f000 rw-p 00000000 00:00 0 
7fc29824f000-7fc29c000000 ---p 00000000 00:00 0 
7fc29c000000-7fc29c021000 rw-p 00000000 00:00 0 
7fc29c021000-7fc2a0000000 ---p 00000000 00:00 0 
7fc2a4000000-7fc2a4021000 rw-p 00000000 00:00 0 
7fc2a4021000-7fc2a8000000 ---p 00000000 00:00 0 
7fc2ac000000-7fc2ac021000 rw-p 00000000 00:00 0 
7fc2ac021000-7fc2b0000000 ---p 00000000 00:00 0 
7fc2b132c000-7fc2b132f000 ---p 00000000 00:00 0 
7fc2b132f000-7fc2b142d000 rw-p 00000000 00:00 0                          [stack:14670]
7fc2b142d000-7fc2b1430000 ---p 00000000 00:00 0 
7fc2b1430000-7fc2b152e000 rw-p 00000000 00:00 0                          [stack:14669]
7fc2b152e000-7fc2b1545000 r-xp 00000000 08:01 319951                     /usr/lib/jvm/java-7-oracle/jre/lib/amd64/libnet.so
7fc2b1545000-7fc2b1744000 ---p 00017000 08:01 319951                     /usr/lib/jvm/java-7-oracle/jre/lib/amd64/libnet.so
7fc2b1744000-7fc2b1745000 rw-p 00016000 08:01 319951                     /usr/lib/jvm/java-7-oracle/jre/lib/amd64/libnet.so
7fc2b1745000-7fc2b1755000 r-xp 00000000 08:01 319955                     /usr/lib/jvm/java-7-oracle/jre/lib/amd64/libnio.so
7fc2b1755000-7fc2b1955000 ---p 00010000 08:01 319955                     /usr/lib/jvm/java-7-oracle/jre/lib/amd64/libnio.so
7fc2b1955000-7fc2b1956000 rw-p 00010000 08:01 319955                     /usr/lib/jvm/java-7-oracle/jre/lib/amd64/libnio.so
7fc2b1956000-7fc2b1957000 ---p 00000000 00:00 0 
7fc2b1957000-7fc2b1a57000 rw-p 00000000 00:00 0                          [stack:14668]
7fc2b1a57000-7fc2b1a5a000 ---p 00000000 00:00 0 
7fc2b1a5a000-7fc2b1b58000 rw-p 00000000 00:00 0                          [stack:14667]
7fc2b1b58000-7fc2b1b5b000 ---p 00000000 00:00 0 
7fc2b1b5b000-7fc2b1c59000 rw-p 00000000 00:00 0                          [stack:14666]
7fc2b1c59000-7fc2b1c5c000 ---p 00000000 00:00 0 
7fc2b1c5c000-7fc2b1d5a000 rw-p 00000000 00:00 0                          [stack:14665]
7fc2b1d5a000-7fc2b1d5d000 ---p 00000000 00:00 0 
7fc2b1d5d000-7fc2b1e5b000 rw-p 00000000 00:00 0                          [stack:14664]
7fc2b1e5b000-7fc2b282a000 r--p 00000000 08:01 137197                     /usr/lib/locale/locale-archive
7fc2b282a000-7fc2b282d000 ---p 00000000 00:00 0 
7fc2b282d000-7fc2b292b000 rw-p 00000000 00:00 0                          [stack:14663]
7fc2b292b000-7fc2b292e000 ---p 00000000 00:00 0 
7fc2b292e000-7fc2b2a2c000 rw-p 00000000 00:00 0                          [stack:14662]
7fc2b2a2c000-7fc2b2a2d000 ---p 00000000 00:00 0 
7fc2b2a2d000-7fc2b3a87000 rw-p 00000000 00:00 0                          [stack:14661]
7fc2b3a87000-7fc2b3c47000 r--s 039fb000 08:01 186254                     /usr/lib/jvm/java-7-oracle/jre/lib/rt.jar
7fc2b3c47000-7fc2b5000000 rw-p 00000000 00:00 0 
7fc2b5000000-7fc2b53e0000 rwxp 00000000 00:00 0 
7fc2b53e0000-7fc2b82ed000 rw-p 00000000 00:00 0 
7fc2b82ed000-7fc2bc000000 ---p 00000000 00:00 0 
7fc2bc02f000-7fc2bc100000 rw-p 00000000 00:00 0 
7fc2bc100000-7fc2bc101000 ---p 00000000 00:00 0 
7fc2bc101000-7fc2bc201000 rw-p 00000000 00:00 0                          [stack:14660]
7fc2bc201000-7fc2bc202000 ---p 00000000 00:00 0 
7fc2bc202000-7fc2bc302000 rw-p 00000000 00:00 0                          [stack:14659]
7fc2bc302000-7fc2bc303000 ---p 00000000 00:00 0 
7fc2bc303000-7fc2bc403000 rw-p 00000000 00:00 0                          [stack:14658]
7fc2bc403000-7fc2bc404000 ---p 00000000 00:00 0 
7fc2bc404000-7fc2bc50f000 rw-p 00000000 00:00 0                          [stack:14657]
7fc2bc50f000-7fc2bc52d000 rw-p 00000000 00:00 0 
7fc2bc52d000-7fc2bc593000 rw-p 00000000 00:00 0 
7fc2bc593000-7fc2bc5d8000 rw-p 00000000 00:00 0 
7fc2bc5d8000-7fc2bc5e3000 rw-p 00000000 00:00 0 
7fc2bc5e3000-7fc2bc601000 rw-p 00000000 00:00 0 
7fc2bc601000-7fc2bc667000 rw-p 00000000 00:00 0 
7fc2bc667000-7fc2bc6ab000 rw-p 00000000 00:00 0 
7fc2bc6ab000-7fc2bc6ff000 rw-p 00000000 00:00 0 
7fc2bc6ff000-7fc2bc701000 ---p 00000000 00:00 0 
7fc2bc701000-7fc2bc702000 rw-p 00000000 00:00 0 
7fc2bc702000-7fc2bc719000 r-xp 00000000 08:01 319925                     /usr/lib/jvm/java-7-oracle/jre/lib/amd64/libzip.so
7fc2bc719000-7fc2bc919000 ---p 00017000 08:01 319925                     /usr/lib/jvm/java-7-oracle/jre/lib/amd64/libzip.so
7fc2bc919000-7fc2bc91a000 rw-p 00017000 08:01 319925                     /usr/lib/jvm/java-7-oracle/jre/lib/amd64/libzip.so
7fc2bc91a000-7fc2bc925000 r-xp 00000000 08:01 29309                      /lib/x86_64-linux-gnu/libnss_files-2.19.so
7fc2bc925000-7fc2bcb24000 ---p 0000b000 08:01 29309                      /lib/x86_64-linux-gnu/libnss_files-2.19.so
7fc2bcb24000-7fc2bcb25000 r--p 0000a000 08:01 29309                      /lib/x86_64-linux-gnu/libnss_files-2.19.so
7fc2bcb25000-7fc2bcb26000 rw-p 0000b000 08:01 29309                      /lib/x86_64-linux-gnu/libnss_files-2.19.so
7fc2bcb26000-7fc2bcb31000 r-xp 00000000 08:01 30168                      /lib/x86_64-linux-gnu/libnss_nis-2.19.so
7fc2bcb31000-7fc2bcd30000 ---p 0000b000 08:01 30168                      /lib/x86_64-linux-gnu/libnss_nis-2.19.so
7fc2bcd30000-7fc2bcd31000 r--p 0000a000 08:01 30168                      /lib/x86_64-linux-gnu/libnss_nis-2.19.so
7fc2bcd31000-7fc2bcd32000 rw-p 0000b000 08:01 30168                      /lib/x86_64-linux-gnu/libnss_nis-2.19.so
7fc2bcd32000-7fc2bcd49000 r-xp 00000000 08:01 29402                      /lib/x86_64-linux-gnu/libnsl-2.19.so
7fc2bcd49000-7fc2bcf48000 ---p 00017000 08:01 29402                      /lib/x86_64-linux-gnu/libnsl-2.19.so
7fc2bcf48000-7fc2bcf49000 r--p 00016000 08:01 29402                      /lib/x86_64-linux-gnu/libnsl-2.19.so
7fc2bcf49000-7fc2bcf4a000 rw-p 00017000 08:01 29402                      /lib/x86_64-linux-gnu/libnsl-2.19.so
7fc2bcf4a000-7fc2bcf4c000 rw-p 00000000 00:00 0 
7fc2bcf4c000-7fc2bcf55000 r-xp 00000000 08:01 29401                      /lib/x86_64-linux-gnu/libnss_compat-2.19.so
7fc2bcf55000-7fc2bd154000 ---p 00009000 08:01 29401                      /lib/x86_64-linux-gnu/libnss_compat-2.19.so
7fc2bd154000-7fc2bd155000 r--p 00008000 08:01 29401                      /lib/x86_64-linux-gnu/libnss_compat-2.19.so
7fc2bd155000-7fc2bd156000 rw-p 00009000 08:01 29401                      /lib/x86_64-linux-gnu/libnss_compat-2.19.so
7fc2bd156000-7fc2bd17f000 r-xp 00000000 08:01 319976                     /usr/lib/jvm/java-7-oracle/jre/lib/amd64/libjava.so
7fc2bd17f000-7fc2bd37f000 ---p 00029000 08:01 319976                     /usr/lib/jvm/java-7-oracle/jre/lib/amd64/libjava.so
7fc2bd37f000-7fc2bd381000 rw-p 00029000 08:01 319976                     /usr/lib/jvm/java-7-oracle/jre/lib/amd64/libjava.so
7fc2bd381000-7fc2bd38e000 r-xp 00000000 08:01 319980                     /usr/lib/jvm/java-7-oracle/jre/lib/amd64/libverify.so
7fc2bd38e000-7fc2bd58d000 ---p 0000d000 08:01 319980                     /usr/lib/jvm/java-7-oracle/jre/lib/amd64/libverify.so
7fc2bd58d000-7fc2bd58f000 rw-p 0000c000 08:01 319980                     /usr/lib/jvm/java-7-oracle/jre/lib/amd64/libverify.so
7fc2bd58f000-7fc2bd596000 r-xp 00000000 08:01 29705                      /lib/x86_64-linux-gnu/librt-2.19.so
7fc2bd596000-7fc2bd795000 ---p 00007000 08:01 29705                      /lib/x86_64-linux-gnu/librt-2.19.so
7fc2bd795000-7fc2bd796000 r--p 00006000 08:01 29705                      /lib/x86_64-linux-gnu/librt-2.19.so
7fc2bd796000-7fc2bd797000 rw-p 00007000 08:01 29705                      /lib/x86_64-linux-gnu/librt-2.19.so
7fc2bd797000-7fc2bd89c000 r-xp 00000000 08:01 29308                      /lib/x86_64-linux-gnu/libm-2.19.so
7fc2bd89c000-7fc2bda9b000 ---p 00105000 08:01 29308                      /lib/x86_64-linux-gnu/libm-2.19.so
7fc2bda9b000-7fc2bda9c000 r--p 00104000 08:01 29308                      /lib/x86_64-linux-gnu/libm-2.19.so
7fc2bda9c000-7fc2bda9d000 rw-p 00105000 08:01 29308                      /lib/x86_64-linux-gnu/libm-2.19.so
7fc2bda9d000-7fc2be613000 r-xp 00000000 08:01 319929                     /usr/lib/jvm/java-7-oracle/jre/lib/amd64/server/libjvm.so
7fc2be613000-7fc2be812000 ---p 00b76000 08:01 319929                     /usr/lib/jvm/java-7-oracle/jre/lib/amd64/server/libjvm.so
7fc2be812000-7fc2be8d6000 rw-p 00b75000 08:01 319929                     /usr/lib/jvm/java-7-oracle/jre/lib/amd64/server/libjvm.so
7fc2be8d6000-7fc2be917000 rw-p 00000000 00:00 0 
7fc2be917000-7fc2bead2000 r-xp 00000000 08:01 29701                      /lib/x86_64-linux-gnu/libc-2.19.so
7fc2bead2000-7fc2becd1000 ---p 001bb000 08:01 29701                      /lib/x86_64-linux-gnu/libc-2.19.so
7fc2becd1000-7fc2becd5000 r--p 001ba000 08:01 29701                      /lib/x86_64-linux-gnu/libc-2.19.so
7fc2becd5000-7fc2becd7000 rw-p 001be000 08:01 29701                      /lib/x86_64-linux-gnu/libc-2.19.so
7fc2becd7000-7fc2becdc000 rw-p 00000000 00:00 0 
7fc2becdc000-7fc2becdf000 r-xp 00000000 08:01 29381                      /lib/x86_64-linux-gnu/libdl-2.19.so
7fc2becdf000-7fc2beede000 ---p 00003000 08:01 29381                      /lib/x86_64-linux-gnu/libdl-2.19.so
7fc2beede000-7fc2beedf000 r--p 00002000 08:01 29381                      /lib/x86_64-linux-gnu/libdl-2.19.so
7fc2beedf000-7fc2beee0000 rw-p 00003000 08:01 29381                      /lib/x86_64-linux-gnu/libdl-2.19.so
7fc2beee0000-7fc2beef5000 r-xp 00000000 08:01 186125                     /usr/lib/jvm/java-7-oracle/lib/amd64/jli/libjli.so
7fc2beef5000-7fc2bf0f4000 ---p 00015000 08:01 186125                     /usr/lib/jvm/java-7-oracle/lib/amd64/jli/libjli.so
7fc2bf0f4000-7fc2bf0f5000 rw-p 00014000 08:01 186125                     /usr/lib/jvm/java-7-oracle/lib/amd64/jli/libjli.so
7fc2bf0f5000-7fc2bf10e000 r-xp 00000000 08:01 29702                      /lib/x86_64-linux-gnu/libpthread-2.19.so
7fc2bf10e000-7fc2bf30d000 ---p 00019000 08:01 29702                      /lib/x86_64-linux-gnu/libpthread-2.19.so
7fc2bf30d000-7fc2bf30e000 r--p 00018000 08:01 29702                      /lib/x86_64-linux-gnu/libpthread-2.19.so
7fc2bf30e000-7fc2bf30f000 rw-p 00019000 08:01 29702                      /lib/x86_64-linux-gnu/libpthread-2.19.so
7fc2bf30f000-7fc2bf313000 rw-p 00000000 00:00 0 
7fc2bf313000-7fc2bf336000 r-xp 00000000 08:01 29456                      /lib/x86_64-linux-gnu/ld-2.19.so
7fc2bf342000-7fc2bf343000 rw-p 00000000 00:00 0 
7fc2bf343000-7fc2bf349000 r--s 00079000 08:01 111913                     /home/matteo/.titanium/mobilesdk/linux/5.0.2.GA/android/titanium.jar
7fc2bf349000-7fc2bf358000 r--s 000df000 08:01 791036                     /home/matteo/android-sdk-linux/build-tools/23.0.2/lib/dx.jar
7fc2bf358000-7fc2bf368000 rw-p 00000000 00:00 0 
7fc2bf368000-7fc2bf418000 rw-p 00000000 00:00 0 
7fc2bf418000-7fc2bf41b000 ---p 00000000 00:00 0 
7fc2bf41b000-7fc2bf529000 rw-p 00000000 00:00 0                          [stack:14656]
7fc2bf529000-7fc2bf531000 rw-s 00000000 08:01 157554                     /tmp/hsperfdata_matteo/14655
7fc2bf531000-7fc2bf532000 rw-p 00000000 00:00 0 
7fc2bf532000-7fc2bf533000 ---p 00000000 00:00 0 
7fc2bf533000-7fc2bf535000 rw-p 00000000 00:00 0 
7fc2bf535000-7fc2bf536000 r--p 00022000 08:01 29456                      /lib/x86_64-linux-gnu/ld-2.19.so
7fc2bf536000-7fc2bf537000 rw-p 00023000 08:01 29456                      /lib/x86_64-linux-gnu/ld-2.19.so
7fc2bf537000-7fc2bf538000 rw-p 00000000 00:00 0 
7fff93dca000-7fff93ded000 rw-p 00000000 00:00 0                          [stack]
7fff93dfc000-7fff93dfe000 r-xp 00000000 00:00 0                          [vdso]
ffffffffff600000-ffffffffff601000 r-xp 00000000 00:00 0                  [vsyscall]

VM Arguments:
jvm_args: -Xmx512M -XX:-UseGCOverheadLimit -Djava.ext.dirs=/home/matteo/android-sdk-linux/platform-tools 
java_command: /home/matteo/android-sdk-linux/build-tools/23.0.2/lib/dx.jar --dex --output=/home/matteo/dev/bookmarkpack-client-appcelerator/build/android/bin/classes.dex /home/matteo/dev/bookmarkpack-client-appcelerator/build/android/bin/classes /home/matteo/.titanium/mobilesdk/linux/5.0.2.GA/android/lib/titanium-verify.jar /home/matteo/.titanium/mobilesdk/linux/5.0.2.GA/android/kroll-v8.jar /home/matteo/.titanium/mobilesdk/linux/5.0.2.GA/android/modules/titanium-analytics.jar /home/matteo/.titanium/mobilesdk/linux/5.0.2.GA/android/aps-analytics.jar /home/matteo/.titanium/mobilesdk/linux/5.0.2.GA/android/modules/titanium-android.jar /home/matteo/.titanium/mobilesdk/linux/5.0.2.GA/android/jaxen-1.1.1.jar /home/matteo/.titanium/mobilesdk/linux/5.0.2.GA/android/ti-commons-codec-1.3.jar /home/matteo/.titanium/mobilesdk/linux/5.0.2.GA/android/kroll-common.jar /home/matteo/.titanium/mobilesdk/linux/5.0.2.GA/android/titanium.jar /home/matteo/.titanium/mobilesdk/linux/5.0.2.GA/android/modules/titanium-app.jar /home/matteo/.titanium/mobilesdk/linux/5.0.2.GA/android/modules/titanium-ui.jar /home/matteo/.titanium/mobilesdk/linux/5.0.2.GA/android/nineoldandroids-appc-2.4.0.jar /home/matteo/.titanium/mobilesdk/linux/5.0.2.GA/android/modules/titanium-filesystem.jar /home/matteo/.titanium/mobilesdk/linux/5.0.2.GA/android/modules/titanium-media.jar /home/matteo/.titanium/mobilesdk/linux/5.0.2.GA/android/modules/titanium-appcompat.jar /home/matteo/.titanium/mobilesdk/linux/5.0.2.GA/android/android-support-v4.jar /home/matteo/.titanium/mobilesdk/linux/5.0.2.GA/android/android-support-v7-appcompat.jar /home/matteo/.titanium/mobilesdk/linux/5.0.2.GA/android/modules/titanium-locale.jar /home/matteo/.titanium/mobilesdk/linux/5.0.2.GA/android/modules/titanium-network.jar /home/matteo/.titanium/mobilesdk/linux/5.0.2.GA/android/modules/titanium-xml.jar /home/matteo/.titanium/mobilesdk/linux/5.0.2.GA/android/modules/titanium-platform.jar /home/matteo/.titanium/mobilesdk/linux/5.0.2.GA/andr
Launcher Type: SUN_STANDARD

Environment Variables:
JAVA_HOME=/usr/lib/jvm/java-7-oracle
PATH=/usr/local/heroku/bin:/usr/local/sbin:/usr/local/bin:/usr/sbin:/usr/bin:/sbin:/bin:/usr/games:/usr/local/games:/usr/lib/jvm/java-7-oracle/bin:/usr/lib/jvm/java-7-oracle/db/bin:/usr/lib/jvm/java-7-oracle/jre/bin
SHELL=/usr/bin/fish
DISPLAY=:0.0

Signal Handlers:
SIGSEGV: [libjvm.so+0x9a3b20], sa_mask[0]=0x7ffbfeff, sa_flags=0x10000004
SIGBUS: [libjvm.so+0x9a3b20], sa_mask[0]=0x7ffbfeff, sa_flags=0x10000004
SIGFPE: [libjvm.so+0x81e740], sa_mask[0]=0x7ffbfeff, sa_flags=0x10000004
SIGPIPE: [libjvm.so+0x81e740], sa_mask[0]=0x7ffbfeff, sa_flags=0x10000004
SIGXFSZ: [libjvm.so+0x81e740], sa_mask[0]=0x7ffbfeff, sa_flags=0x10000004
SIGILL: [libjvm.so+0x81e740], sa_mask[0]=0x7ffbfeff, sa_flags=0x10000004
SIGUSR1: SIG_DFL, sa_mask[0]=0x00000000, sa_flags=0x00000000
SIGUSR2: [libjvm.so+0x81ffb0], sa_mask[0]=0x00000000, sa_flags=0x10000004
SIGHUP: [libjvm.so+0x8210d0], sa_mask[0]=0x7ffbfeff, sa_flags=0x10000004
SIGINT: [libjvm.so+0x8210d0], sa_mask[0]=0x7ffbfeff, sa_flags=0x10000004
SIGTERM: [libjvm.so+0x8210d0], sa_mask[0]=0x7ffbfeff, sa_flags=0x10000004
SIGQUIT: [libjvm.so+0x8210d0], sa_mask[0]=0x7ffbfeff, sa_flags=0x10000004


---------------  S Y S T E M  ---------------

OS:jessie/sid

uname:Linux 3.13.0-68-generic #111-Ubuntu SMP Fri Nov 6 18:17:06 UTC 2015 x86_64
libc:glibc 2.19 NPTL 2.19 
rlimit: STACK 8192k, CORE 0k, NPROC 31456, NOFILE 4096, AS infinity
load average:2,11 0,92 0,61

/proc/meminfo:
MemTotal:        4047988 kB
MemFree:          112984 kB
Buffers:            1948 kB
Cached:           170396 kB
SwapCached:            0 kB
Active:          3595360 kB
Inactive:         150888 kB
Active(anon):    3576800 kB
Inactive(anon):   127896 kB
Active(file):      18560 kB
Inactive(file):    22992 kB
Unevictable:          32 kB
Mlocked:              32 kB
SwapTotal:             0 kB
SwapFree:              0 kB
Dirty:               228 kB
Writeback:             0 kB
AnonPages:       3575072 kB
Mapped:           160128 kB
Shmem:            129704 kB
Slab:              55440 kB
SReclaimable:      20292 kB
SUnreclaim:        35148 kB
KernelStack:        5392 kB
PageTables:        76168 kB
NFS_Unstable:          0 kB
Bounce:                0 kB
WritebackTmp:          0 kB
CommitLimit:     2023992 kB
Committed_AS:   13175008 kB
VmallocTotal:   34359738367 kB
VmallocUsed:       56552 kB
VmallocChunk:   34359651200 kB
HardwareCorrupted:     0 kB
AnonHugePages:   1075200 kB
HugePages_Total:       0
HugePages_Free:        0
HugePages_Rsvd:        0
HugePages_Surp:        0
Hugepagesize:       2048 kB
DirectMap4k:       51136 kB
DirectMap2M:     4143104 kB


CPU:total 4 (4 cores per cpu, 1 threads per core) family 6 model 58 stepping 9, cmov, cx8, fxsr, mmx, sse, sse2, sse3, ssse3, sse4.1, sse4.2, popcnt, avx, aes, tsc, tscinvbit, tscinv

/proc/cpuinfo:
processor	: 0
vendor_id	: GenuineIntel
cpu family	: 6
model		: 58
model name	: Intel(R) Core(TM) i7-3632QM CPU @ 2.20GHz
stepping	: 9
microcode	: 0x19
cpu MHz		: 2195.018
cache size	: 6144 KB
physical id	: 0
siblings	: 4
core id		: 0
cpu cores	: 4
apicid		: 0
initial apicid	: 0
fpu		: yes
fpu_exception	: yes
cpuid level	: 13
wp		: yes
flags		: fpu vme de pse tsc msr pae mce cx8 apic sep mtrr pge mca cmov pat pse36 clflush mmx fxsr sse sse2 ht syscall nx rdtscp lm constant_tsc rep_good nopl xtopology nonstop_tsc pni pclmulqdq ssse3 cx16 sse4_1 sse4_2 popcnt aes xsave avx rdrand hypervisor lahf_lm
bogomips	: 4390.03
clflush size	: 64
cache_alignment	: 64
address sizes	: 36 bits physical, 48 bits virtual
power management:

processor	: 1
vendor_id	: GenuineIntel
cpu family	: 6
model		: 58
model name	: Intel(R) Core(TM) i7-3632QM CPU @ 2.20GHz
stepping	: 9
microcode	: 0x19
cpu MHz		: 2195.018
cache size	: 6144 KB
physical id	: 0
siblings	: 4
core id		: 1
cpu cores	: 4
apicid		: 1
initial apicid	: 1
fpu		: yes
fpu_exception	: yes
cpuid level	: 13
wp		: yes
flags		: fpu vme de pse tsc msr pae mce cx8 apic sep mtrr pge mca cmov pat pse36 clflush mmx fxsr sse sse2 ht syscall nx rdtscp lm constant_tsc rep_good nopl xtopology nonstop_tsc pni pclmulqdq ssse3 cx16 sse4_1 sse4_2 popcnt aes xsave avx rdrand hypervisor lahf_lm
bogomips	: 4390.03
clflush size	: 64
cache_alignment	: 64
address sizes	: 36 bits physical, 48 bits virtual
power management:

processor	: 2
vendor_id	: GenuineIntel
cpu family	: 6
model		: 58
model name	: Intel(R) Core(TM) i7-3632QM CPU @ 2.20GHz
stepping	: 9
microcode	: 0x19
cpu MHz		: 2195.018
cache size	: 6144 KB
physical id	: 0
siblings	: 4
core id		: 2
cpu cores	: 4
apicid		: 2
initial apicid	: 2
fpu		: yes
fpu_exception	: yes
cpuid level	: 13
wp		: yes
flags		: fpu vme de pse tsc msr pae mce cx8 apic sep mtrr pge mca cmov pat pse36 clflush mmx fxsr sse sse2 ht syscall nx rdtscp lm constant_tsc rep_good nopl xtopology nonstop_tsc pni pclmulqdq ssse3 cx16 sse4_1 sse4_2 popcnt aes xsave avx rdrand hypervisor lahf_lm
bogomips	: 4390.03
clflush size	: 64
cache_alignment	: 64
address sizes	: 36 bits physical, 48 bits virtual
power management:

processor	: 3
vendor_id	: GenuineIntel
cpu family	: 6
model		: 58
model name	: Intel(R) Core(TM) i7-3632QM CPU @ 2.20GHz
stepping	: 9
microcode	: 0x19
cpu MHz		: 2195.018
cache size	: 6144 KB
physical id	: 0
siblings	: 4
core id		: 3
cpu cores	: 4
apicid		: 3
initial apicid	: 3
fpu		: yes
fpu_exception	: yes
cpuid level	: 13
wp		: yes
flags		: fpu vme de pse tsc msr pae mce cx8 apic sep mtrr pge mca cmov pat pse36 clflush mmx fxsr sse sse2 ht syscall nx rdtscp lm constant_tsc rep_good nopl xtopology nonstop_tsc pni pclmulqdq ssse3 cx16 sse4_1 sse4_2 popcnt aes xsave avx rdrand hypervisor lahf_lm
bogomips	: 4390.03
clflush size	: 64
cache_alignment	: 64
address sizes	: 36 bits physical, 48 bits virtual
power management:



Memory: 4k page, physical 4047988k(112984k free), swap 0k(0k free)

vm_info: Java HotSpot(TM) 64-Bit Server VM (24.80-b11) for linux-amd64 JRE (1.7.0_80-b15), built on Apr 10 2015 19:53:14 by "java_re" with gcc 4.3.0 20080428 (Red Hat 4.3.0-8)

time: Mon Nov 16 11:58:16 2015
elapsed time: 11 seconds

